<?xml version="1.0" encoding="utf-8"?>
<TestRun id="2e9beca8-49b4-4795-8963-ce5aa4ad4397" name="water@X 2026-01-31 07:09:32" runUser="X\water" xmlns="http://microsoft.com/schemas/VisualStudio/TeamTest/2010">
  <Times creation="2026-01-31T07:09:32.4063833+01:00" queuing="2026-01-31T07:09:32.4063836+01:00" start="2026-01-31T07:09:31.2955014+01:00" finish="2026-01-31T07:09:32.4138836+01:00" />
  <TestSettings name="default" id="407e95e9-38e1-4ae7-b78d-2efb0aa6f761">
    <Deployment runDeploymentRoot="water_X_2026-01-31_07_09_32" />
  </TestSettings>
  <Results>
    <UnitTestResult executionId="587bd82f-1bd4-45ac-8caf-26ca87389641" testId="6059430e-d2e1-c5eb-2f50-3c63bc96810f" testName="MusicEngineEditor.Tests.Audio.PatternSmokeTests.SinePattern_ShouldHitExpectedFrequenciesAndLevels" computerName="X" duration="00:00:00.0047311" startTime="2026-01-31T07:09:32.1932732+01:00" endTime="2026-01-31T07:09:32.1932734+01:00" testType="13cdc9d9-ddb5-4fa4-a97d-d965ccfc6d4b" outcome="Passed" testListId="8c84fa94-04c1-424b-9868-57a2d4851a1d" relativeResultsDirectory="587bd82f-1bd4-45ac-8caf-26ca87389641" />
    <UnitTestResult executionId="18066593-3b28-4a6e-999f-842336a9c590" testId="e7d7de9c-9504-2676-d8d9-60fc2060f57d" testName="MusicEngineEditor.Tests.Audio.AudioAnalysisSmokeTests.GeneratedSine_ShouldReportDominantFrequency" computerName="X" duration="00:00:00.0046866" startTime="2026-01-31T07:09:32.1892868+01:00" endTime="2026-01-31T07:09:32.1893334+01:00" testType="13cdc9d9-ddb5-4fa4-a97d-d965ccfc6d4b" outcome="Passed" testListId="8c84fa94-04c1-424b-9868-57a2d4851a1d" relativeResultsDirectory="18066593-3b28-4a6e-999f-842336a9c590" />
  </Results>
  <TestDefinitions>
    <UnitTest name="MusicEngineEditor.Tests.Audio.PatternSmokeTests.SinePattern_ShouldHitExpectedFrequenciesAndLevels" storage="c:\users\water\riderprojects\musiceditor\musicengineeditor.tests\bin\release\net10.0-windows\musicengineeditor.tests.dll" id="6059430e-d2e1-c5eb-2f50-3c63bc96810f">
      <Execution id="587bd82f-1bd4-45ac-8caf-26ca87389641" />
      <TestMethod codeBase="C:\Users\water\RiderProjects\MusicEditor\MusicEngineEditor.Tests\bin\Release\net10.0-windows\MusicEngineEditor.Tests.dll" adapterTypeName="executor://xunit/VsTestRunner2/netcoreapp" className="MusicEngineEditor.Tests.Audio.PatternSmokeTests" name="SinePattern_ShouldHitExpectedFrequenciesAndLevels" />
    </UnitTest>
    <UnitTest name="MusicEngineEditor.Tests.Audio.AudioAnalysisSmokeTests.GeneratedSine_ShouldReportDominantFrequency" storage="c:\users\water\riderprojects\musiceditor\musicengineeditor.tests\bin\release\net10.0-windows\musicengineeditor.tests.dll" id="e7d7de9c-9504-2676-d8d9-60fc2060f57d">
      <Execution id="18066593-3b28-4a6e-999f-842336a9c590" />
      <TestMethod codeBase="C:\Users\water\RiderProjects\MusicEditor\MusicEngineEditor.Tests\bin\Release\net10.0-windows\MusicEngineEditor.Tests.dll" adapterTypeName="executor://xunit/VsTestRunner2/netcoreapp" className="MusicEngineEditor.Tests.Audio.AudioAnalysisSmokeTests" name="GeneratedSine_ShouldReportDominantFrequency" />
    </UnitTest>
  </TestDefinitions>
  <TestEntries>
    <TestEntry testId="6059430e-d2e1-c5eb-2f50-3c63bc96810f" executionId="587bd82f-1bd4-45ac-8caf-26ca87389641" testListId="8c84fa94-04c1-424b-9868-57a2d4851a1d" />
    <TestEntry testId="e7d7de9c-9504-2676-d8d9-60fc2060f57d" executionId="18066593-3b28-4a6e-999f-842336a9c590" testListId="8c84fa94-04c1-424b-9868-57a2d4851a1d" />
  </TestEntries>
  <TestLists>
    <TestList name="Results Not in a List" id="8c84fa94-04c1-424b-9868-57a2d4851a1d" />
    <TestList name="All Loaded Results" id="19431567-8539-422a-85d7-44ee4e166bda" />
  </TestLists>
  <ResultSummary outcome="Completed">
    <Counters total="2" executed="2" passed="2" failed="0" error="0" timeout="0" aborted="0" inconclusive="0" passedButRunAborted="0" notRunnable="0" notExecuted="0" disconnected="0" warning="0" completed="0" inProgress="0" pending="0" />
    <Output>
      <StdOut>[xUnit.net 00:00:00.00] xUnit.net VSTest Adapter v2.5.7+8f2703126a (64-bit .NET 10.0.2)&#xD;
[xUnit.net 00:00:00.11]   Discovering: MusicEngineEditor.Tests&#xD;
[xUnit.net 00:00:00.19]   Discovered:  MusicEngineEditor.Tests&#xD;
[xUnit.net 00:00:00.20]   Starting:    MusicEngineEditor.Tests&#xD;
[xUnit.net 00:00:00.28]   Finished:    MusicEngineEditor.Tests&#xD;
</StdOut>
    </Output>
  </ResultSummary>
</TestRun>