<?xml version="1.0" encoding="utf-8"?>
<TestRun id="0521a168-df9f-4324-b091-b27358dfc21b" name="water@X 2026-01-31 07:16:35" runUser="X\water" xmlns="http://microsoft.com/schemas/VisualStudio/TeamTest/2010">
  <Times creation="2026-01-31T07:16:35.7055450+01:00" queuing="2026-01-31T07:16:35.7055455+01:00" start="2026-01-31T07:16:34.5845180+01:00" finish="2026-01-31T07:16:35.7136859+01:00" />
  <TestSettings name="default" id="36802a69-a82c-4155-8269-8ea4ca1edaca">
    <Deployment runDeploymentRoot="water_X_2026-01-31_07_16_35" />
  </TestSettings>
  <Results>
    <UnitTestResult executionId="807c2ab1-3598-4c73-ab24-258427305969" testId="8c14ff20-df3c-27e1-d3b3-30cf255c8f0b" testName="MusicEngineEditor.Tests.Perf.PerformanceSmokeTests.ProjectCreation_ShouldStayFast_And_LowMemory" computerName="X" duration="00:00:00.0088698" startTime="2026-01-31T07:16:35.4859821+01:00" endTime="2026-01-31T07:16:35.4860650+01:00" testType="13cdc9d9-ddb5-4fa4-a97d-d965ccfc6d4b" outcome="Passed" testListId="8c84fa94-04c1-424b-9868-57a2d4851a1d" relativeResultsDirectory="807c2ab1-3598-4c73-ab24-258427305969" />
    <UnitTestResult executionId="5b76dbb2-18af-4e86-b7e0-e20ca6102708" testId="206fae4e-b464-df86-3e2e-9a64c5a334da" testName="MusicEngineEditor.Tests.Perf.PerformanceSmokeTests.AudioAnalysis_ShouldStayFast" computerName="X" duration="00:00:00.0020458" startTime="2026-01-31T07:16:35.4920661+01:00" endTime="2026-01-31T07:16:35.4920662+01:00" testType="13cdc9d9-ddb5-4fa4-a97d-d965ccfc6d4b" outcome="Passed" testListId="8c84fa94-04c1-424b-9868-57a2d4851a1d" relativeResultsDirectory="5b76dbb2-18af-4e86-b7e0-e20ca6102708" />
  </Results>
  <TestDefinitions>
    <UnitTest name="MusicEngineEditor.Tests.Perf.PerformanceSmokeTests.AudioAnalysis_ShouldStayFast" storage="c:\users\water\riderprojects\musiceditor\musicengineeditor.tests\bin\release\net10.0-windows\musicengineeditor.tests.dll" id="206fae4e-b464-df86-3e2e-9a64c5a334da">
      <Execution id="5b76dbb2-18af-4e86-b7e0-e20ca6102708" />
      <TestMethod codeBase="C:\Users\water\RiderProjects\MusicEditor\MusicEngineEditor.Tests\bin\Release\net10.0-windows\MusicEngineEditor.Tests.dll" adapterTypeName="executor://xunit/VsTestRunner2/netcoreapp" className="MusicEngineEditor.Tests.Perf.PerformanceSmokeTests" name="AudioAnalysis_ShouldStayFast" />
    </UnitTest>
    <UnitTest name="MusicEngineEditor.Tests.Perf.PerformanceSmokeTests.ProjectCreation_ShouldStayFast_And_LowMemory" storage="c:\users\water\riderprojects\musiceditor\musicengineeditor.tests\bin\release\net10.0-windows\musicengineeditor.tests.dll" id="8c14ff20-df3c-27e1-d3b3-30cf255c8f0b">
      <Execution id="807c2ab1-3598-4c73-ab24-258427305969" />
      <TestMethod codeBase="C:\Users\water\RiderProjects\MusicEditor\MusicEngineEditor.Tests\bin\Release\net10.0-windows\MusicEngineEditor.Tests.dll" adapterTypeName="executor://xunit/VsTestRunner2/netcoreapp" className="MusicEngineEditor.Tests.Perf.PerformanceSmokeTests" name="ProjectCreation_ShouldStayFast_And_LowMemory" />
    </UnitTest>
  </TestDefinitions>
  <TestEntries>
    <TestEntry testId="8c14ff20-df3c-27e1-d3b3-30cf255c8f0b" executionId="807c2ab1-3598-4c73-ab24-258427305969" testListId="8c84fa94-04c1-424b-9868-57a2d4851a1d" />
    <TestEntry testId="206fae4e-b464-df86-3e2e-9a64c5a334da" executionId="5b76dbb2-18af-4e86-b7e0-e20ca6102708" testListId="8c84fa94-04c1-424b-9868-57a2d4851a1d" />
  </TestEntries>
  <TestLists>
    <TestList name="Results Not in a List" id="8c84fa94-04c1-424b-9868-57a2d4851a1d" />
    <TestList name="All Loaded Results" id="19431567-8539-422a-85d7-44ee4e166bda" />
  </TestLists>
  <ResultSummary outcome="Completed">
    <Counters total="2" executed="2" passed="2" failed="0" error="0" timeout="0" aborted="0" inconclusive="0" passedButRunAborted="0" notRunnable="0" notExecuted="0" disconnected="0" warning="0" completed="0" inProgress="0" pending="0" />
    <Output>
      <StdOut>[xUnit.net 00:00:00.00] xUnit.net VSTest Adapter v2.5.7+8f2703126a (64-bit .NET 10.0.2)&#xD;
[xUnit.net 00:00:00.11]   Discovering: MusicEngineEditor.Tests&#xD;
[xUnit.net 00:00:00.19]   Discovered:  MusicEngineEditor.Tests&#xD;
[xUnit.net 00:00:00.20]   Starting:    MusicEngineEditor.Tests&#xD;
[xUnit.net 00:00:00.29]   Finished:    MusicEngineEditor.Tests&#xD;
</StdOut>
    </Output>
  </ResultSummary>
</TestRun>