<?xml version="1.0" encoding="utf-8"?>
<TestRun id="e45e4e72-3167-4664-9352-8c119e736684" name="water@X 2026-01-31 07:16:27" runUser="X\water" xmlns="http://microsoft.com/schemas/VisualStudio/TeamTest/2010">
  <Times creation="2026-01-31T07:16:27.8564372+01:00" queuing="2026-01-31T07:16:27.8564378+01:00" start="2026-01-31T07:16:26.3964849+01:00" finish="2026-01-31T07:16:29.7164615+01:00" />
  <TestSettings name="default" id="21f955c7-a8e5-4462-93ac-44850fd8200d">
    <Deployment runDeploymentRoot="water_X_2026-01-31_07_16_27" />
  </TestSettings>
  <Results>
    <UnitTestResult executionId="fddf791d-eff9-4433-ac02-539429474353" testId="d2ed7105-59b1-bd22-0c92-903b4b06c99b" testName="MusicEngineEditor.Tests.Services.SettingsServiceTests.EditorSettings_AvailableThemes_ShouldContainDarkAndLight" computerName="X" duration="00:00:00.0062970" startTime="2026-01-31T07:16:27.7662703+01:00" endTime="2026-01-31T07:16:27.7662708+01:00" testType="13cdc9d9-ddb5-4fa4-a97d-d965ccfc6d4b" outcome="Passed" testListId="8c84fa94-04c1-424b-9868-57a2d4851a1d" relativeResultsDirectory="fddf791d-eff9-4433-ac02-539429474353" />
    <UnitTestResult executionId="1d8a1975-1554-4bda-b79b-e0d899a6776c" testId="340f6c5e-50c4-2001-fd71-b6d8776c180e" testName="MusicEngineEditor.Tests.Services.ProjectServiceTests.CloseProjectAsync_ShouldRaiseProjectClosedEvent" computerName="X" duration="00:00:00.0190591" startTime="2026-01-31T07:16:29.5674369+01:00" endTime="2026-01-31T07:16:29.5674379+01:00" testType="13cdc9d9-ddb5-4fa4-a97d-d965ccfc6d4b" outcome="Passed" testListId="8c84fa94-04c1-424b-9868-57a2d4851a1d" relativeResultsDirectory="1d8a1975-1554-4bda-b79b-e0d899a6776c" />
    <UnitTestResult executionId="e505a0e4-491e-4edd-8478-d75cb2cb46b9" testId="206fae4e-b464-df86-3e2e-9a64c5a334da" testName="MusicEngineEditor.Tests.Perf.PerformanceSmokeTests.AudioAnalysis_ShouldStayFast" computerName="X" duration="00:00:00.0026135" startTime="2026-01-31T07:16:27.4540962+01:00" endTime="2026-01-31T07:16:27.4540963+01:00" testType="13cdc9d9-ddb5-4fa4-a97d-d965ccfc6d4b" outcome="Passed" testListId="8c84fa94-04c1-424b-9868-57a2d4851a1d" relativeResultsDirectory="e505a0e4-491e-4edd-8478-d75cb2cb46b9" />
    <UnitTestResult executionId="d35c6147-eba0-4009-a4c2-1b47877a1fdc" testId="c31ef46d-6984-ba93-c555-f0b24a023cee" testName="MusicEngineEditor.Tests.Services.ProjectServiceTests.SaveProjectAsync_ShouldPersistScriptsList" computerName="X" duration="00:00:00.0765620" startTime="2026-01-31T07:16:28.9228985+01:00" endTime="2026-01-31T07:16:28.9228989+01:00" testType="13cdc9d9-ddb5-4fa4-a97d-d965ccfc6d4b" outcome="Passed" testListId="8c84fa94-04c1-424b-9868-57a2d4851a1d" relativeResultsDirectory="d35c6147-eba0-4009-a4c2-1b47877a1fdc" />
    <UnitTestResult executionId="de78e44e-f486-48ca-837d-b7e288d3ea1a" testId="41dcff17-e569-036e-fe85-f97382a800df" testName="MusicEngineEditor.Tests.Services.ProjectServiceTests.OpenProjectAsync_ShouldLoadSettings" computerName="X" duration="00:00:00.0757194" startTime="2026-01-31T07:16:28.1423190+01:00" endTime="2026-01-31T07:16:28.1423193+01:00" testType="13cdc9d9-ddb5-4fa4-a97d-d965ccfc6d4b" outcome="Passed" testListId="8c84fa94-04c1-424b-9868-57a2d4851a1d" relativeResultsDirectory="de78e44e-f486-48ca-837d-b7e288d3ea1a" />
    <UnitTestResult executionId="394878af-4dd5-4d8b-9835-b7c323939faa" testId="bab174dd-b86d-17a0-5752-e8501b9a6671" testName="MusicEngineEditor.Tests.Services.ProjectServiceTests.CreateProjectAsync_ShouldRaiseProjectLoadedEvent" computerName="X" duration="00:00:00.1653270" startTime="2026-01-31T07:16:27.5770083+01:00" endTime="2026-01-31T07:16:27.5770088+01:00" testType="13cdc9d9-ddb5-4fa4-a97d-d965ccfc6d4b" outcome="Passed" testListId="8c84fa94-04c1-424b-9868-57a2d4851a1d" relativeResultsDirectory="394878af-4dd5-4d8b-9835-b7c323939faa" />
    <UnitTestResult executionId="c2e3356c-2bb1-4bc8-84c8-2154141a2ebf" testId="dd449465-a161-d3e3-ebc6-54ebdec0c510" testName="MusicEngineEditor.Tests.ViewModels.MainViewModelTests.CurrentProject_ShouldRaisePropertyChanged" computerName="X" duration="00:00:00.0012048" startTime="2026-01-31T07:16:28.1183098+01:00" endTime="2026-01-31T07:16:28.1183104+01:00" testType="13cdc9d9-ddb5-4fa4-a97d-d965ccfc6d4b" outcome="Passed" testListId="8c84fa94-04c1-424b-9868-57a2d4851a1d" relativeResultsDirectory="c2e3356c-2bb1-4bc8-84c8-2154141a2ebf" />
    <UnitTestResult executionId="9ab521ea-f4e1-46ab-bec5-923654e30fb6" testId="6c0e2a33-3c1f-3edc-4ea9-e02fb6b9095d" testName="MusicEngineEditor.Tests.Services.SettingsServiceTests.EditorSettings_AvailableFontSizes_ShouldContainReasonableRange" computerName="X" duration="00:00:00.0053632" startTime="2026-01-31T07:16:27.6778145+01:00" endTime="2026-01-31T07:16:27.6778145+01:00" testType="13cdc9d9-ddb5-4fa4-a97d-d965ccfc6d4b" outcome="Passed" testListId="8c84fa94-04c1-424b-9868-57a2d4851a1d" relativeResultsDirectory="9ab521ea-f4e1-46ab-bec5-923654e30fb6" />
    <UnitTestResult executionId="c0a2dc6e-8489-4495-98ae-f7bc1aeba827" testId="1ff999d6-0dbd-2602-c467-bd17eb243ed3" testName="MusicEngineEditor.Tests.ViewModels.MainViewModelTests.ReplaceCommand_ShouldExist" computerName="X" duration="00:00:00.0008998" startTime="2026-01-31T07:16:28.1420533+01:00" endTime="2026-01-31T07:16:28.1420541+01:00" testType="13cdc9d9-ddb5-4fa4-a97d-d965ccfc6d4b" outcome="Passed" testListId="8c84fa94-04c1-424b-9868-57a2d4851a1d" relativeResultsDirectory="c0a2dc6e-8489-4495-98ae-f7bc1aeba827" />
    <UnitTestResult executionId="77457557-6151-4f33-8e47-0e6f365f2168" testId="96fc1b2e-6de0-b819-b83f-2c7641face21" testName="MusicEngineEditor.Tests.ViewModels.MainViewModelTests.Constructor_ShouldInitializeOpenDocumentsCollection" computerName="X" duration="00:00:00.0020913" startTime="2026-01-31T07:16:28.1033278+01:00" endTime="2026-01-31T07:16:28.1033281+01:00" testType="13cdc9d9-ddb5-4fa4-a97d-d965ccfc6d4b" outcome="Passed" testListId="8c84fa94-04c1-424b-9868-57a2d4851a1d" relativeResultsDirectory="77457557-6151-4f33-8e47-0e6f365f2168" />
    <UnitTestResult executionId="b56410e6-bd36-43f2-87c2-c643d6ff5f08" testId="e43fec9f-6356-9a5e-8002-2eb90248b5dd" testName="MusicEngineEditor.Tests.Services.SettingsServiceTests.DefaultSettings_WordWrap_ShouldBeFalse" computerName="X" duration="00:00:00.0120254" startTime="2026-01-31T07:16:27.7789749+01:00" endTime="2026-01-31T07:16:27.7789755+01:00" testType="13cdc9d9-ddb5-4fa4-a97d-d965ccfc6d4b" outcome="Passed" testListId="8c84fa94-04c1-424b-9868-57a2d4851a1d" relativeResultsDirectory="b56410e6-bd36-43f2-87c2-c643d6ff5f08" />
    <UnitTestResult executionId="d40e1461-62c7-4b08-a937-17fd08cb2d17" testId="9649b404-62e0-a41d-24f0-eb5f4e9f1c48" testName="MusicEngineEditor.Tests.ViewModels.MainViewModelTests.ActiveDocument_ShouldRaisePropertyChanged" computerName="X" duration="00:00:00.0015513" startTime="2026-01-31T07:16:28.1117114+01:00" endTime="2026-01-31T07:16:28.1117121+01:00" testType="13cdc9d9-ddb5-4fa4-a97d-d965ccfc6d4b" outcome="Passed" testListId="8c84fa94-04c1-424b-9868-57a2d4851a1d" relativeResultsDirectory="d40e1461-62c7-4b08-a937-17fd08cb2d17" />
    <UnitTestResult executionId="006a61bb-94bd-4034-a9a0-46023fe7418a" testId="47b4a137-8bc9-7c2a-5673-4b2e5481178a" testName="MusicEngineEditor.Tests.Services.SettingsServiceTests.DefaultSettings_DefaultProjectLocation_ShouldBeInDocuments" computerName="X" duration="00:00:00.0099098" startTime="2026-01-31T07:16:27.9915741+01:00" endTime="2026-01-31T07:16:27.9915747+01:00" testType="13cdc9d9-ddb5-4fa4-a97d-d965ccfc6d4b" outcome="Passed" testListId="8c84fa94-04c1-424b-9868-57a2d4851a1d" relativeResultsDirectory="006a61bb-94bd-4034-a9a0-46023fe7418a" />
    <UnitTestResult executionId="71b0abcc-e36e-40aa-bf19-4e88a40ada5b" testId="71445691-ae91-c4cb-d7b7-a6838e04b13e" testName="MusicEngineEditor.Tests.Services.SettingsServiceTests.SaveSettingsAsync_ShouldPersistEditorSettings" computerName="X" duration="00:00:00.0105157" startTime="2026-01-31T07:16:27.9126896+01:00" endTime="2026-01-31T07:16:27.9126900+01:00" testType="13cdc9d9-ddb5-4fa4-a97d-d965ccfc6d4b" outcome="Passed" testListId="8c84fa94-04c1-424b-9868-57a2d4851a1d" relativeResultsDirectory="71b0abcc-e36e-40aa-bf19-4e88a40ada5b" />
    <UnitTestResult executionId="7964dbb2-e460-4230-b899-f3f4d6838668" testId="0aceb781-f283-9f34-3ddd-3d6fded2e002" testName="MusicEngineEditor.Tests.ViewModels.MainViewModelTests.OnOutputReceived_ShouldAppendToOutput" computerName="X" duration="00:00:00.0020160" startTime="2026-01-31T07:16:28.1055075+01:00" endTime="2026-01-31T07:16:28.1055078+01:00" testType="13cdc9d9-ddb5-4fa4-a97d-d965ccfc6d4b" outcome="Passed" testListId="8c84fa94-04c1-424b-9868-57a2d4851a1d" relativeResultsDirectory="7964dbb2-e460-4230-b899-f3f4d6838668" />
    <UnitTestResult executionId="270787da-55f7-4bf5-9917-5bf93f09b28c" testId="aa1d7141-1623-6a7c-8b5b-2f4515f19080" testName="MusicEngineEditor.Tests.Services.SettingsServiceTests.DefaultSettings_AudioBufferSize_ShouldBe512" computerName="X" duration="00:00:00.0125515" startTime="2026-01-31T07:16:27.8815502+01:00" endTime="2026-01-31T07:16:27.8815509+01:00" testType="13cdc9d9-ddb5-4fa4-a97d-d965ccfc6d4b" outcome="Passed" testListId="8c84fa94-04c1-424b-9868-57a2d4851a1d" relativeResultsDirectory="270787da-55f7-4bf5-9917-5bf93f09b28c" />
    <UnitTestResult executionId="9f56b594-80d5-4f83-b4d0-944e456b9c6c" testId="38399936-2518-9904-e472-e0055551a125" testName="MusicEngineEditor.Tests.Services.ProjectServiceTests.CreateProjectAsync_ShouldCreateAudioSubdirectory" computerName="X" duration="00:00:00.0292031" startTime="2026-01-31T07:16:29.0124697+01:00" endTime="2026-01-31T07:16:29.0124706+01:00" testType="13cdc9d9-ddb5-4fa4-a97d-d965ccfc6d4b" outcome="Passed" testListId="8c84fa94-04c1-424b-9868-57a2d4851a1d" relativeResultsDirectory="9f56b594-80d5-4f83-b4d0-944e456b9c6c" />
    <UnitTestResult executionId="0252e1e1-3633-4e1e-b65f-316e4be5f7f8" testId="cdf0984f-3cf3-20f5-da34-b64d69ae4745" testName="MusicEngineEditor.Tests.Services.ProjectServiceTests.OpenProjectAsync_ShouldLoadScripts" computerName="X" duration="00:00:00.0443577" startTime="2026-01-31T07:16:29.2649700+01:00" endTime="2026-01-31T07:16:29.2649706+01:00" testType="13cdc9d9-ddb5-4fa4-a97d-d965ccfc6d4b" outcome="Passed" testListId="8c84fa94-04c1-424b-9868-57a2d4851a1d" relativeResultsDirectory="0252e1e1-3633-4e1e-b65f-316e4be5f7f8" />
    <UnitTestResult executionId="78635137-c8d8-4c6e-901c-ed7ef5421692" testId="a2cac393-ab17-86eb-a1f3-8d8b2487cd92" testName="MusicEngineEditor.Tests.Services.ProjectServiceTests.SaveProjectAsync_ShouldUpdateModifiedDate" computerName="X" duration="00:00:00.0569478" startTime="2026-01-31T07:16:29.5087024+01:00" endTime="2026-01-31T07:16:29.5087032+01:00" testType="13cdc9d9-ddb5-4fa4-a97d-d965ccfc6d4b" outcome="Passed" testListId="8c84fa94-04c1-424b-9868-57a2d4851a1d" relativeResultsDirectory="78635137-c8d8-4c6e-901c-ed7ef5421692" />
    <UnitTestResult executionId="571d5802-de6d-4588-a62d-d425fbf8e43c" testId="53b3e436-fa92-4cb2-edaf-cc93e6c3b2b1" testName="MusicEngineEditor.Tests.Services.SettingsServiceTests.ResetToDefaults_ShouldUpdateSettingsProperty" computerName="X" duration="00:00:00.0037183" startTime="2026-01-31T07:16:27.8855311+01:00" endTime="2026-01-31T07:16:27.8855316+01:00" testType="13cdc9d9-ddb5-4fa4-a97d-d965ccfc6d4b" outcome="Passed" testListId="8c84fa94-04c1-424b-9868-57a2d4851a1d" relativeResultsDirectory="571d5802-de6d-4588-a62d-d425fbf8e43c" />
    <UnitTestResult executionId="c60f59c6-5c67-4f6e-80e9-2451cfac0e35" testId="111a60ce-60fd-01c3-be90-4e5096918335" testName="MusicEngineEditor.Tests.Services.ProjectServiceTests.CloseProjectAsync_ShouldSaveIfDirty" computerName="X" duration="00:00:00.0664791" startTime="2026-01-31T07:16:29.3317225+01:00" endTime="2026-01-31T07:16:29.3317232+01:00" testType="13cdc9d9-ddb5-4fa4-a97d-d965ccfc6d4b" outcome="Passed" testListId="8c84fa94-04c1-424b-9868-57a2d4851a1d" relativeResultsDirectory="c60f59c6-5c67-4f6e-80e9-2451cfac0e35" />
    <UnitTestResult executionId="312561d1-cfed-4a87-bb2b-4cadb7e9a3d7" testId="497e2119-3254-a7a0-bd82-dfe6fd39510a" testName="MusicEngineEditor.Tests.Services.ProjectServiceTests.ImportAudioAsync_ShouldCopyFileToProjectDirectory" computerName="X" duration="00:00:00.0508480" startTime="2026-01-31T07:16:29.0934501+01:00" endTime="2026-01-31T07:16:29.0934505+01:00" testType="13cdc9d9-ddb5-4fa4-a97d-d965ccfc6d4b" outcome="Passed" testListId="8c84fa94-04c1-424b-9868-57a2d4851a1d" relativeResultsDirectory="312561d1-cfed-4a87-bb2b-4cadb7e9a3d7" />
    <UnitTestResult executionId="6d6fdf27-c3fa-4b42-873e-f8eb30aa0a11" testId="896ad4bc-4828-2b46-3a2f-3990edf30caf" testName="MusicEngineEditor.Tests.Services.SettingsServiceTests.AudioSettings_AvailableSampleRates_ShouldContainCommonRates" computerName="X" duration="00:00:00.0044507" startTime="2026-01-31T07:16:27.9556705+01:00" endTime="2026-01-31T07:16:27.9556708+01:00" testType="13cdc9d9-ddb5-4fa4-a97d-d965ccfc6d4b" outcome="Passed" testListId="8c84fa94-04c1-424b-9868-57a2d4851a1d" relativeResultsDirectory="6d6fdf27-c3fa-4b42-873e-f8eb30aa0a11" />
    <UnitTestResult executionId="3087f8ff-d567-46b1-93db-d141da374efc" testId="1eb55637-2821-289c-703c-d69d0507a1fa" testName="MusicEngineEditor.Tests.Services.SettingsServiceTests.GetMidiOutputDevices_ShouldReturnAtLeastNone" computerName="X" duration="00:00:00.0175328" startTime="2026-01-31T07:16:27.6768101+01:00" endTime="2026-01-31T07:16:27.6768103+01:00" testType="13cdc9d9-ddb5-4fa4-a97d-d965ccfc6d4b" outcome="Passed" testListId="8c84fa94-04c1-424b-9868-57a2d4851a1d" relativeResultsDirectory="3087f8ff-d567-46b1-93db-d141da374efc" />
    <UnitTestResult executionId="54ec5dd1-b9aa-43f1-a325-986145058f42" testId="2f7e95ea-9708-407a-42dd-66917ef996d5" testName="MusicEngineEditor.Tests.Services.ProjectServiceTests.CreateScript_ShouldSetIsDirtyToTrue" computerName="X" duration="00:00:00.0319220" startTime="2026-01-31T07:16:28.7923680+01:00" endTime="2026-01-31T07:16:28.7923685+01:00" testType="13cdc9d9-ddb5-4fa4-a97d-d965ccfc6d4b" outcome="Passed" testListId="8c84fa94-04c1-424b-9868-57a2d4851a1d" relativeResultsDirectory="54ec5dd1-b9aa-43f1-a325-986145058f42" />
    <UnitTestResult executionId="ae86421b-9cd5-430d-a61f-fdfdfe466286" testId="42ae0080-8397-1c9b-d8d3-de787d0fa883" testName="MusicEngineEditor.Tests.Services.ProjectServiceTests.SaveProjectAsync_ShouldPersistProjectName" computerName="X" duration="00:00:00.0779117" startTime="2026-01-31T07:16:28.2204508+01:00" endTime="2026-01-31T07:16:28.2204513+01:00" testType="13cdc9d9-ddb5-4fa4-a97d-d965ccfc6d4b" outcome="Passed" testListId="8c84fa94-04c1-424b-9868-57a2d4851a1d" relativeResultsDirectory="ae86421b-9cd5-430d-a61f-fdfdfe466286" />
    <UnitTestResult executionId="72378af2-7acd-4022-a4da-8ec09b5cc655" testId="8b20ce74-44e5-356f-5dcd-0e592465aae0" testName="MusicEngineEditor.Tests.ViewModels.MainViewModelTests.OnProjectLoaded_ShouldLoadProjectInExplorer" computerName="X" duration="00:00:00.0008393" startTime="2026-01-31T07:16:28.1153736+01:00" endTime="2026-01-31T07:16:28.1153739+01:00" testType="13cdc9d9-ddb5-4fa4-a97d-d965ccfc6d4b" outcome="Passed" testListId="8c84fa94-04c1-424b-9868-57a2d4851a1d" relativeResultsDirectory="72378af2-7acd-4022-a4da-8ec09b5cc655" />
    <UnitTestResult executionId="b51aeb93-7939-45c6-9f9f-147ccc0ef136" testId="e91d9f1a-ba83-eecf-603d-fae8f28220cb" testName="MusicEngineEditor.Tests.ViewModels.MainViewModelTests.NewFileCommand_ShouldExist" computerName="X" duration="00:00:00.0054002" startTime="2026-01-31T07:16:28.0752492+01:00" endTime="2026-01-31T07:16:28.0752498+01:00" testType="13cdc9d9-ddb5-4fa4-a97d-d965ccfc6d4b" outcome="Passed" testListId="8c84fa94-04c1-424b-9868-57a2d4851a1d" relativeResultsDirectory="b51aeb93-7939-45c6-9f9f-147ccc0ef136" />
    <UnitTestResult executionId="9a6e0433-f0e8-47db-87ee-08ba4b4a6a03" testId="a71f647b-f227-3e13-2621-4c24e42322b7" testName="MusicEngineEditor.Tests.Services.SettingsServiceTests.SaveSettingsAsync_ShouldOverwriteExistingFile" computerName="X" duration="00:00:00.0336942" startTime="2026-01-31T07:16:27.6779019+01:00" endTime="2026-01-31T07:16:27.6779019+01:00" testType="13cdc9d9-ddb5-4fa4-a97d-d965ccfc6d4b" outcome="Passed" testListId="8c84fa94-04c1-424b-9868-57a2d4851a1d" relativeResultsDirectory="9a6e0433-f0e8-47db-87ee-08ba4b4a6a03" />
    <UnitTestResult executionId="322816da-a5fe-428c-8eb8-999283213dd2" testId="59c64405-9a45-f7b9-c1d8-fbd1398eb9ef" testName="MusicEngineEditor.Tests.Services.SettingsServiceTests.SaveSettingsAsync_ShouldPersistMidiSettings" computerName="X" duration="00:00:00.0164728" startTime="2026-01-31T07:16:27.7435924+01:00" endTime="2026-01-31T07:16:27.7435931+01:00" testType="13cdc9d9-ddb5-4fa4-a97d-d965ccfc6d4b" outcome="Passed" testListId="8c84fa94-04c1-424b-9868-57a2d4851a1d" relativeResultsDirectory="322816da-a5fe-428c-8eb8-999283213dd2" />
    <UnitTestResult executionId="6d50d9ee-fc47-4102-a819-17bb03f3012e" testId="a7d019c6-27e6-55f3-ee20-bf5a7d9bfebe" testName="MusicEngineEditor.Tests.Services.ProjectServiceTests.ProjectFile_ShouldContainSchemaField" computerName="X" duration="00:00:00.0359986" startTime="2026-01-31T07:16:29.1296936+01:00" endTime="2026-01-31T07:16:29.1296942+01:00" testType="13cdc9d9-ddb5-4fa4-a97d-d965ccfc6d4b" outcome="Passed" testListId="8c84fa94-04c1-424b-9868-57a2d4851a1d" relativeResultsDirectory="6d50d9ee-fc47-4102-a819-17bb03f3012e" />
    <UnitTestResult executionId="24342606-a810-4805-9db2-cd6ec2b364ad" testId="67d1a282-c14d-ace3-c720-550cf6322f44" testName="MusicEngineEditor.Tests.Services.ProjectServiceTests.OpenProjectAsync_ShouldRaiseProjectLoadedEvent" computerName="X" duration="00:00:00.1097005" startTime="2026-01-31T07:16:27.6870277+01:00" endTime="2026-01-31T07:16:27.6870281+01:00" testType="13cdc9d9-ddb5-4fa4-a97d-d965ccfc6d4b" outcome="Passed" testListId="8c84fa94-04c1-424b-9868-57a2d4851a1d" relativeResultsDirectory="24342606-a810-4805-9db2-cd6ec2b364ad" />
    <UnitTestResult executionId="35ab27a4-cf0e-4941-a6f2-909c64ac0431" testId="898563f0-430c-1b88-27c3-6de7219c3db0" testName="MusicEngineEditor.Tests.ViewModels.MainViewModelTests.OpenScript_ShouldSetAsActiveDocument" computerName="X" duration="00:00:00.0009554" startTime="2026-01-31T07:16:28.1433814+01:00" endTime="2026-01-31T07:16:28.1433815+01:00" testType="13cdc9d9-ddb5-4fa4-a97d-d965ccfc6d4b" outcome="Passed" testListId="8c84fa94-04c1-424b-9868-57a2d4851a1d" relativeResultsDirectory="35ab27a4-cf0e-4941-a6f2-909c64ac0431" />
    <UnitTestResult executionId="be828d78-7e30-4aa8-8ae8-3f06ffdf93f7" testId="551528b2-7bfa-7d25-130d-60b68a251897" testName="MusicEngineEditor.Tests.Services.ProjectServiceTests.CreateProjectAsync_ShouldCreateObjSubdirectory" computerName="X" duration="00:00:00.0300935" startTime="2026-01-31T07:16:28.5676530+01:00" endTime="2026-01-31T07:16:28.5676537+01:00" testType="13cdc9d9-ddb5-4fa4-a97d-d965ccfc6d4b" outcome="Passed" testListId="8c84fa94-04c1-424b-9868-57a2d4851a1d" relativeResultsDirectory="be828d78-7e30-4aa8-8ae8-3f06ffdf93f7" />
    <UnitTestResult executionId="d7c1bde2-c051-4036-b644-1bf3c8e9a489" testId="1f0e2e99-8e6b-1d26-4e3c-f4cedbf1344e" testName="MusicEngineEditor.Tests.ViewModels.MainViewModelTests.AddScriptCommand_ShouldExist" computerName="X" duration="00:00:00.0008085" startTime="2026-01-31T07:16:28.1192757+01:00" endTime="2026-01-31T07:16:28.1192762+01:00" testType="13cdc9d9-ddb5-4fa4-a97d-d965ccfc6d4b" outcome="Passed" testListId="8c84fa94-04c1-424b-9868-57a2d4851a1d" relativeResultsDirectory="d7c1bde2-c051-4036-b644-1bf3c8e9a489" />
    <UnitTestResult executionId="cfbb260a-0236-4fed-9c3e-95988681559a" testId="f00dba1e-0263-ad53-205b-9acfce25800a" testName="MusicEngineEditor.Tests.Services.SettingsServiceTests.ResetToDefaults_AfterLoadingCustomSettings_ShouldReturnDefaults" computerName="X" duration="00:00:00.0119601" startTime="2026-01-31T07:16:27.9457793+01:00" endTime="2026-01-31T07:16:27.9457798+01:00" testType="13cdc9d9-ddb5-4fa4-a97d-d965ccfc6d4b" outcome="Passed" testListId="8c84fa94-04c1-424b-9868-57a2d4851a1d" relativeResultsDirectory="cfbb260a-0236-4fed-9c3e-95988681559a" />
    <UnitTestResult executionId="df6f0df6-b0dd-4cfc-bfec-3c41e4887a9b" testId="b24722be-fcf4-ef64-85ac-f9de05d3e7e8" testName="MusicEngineEditor.Tests.ViewModels.MainViewModelTests.SaveCommand_ShouldExist" computerName="X" duration="00:00:00.0006847" startTime="2026-01-31T07:16:28.0846686+01:00" endTime="2026-01-31T07:16:28.0846687+01:00" testType="13cdc9d9-ddb5-4fa4-a97d-d965ccfc6d4b" outcome="Passed" testListId="8c84fa94-04c1-424b-9868-57a2d4851a1d" relativeResultsDirectory="df6f0df6-b0dd-4cfc-bfec-3c41e4887a9b" />
    <UnitTestResult executionId="c817ce6e-cdf2-4a05-b651-fe59a3bb9300" testId="276ffb1a-e86f-1d1c-c55f-4cd335d5558e" testName="MusicEngineEditor.Tests.Services.ProjectServiceTests.AddReferenceAsync_ShouldAddToProjectReferences" computerName="X" duration="00:00:00.0198159" startTime="2026-01-31T07:16:28.3865329+01:00" endTime="2026-01-31T07:16:28.3865337+01:00" testType="13cdc9d9-ddb5-4fa4-a97d-d965ccfc6d4b" outcome="Passed" testListId="8c84fa94-04c1-424b-9868-57a2d4851a1d" relativeResultsDirectory="c817ce6e-cdf2-4a05-b651-fe59a3bb9300" />
    <UnitTestResult executionId="1eaa99bb-9540-40ea-a4fd-7378557af89a" testId="8c14ff20-df3c-27e1-d3b3-30cf255c8f0b" testName="MusicEngineEditor.Tests.Perf.PerformanceSmokeTests.ProjectCreation_ShouldStayFast_And_LowMemory" computerName="X" duration="00:00:00.0209839" startTime="2026-01-31T07:16:27.4518259+01:00" endTime="2026-01-31T07:16:27.4518261+01:00" testType="13cdc9d9-ddb5-4fa4-a97d-d965ccfc6d4b" outcome="Passed" testListId="8c84fa94-04c1-424b-9868-57a2d4851a1d" relativeResultsDirectory="1eaa99bb-9540-40ea-a4fd-7378557af89a" />
    <UnitTestResult executionId="408996ca-a2fc-4833-99ab-28f7ba8cc7a8" testId="b493ee48-aee6-b8c4-fb06-9bf07d339915" testName="MusicEngineEditor.Tests.Services.SettingsServiceTests.ResetToDefaults_ShouldReturnDefaultSettings" computerName="X" duration="00:00:00.0053449" startTime="2026-01-31T07:16:27.9335100+01:00" endTime="2026-01-31T07:16:27.9335105+01:00" testType="13cdc9d9-ddb5-4fa4-a97d-d965ccfc6d4b" outcome="Passed" testListId="8c84fa94-04c1-424b-9868-57a2d4851a1d" relativeResultsDirectory="408996ca-a2fc-4833-99ab-28f7ba8cc7a8" />
    <UnitTestResult executionId="e6974ba6-420d-4bef-a465-6155a95e5abf" testId="2aab748a-8d7a-b944-6322-bb3db73f61d5" testName="MusicEngineEditor.Tests.Services.SettingsServiceTests.LoadSettingsAsync_ShouldHandleCorruptedFile" computerName="X" duration="00:00:00.0155679" startTime="2026-01-31T07:16:27.7594720+01:00" endTime="2026-01-31T07:16:27.7594726+01:00" testType="13cdc9d9-ddb5-4fa4-a97d-d965ccfc6d4b" outcome="Passed" testListId="8c84fa94-04c1-424b-9868-57a2d4851a1d" relativeResultsDirectory="e6974ba6-420d-4bef-a465-6155a95e5abf" />
    <UnitTestResult executionId="7628696d-cdae-4859-a610-e967f8e67a21" testId="30669d21-ce87-611c-5167-fd0c8b5578ef" testName="MusicEngineEditor.Tests.Services.ProjectServiceTests.ImportAudioAsync_ShouldCreateCategoryDirectory" computerName="X" duration="00:00:00.0524267" startTime="2026-01-31T07:16:28.3664625+01:00" endTime="2026-01-31T07:16:28.3664631+01:00" testType="13cdc9d9-ddb5-4fa4-a97d-d965ccfc6d4b" outcome="Passed" testListId="8c84fa94-04c1-424b-9868-57a2d4851a1d" relativeResultsDirectory="7628696d-cdae-4859-a610-e967f8e67a21" />
    <UnitTestResult executionId="097912e2-62c6-4401-9140-87be8d44703e" testId="d2f04afa-1047-caf8-0d5e-a14c4f8eeb0c" testName="MusicEngineEditor.Tests.Services.ProjectServiceTests.OpenProjectAsync_ShouldLoadProjectFromFile" computerName="X" duration="00:00:00.0534770" startTime="2026-01-31T07:16:28.8460892+01:00" endTime="2026-01-31T07:16:28.8460898+01:00" testType="13cdc9d9-ddb5-4fa4-a97d-d965ccfc6d4b" outcome="Passed" testListId="8c84fa94-04c1-424b-9868-57a2d4851a1d" relativeResultsDirectory="097912e2-62c6-4401-9140-87be8d44703e" />
    <UnitTestResult executionId="845950c4-516c-49f0-8152-15dfb1d92f42" testId="55ce5cc0-dd9f-215b-9ff8-6815ad9aa4ca" testName="MusicEngineEditor.Tests.ViewModels.MainViewModelTests.OpenScript_ShouldAddDocumentToOpenDocuments" computerName="X" duration="00:00:00.0009181" startTime="2026-01-31T07:16:28.1255697+01:00" endTime="2026-01-31T07:16:28.1255699+01:00" testType="13cdc9d9-ddb5-4fa4-a97d-d965ccfc6d4b" outcome="Passed" testListId="8c84fa94-04c1-424b-9868-57a2d4851a1d" relativeResultsDirectory="845950c4-516c-49f0-8152-15dfb1d92f42" />
    <UnitTestResult executionId="6cfb33bd-7d30-496d-bdf7-5fb3f5e0dee6" testId="fdaaedda-672a-b198-a8cc-3185554ac435" testName="MusicEngineEditor.Tests.ViewModels.MainViewModelTests.SaveAllCommand_ShouldExist" computerName="X" duration="00:00:00.0008073" startTime="2026-01-31T07:16:28.1355753+01:00" endTime="2026-01-31T07:16:28.1355758+01:00" testType="13cdc9d9-ddb5-4fa4-a97d-d965ccfc6d4b" outcome="Passed" testListId="8c84fa94-04c1-424b-9868-57a2d4851a1d" relativeResultsDirectory="6cfb33bd-7d30-496d-bdf7-5fb3f5e0dee6" />
    <UnitTestResult executionId="69e58d2d-08f9-44e2-b253-c19c0eb5855a" testId="db096851-4306-ba5c-2b07-1da439a87ba8" testName="MusicEngineEditor.Tests.Services.SettingsServiceTests.LoadSettingsAsync_ShouldReturnDefaultsWhenNoFileExists" computerName="X" duration="00:00:00.0133695" startTime="2026-01-31T07:16:27.8687347+01:00" endTime="2026-01-31T07:16:27.8687354+01:00" testType="13cdc9d9-ddb5-4fa4-a97d-d965ccfc6d4b" outcome="Passed" testListId="8c84fa94-04c1-424b-9868-57a2d4851a1d" relativeResultsDirectory="69e58d2d-08f9-44e2-b253-c19c0eb5855a" />
    <UnitTestResult executionId="3ea10087-ffcc-438b-b849-a97a201fdd7e" testId="cbc940d0-ad43-fa57-8b93-6dfadaf720c1" testName="MusicEngineEditor.Tests.Services.SettingsServiceTests.LoadSettingsAsync_ShouldCreateSettingsFileIfNotExists" computerName="X" duration="00:00:00.0124562" startTime="2026-01-31T07:16:27.6777452+01:00" endTime="2026-01-31T07:16:27.6777453+01:00" testType="13cdc9d9-ddb5-4fa4-a97d-d965ccfc6d4b" outcome="Passed" testListId="8c84fa94-04c1-424b-9868-57a2d4851a1d" relativeResultsDirectory="3ea10087-ffcc-438b-b849-a97a201fdd7e" />
    <UnitTestResult executionId="ecd61fb9-c800-42ab-9093-02d0b25bb0f6" testId="19602812-704a-88b7-723d-a1b720b08799" testName="MusicEngineEditor.Tests.ViewModels.MainViewModelTests.OnProjectLoaded_ShouldOpenEntryPointScript" computerName="X" duration="00:00:00.0052084" startTime="2026-01-31T07:16:28.0900580+01:00" endTime="2026-01-31T07:16:28.0900584+01:00" testType="13cdc9d9-ddb5-4fa4-a97d-d965ccfc6d4b" outcome="Passed" testListId="8c84fa94-04c1-424b-9868-57a2d4851a1d" relativeResultsDirectory="ecd61fb9-c800-42ab-9093-02d0b25bb0f6" />
    <UnitTestResult executionId="7ade6213-2190-4897-8ee1-087bad8a419b" testId="d43885cc-e611-1207-1e53-ce5838a967e3" testName="MusicEngineEditor.Tests.Services.ProjectServiceTests.ImportAudioAsync_ShouldAddToProjectAudioAssets" computerName="X" duration="00:00:00.0636290" startTime="2026-01-31T07:16:27.9957267+01:00" endTime="2026-01-31T07:16:27.9957271+01:00" testType="13cdc9d9-ddb5-4fa4-a97d-d965ccfc6d4b" outcome="Passed" testListId="8c84fa94-04c1-424b-9868-57a2d4851a1d" relativeResultsDirectory="7ade6213-2190-4897-8ee1-087bad8a419b" />
    <UnitTestResult executionId="e109430a-9f36-451c-8aaf-5d15af202fee" testId="bc38c491-c577-9a2c-0eaa-bf48aebd34e1" testName="MusicEngineEditor.Tests.ViewModels.MainViewModelTests.FindCommand_ShouldExist" computerName="X" duration="00:00:00.0006965" startTime="2026-01-31T07:16:28.1164076+01:00" endTime="2026-01-31T07:16:28.1164077+01:00" testType="13cdc9d9-ddb5-4fa4-a97d-d965ccfc6d4b" outcome="Passed" testListId="8c84fa94-04c1-424b-9868-57a2d4851a1d" relativeResultsDirectory="e109430a-9f36-451c-8aaf-5d15af202fee" />
    <UnitTestResult executionId="031eef04-f9a4-4de9-aa10-5ad4b0e21555" testId="c1525632-8ef6-9455-8421-52763e3d5af5" testName="MusicEngineEditor.Tests.ViewModels.MainViewModelTests.OpenScript_ShouldSwitchToExistingDocumentIfAlreadyOpen" computerName="X" duration="00:00:00.0007666" startTime="2026-01-31T07:16:28.1010583+01:00" endTime="2026-01-31T07:16:28.1010584+01:00" testType="13cdc9d9-ddb5-4fa4-a97d-d965ccfc6d4b" outcome="Passed" testListId="8c84fa94-04c1-424b-9868-57a2d4851a1d" relativeResultsDirectory="031eef04-f9a4-4de9-aa10-5ad4b0e21555" />
    <UnitTestResult executionId="ab1f603d-c3b4-49e7-8c6b-7fdde7179314" testId="a849bf53-0dcb-df56-7efe-bcaf8d8a57c5" testName="MusicEngineEditor.Tests.ViewModels.MainViewModelTests.OnExecutionStopped_ShouldSetPlaybackStatusToStopped" computerName="X" duration="00:00:00.0012730" startTime="2026-01-31T07:16:28.1244724+01:00" endTime="2026-01-31T07:16:28.1244729+01:00" testType="13cdc9d9-ddb5-4fa4-a97d-d965ccfc6d4b" outcome="Passed" testListId="8c84fa94-04c1-424b-9868-57a2d4851a1d" relativeResultsDirectory="ab1f603d-c3b4-49e7-8c6b-7fdde7179314" />
    <UnitTestResult executionId="86238474-304b-45bd-9970-784b18a44c31" testId="d5bcda05-6071-8596-2dcd-6ea0a0506093" testName="MusicEngineEditor.Tests.Services.SettingsServiceTests.SaveSettingsAsync_ShouldPersistPathSettings" computerName="X" duration="00:00:00.0132942" startTime="2026-01-31T07:16:27.9814194+01:00" endTime="2026-01-31T07:16:27.9814200+01:00" testType="13cdc9d9-ddb5-4fa4-a97d-d965ccfc6d4b" outcome="Passed" testListId="8c84fa94-04c1-424b-9868-57a2d4851a1d" relativeResultsDirectory="86238474-304b-45bd-9970-784b18a44c31" />
    <UnitTestResult executionId="ee4e7a27-9933-4213-aa07-b7a0e8933313" testId="430f8769-6806-7d0d-7803-a9043760c738" testName="MusicEngineEditor.Tests.ViewModels.MainViewModelTests.OnProjectLoaded_ShouldSetCurrentProject" computerName="X" duration="00:00:00.6578160" startTime="2026-01-31T07:16:28.0696011+01:00" endTime="2026-01-31T07:16:28.0696017+01:00" testType="13cdc9d9-ddb5-4fa4-a97d-d965ccfc6d4b" outcome="Passed" testListId="8c84fa94-04c1-424b-9868-57a2d4851a1d" relativeResultsDirectory="ee4e7a27-9933-4213-aa07-b7a0e8933313" />
    <UnitTestResult executionId="297b9369-ef4c-4baf-b143-bf68d11a8b18" testId="2bf22984-cd86-c64e-e0a7-823c73ec630b" testName="MusicEngineEditor.Tests.Services.SettingsServiceTests.DefaultSettings_HighlightCurrentLine_ShouldBeTrue" computerName="X" duration="00:00:00.1388586" startTime="2026-01-31T07:16:27.5572098+01:00" endTime="2026-01-31T07:16:27.5572104+01:00" testType="13cdc9d9-ddb5-4fa4-a97d-d965ccfc6d4b" outcome="Passed" testListId="8c84fa94-04c1-424b-9868-57a2d4851a1d" relativeResultsDirectory="297b9369-ef4c-4baf-b143-bf68d11a8b18" />
    <UnitTestResult executionId="1764bd9f-646d-432e-8f50-67863f03807d" testId="4b74a049-daf6-069a-f631-e0f37ed82168" testName="MusicEngineEditor.Tests.Services.ProjectServiceTests.OpenProjectAsync_ShouldPreserveProjectGuid" computerName="X" duration="00:00:00.0366029" startTime="2026-01-31T07:16:28.2572961+01:00" endTime="2026-01-31T07:16:28.2572966+01:00" testType="13cdc9d9-ddb5-4fa4-a97d-d965ccfc6d4b" outcome="Passed" testListId="8c84fa94-04c1-424b-9868-57a2d4851a1d" relativeResultsDirectory="1764bd9f-646d-432e-8f50-67863f03807d" />
    <UnitTestResult executionId="efa2f258-16e0-4d49-89b6-bf4fa0ab7d3c" testId="f10efdee-50bb-5fe8-4904-e3ec5b447d3d" testName="MusicEngineEditor.Tests.Services.ProjectServiceTests.CreateProjectAsync_ShouldCreateDefaultMainScript" computerName="X" duration="00:00:00.0279898" startTime="2026-01-31T07:16:28.9829465+01:00" endTime="2026-01-31T07:16:28.9829470+01:00" testType="13cdc9d9-ddb5-4fa4-a97d-d965ccfc6d4b" outcome="Passed" testListId="8c84fa94-04c1-424b-9868-57a2d4851a1d" relativeResultsDirectory="efa2f258-16e0-4d49-89b6-bf4fa0ab7d3c" />
    <UnitTestResult executionId="0d434f9b-27b1-43eb-8c68-83cdd9fa3b0e" testId="26e78492-84e1-05d4-6b9f-86974a5d412e" testName="MusicEngineEditor.Tests.ViewModels.MainViewModelTests.OpenScript_ShouldSupportMultipleDocuments" computerName="X" duration="00:00:00.0007240" startTime="2026-01-31T07:16:28.1347522+01:00" endTime="2026-01-31T07:16:28.1347525+01:00" testType="13cdc9d9-ddb5-4fa4-a97d-d965ccfc6d4b" outcome="Passed" testListId="8c84fa94-04c1-424b-9868-57a2d4851a1d" relativeResultsDirectory="0d434f9b-27b1-43eb-8c68-83cdd9fa3b0e" />
    <UnitTestResult executionId="e3393a63-3a06-4ee3-bd5b-3ea69a3ce5c7" testId="69e78617-449b-31c3-6d88-28937f38b08f" testName="MusicEngineEditor.Tests.ViewModels.MainViewModelTests.RunCommand_ShouldExist" computerName="X" duration="00:00:00.0010447" startTime="2026-01-31T07:16:28.0827315+01:00" endTime="2026-01-31T07:16:28.0827319+01:00" testType="13cdc9d9-ddb5-4fa4-a97d-d965ccfc6d4b" outcome="Passed" testListId="8c84fa94-04c1-424b-9868-57a2d4851a1d" relativeResultsDirectory="e3393a63-3a06-4ee3-bd5b-3ea69a3ce5c7" />
    <UnitTestResult executionId="1501502c-7625-4650-9b9b-872b2cf37b05" testId="e25e9e00-c334-2099-408c-97f9f275162f" testName="MusicEngineEditor.Tests.Services.ProjectServiceTests.ImportAudioAsync_ShouldUseSpecifiedCategory" computerName="X" duration="00:00:00.0463816" startTime="2026-01-31T07:16:28.7414497+01:00" endTime="2026-01-31T07:16:28.7414502+01:00" testType="13cdc9d9-ddb5-4fa4-a97d-d965ccfc6d4b" outcome="Passed" testListId="8c84fa94-04c1-424b-9868-57a2d4851a1d" relativeResultsDirectory="1501502c-7625-4650-9b9b-872b2cf37b05" />
    <UnitTestResult executionId="eca5d96c-ab0a-496e-a2e2-af66ceb422ec" testId="693be13e-c78e-31b2-177f-119d8b92923b" testName="MusicEngineEditor.Tests.Services.ProjectServiceTests.ProjectFile_ShouldBeValidJson" computerName="X" duration="00:00:00.0517720" startTime="2026-01-31T07:16:28.6503494+01:00" endTime="2026-01-31T07:16:28.6503499+01:00" testType="13cdc9d9-ddb5-4fa4-a97d-d965ccfc6d4b" outcome="Passed" testListId="8c84fa94-04c1-424b-9868-57a2d4851a1d" relativeResultsDirectory="eca5d96c-ab0a-496e-a2e2-af66ceb422ec" />
    <UnitTestResult executionId="747f29ff-acfb-4a92-9f10-e2b198ddbf84" testId="6a1169bb-0ff7-ce1b-7e87-691f15f2b483" testName="MusicEngineEditor.Tests.ViewModels.MainViewModelTests.OpenSettingsCommand_ShouldExist" computerName="X" duration="00:00:00.0009167" startTime="2026-01-31T07:16:28.1411446+01:00" endTime="2026-01-31T07:16:28.1411450+01:00" testType="13cdc9d9-ddb5-4fa4-a97d-d965ccfc6d4b" outcome="Passed" testListId="8c84fa94-04c1-424b-9868-57a2d4851a1d" relativeResultsDirectory="747f29ff-acfb-4a92-9f10-e2b198ddbf84" />
    <UnitTestResult executionId="5c414b63-415c-48c5-8332-3096cee36924" testId="cfa52c77-4398-1e89-aced-c92f373e2573" testName="MusicEngineEditor.Tests.Services.SettingsServiceTests.DefaultSettings_EditorTheme_ShouldBeDark" computerName="X" duration="00:00:00.0117232" startTime="2026-01-31T07:16:27.8427547+01:00" endTime="2026-01-31T07:16:27.8427554+01:00" testType="13cdc9d9-ddb5-4fa4-a97d-d965ccfc6d4b" outcome="Passed" testListId="8c84fa94-04c1-424b-9868-57a2d4851a1d" relativeResultsDirectory="5c414b63-415c-48c5-8332-3096cee36924" />
    <UnitTestResult executionId="952f1cd5-5096-4a75-b8f2-bcafd316a43c" testId="b6fcd2d3-0cb9-0e81-7f90-fc8276316ec5" testName="MusicEngineEditor.Tests.Services.SettingsServiceTests.ResetToDefaults_ShouldSetDefaultAudioSettings" computerName="X" duration="00:00:00.0045875" startTime="2026-01-31T07:16:27.8102948+01:00" endTime="2026-01-31T07:16:27.8102955+01:00" testType="13cdc9d9-ddb5-4fa4-a97d-d965ccfc6d4b" outcome="Passed" testListId="8c84fa94-04c1-424b-9868-57a2d4851a1d" relativeResultsDirectory="952f1cd5-5096-4a75-b8f2-bcafd316a43c" />
    <UnitTestResult executionId="644a2cb1-622d-4119-abdd-e943cb6b480e" testId="c95d14a2-46f0-8bc3-88c9-a4ac49b5830d" testName="MusicEngineEditor.Tests.ViewModels.MainViewModelTests.CurrentProject_ShouldBeNullInitially" computerName="X" duration="00:00:00.0005157" startTime="2026-01-31T07:16:28.1061491+01:00" endTime="2026-01-31T07:16:28.1061493+01:00" testType="13cdc9d9-ddb5-4fa4-a97d-d965ccfc6d4b" outcome="Passed" testListId="8c84fa94-04c1-424b-9868-57a2d4851a1d" relativeResultsDirectory="644a2cb1-622d-4119-abdd-e943cb6b480e" />
    <UnitTestResult executionId="c0d95115-ee54-4bf9-9121-ce110066b9c5" testId="c32111dd-99d8-2fdf-7f64-86f677d7f3c5" testName="MusicEngineEditor.Tests.Services.ProjectServiceTests.CreateProjectAsync_ShouldSanitizeNamespace" computerName="X" duration="00:00:00.0304224" startTime="2026-01-31T07:16:28.5983461+01:00" endTime="2026-01-31T07:16:28.5983467+01:00" testType="13cdc9d9-ddb5-4fa4-a97d-d965ccfc6d4b" outcome="Passed" testListId="8c84fa94-04c1-424b-9868-57a2d4851a1d" relativeResultsDirectory="c0d95115-ee54-4bf9-9121-ce110066b9c5" />
    <UnitTestResult executionId="3ff1202e-0b46-4423-983d-05d01715a444" testId="8a9d1229-39fd-434c-c260-d99472b9032c" testName="MusicEngineEditor.Tests.ViewModels.MainViewModelTests.CloseDocumentAsync_ShouldSetActiveDocumentToNull_WhenLastDocumentClosed" computerName="X" duration="00:00:00.0063660" startTime="2026-01-31T07:16:28.0967505+01:00" endTime="2026-01-31T07:16:28.0967508+01:00" testType="13cdc9d9-ddb5-4fa4-a97d-d965ccfc6d4b" outcome="Passed" testListId="8c84fa94-04c1-424b-9868-57a2d4851a1d" relativeResultsDirectory="3ff1202e-0b46-4423-983d-05d01715a444" />
    <UnitTestResult executionId="538392c1-048e-4bac-8189-d20f72f1b357" testId="5882caa3-5d10-f2a9-a99e-80a3d273a982" testName="MusicEngineEditor.Tests.ViewModels.MainViewModelTests.ActiveDocument_ShouldBeNullInitially" computerName="X" duration="00:00:00.0009260" startTime="2026-01-31T07:16:28.0838121+01:00" endTime="2026-01-31T07:16:28.0838124+01:00" testType="13cdc9d9-ddb5-4fa4-a97d-d965ccfc6d4b" outcome="Passed" testListId="8c84fa94-04c1-424b-9868-57a2d4851a1d" relativeResultsDirectory="538392c1-048e-4bac-8189-d20f72f1b357" />
    <UnitTestResult executionId="f85de26f-4d6e-4776-9c45-40282cf8b24c" testId="b7ca90a2-938c-d8d7-3233-97c39123136e" testName="MusicEngineEditor.Tests.Services.SettingsServiceTests.SaveSettingsAsync_ShouldPersistAudioSettings" computerName="X" duration="00:00:00.0147456" startTime="2026-01-31T07:16:27.9277553+01:00" endTime="2026-01-31T07:16:27.9277560+01:00" testType="13cdc9d9-ddb5-4fa4-a97d-d965ccfc6d4b" outcome="Passed" testListId="8c84fa94-04c1-424b-9868-57a2d4851a1d" relativeResultsDirectory="f85de26f-4d6e-4776-9c45-40282cf8b24c" />
    <UnitTestResult executionId="08ac0446-a4a1-4bc8-8266-15522cc32f69" testId="08478d6a-b6a4-fd72-40fe-d3100967cf0b" testName="MusicEngineEditor.Tests.ViewModels.MainViewModelTests.PlaybackStatus_ShouldRaisePropertyChanged" computerName="X" duration="00:00:00.0032720" startTime="2026-01-31T07:16:28.1001458+01:00" endTime="2026-01-31T07:16:28.1001463+01:00" testType="13cdc9d9-ddb5-4fa4-a97d-d965ccfc6d4b" outcome="Passed" testListId="8c84fa94-04c1-424b-9868-57a2d4851a1d" relativeResultsDirectory="08ac0446-a4a1-4bc8-8266-15522cc32f69" />
    <UnitTestResult executionId="19d4e33b-ffb6-4081-9402-961f7b40f02a" testId="e7d7de9c-9504-2676-d8d9-60fc2060f57d" testName="MusicEngineEditor.Tests.Audio.AudioAnalysisSmokeTests.GeneratedSine_ShouldReportDominantFrequency" computerName="X" duration="00:00:00.0193994" startTime="2026-01-31T07:16:27.4434257+01:00" endTime="2026-01-31T07:16:27.4437269+01:00" testType="13cdc9d9-ddb5-4fa4-a97d-d965ccfc6d4b" outcome="Passed" testListId="8c84fa94-04c1-424b-9868-57a2d4851a1d" relativeResultsDirectory="19d4e33b-ffb6-4081-9402-961f7b40f02a" />
    <UnitTestResult executionId="ff0671d9-62bb-4866-abbc-68d776c3ca4c" testId="641aca1a-2abf-7981-a075-c62b2603b9a7" testName="MusicEngineEditor.Tests.ViewModels.MainViewModelTests.StopCommand_ShouldExist" computerName="X" duration="00:00:00.0009203" startTime="2026-01-31T07:16:28.1337489+01:00" endTime="2026-01-31T07:16:28.1337491+01:00" testType="13cdc9d9-ddb5-4fa4-a97d-d965ccfc6d4b" outcome="Passed" testListId="8c84fa94-04c1-424b-9868-57a2d4851a1d" relativeResultsDirectory="ff0671d9-62bb-4866-abbc-68d776c3ca4c" />
    <UnitTestResult executionId="c77757a5-d845-46c4-9cf1-3ab56297535c" testId="6fe84822-de56-270b-9774-fa247582ab1a" testName="MusicEngineEditor.Tests.Services.SettingsServiceTests.DefaultSettings_AudioSampleRate_ShouldBe44100" computerName="X" duration="00:00:00.0111908" startTime="2026-01-31T07:16:27.6823824+01:00" endTime="2026-01-31T07:16:27.6823833+01:00" testType="13cdc9d9-ddb5-4fa4-a97d-d965ccfc6d4b" outcome="Passed" testListId="8c84fa94-04c1-424b-9868-57a2d4851a1d" relativeResultsDirectory="c77757a5-d845-46c4-9cf1-3ab56297535c" />
    <UnitTestResult executionId="b6b6a4ca-fc10-433f-af73-52e3df926d5a" testId="8aaa7a23-b8f4-c3b8-22a9-8b3e0f49d606" testName="MusicEngineEditor.Tests.Services.SettingsServiceTests.LoadSettingsAsync_ShouldSetSettingsProperty" computerName="X" duration="00:00:00.0121286" startTime="2026-01-31T07:16:27.8054452+01:00" endTime="2026-01-31T07:16:27.8054456+01:00" testType="13cdc9d9-ddb5-4fa4-a97d-d965ccfc6d4b" outcome="Passed" testListId="8c84fa94-04c1-424b-9868-57a2d4851a1d" relativeResultsDirectory="b6b6a4ca-fc10-433f-af73-52e3df926d5a" />
    <UnitTestResult executionId="9f37fe6c-a244-4350-9e78-7327e1385fda" testId="6689b8d3-f015-6cad-ed28-0469a4c7a8d7" testName="MusicEngineEditor.Tests.Services.ProjectServiceTests.ProjectFile_ShouldBeHumanReadable" computerName="X" duration="00:00:00.0338601" startTime="2026-01-31T07:16:29.4156337+01:00" endTime="2026-01-31T07:16:29.4156344+01:00" testType="13cdc9d9-ddb5-4fa4-a97d-d965ccfc6d4b" outcome="Passed" testListId="8c84fa94-04c1-424b-9868-57a2d4851a1d" relativeResultsDirectory="9f37fe6c-a244-4350-9e78-7327e1385fda" />
    <UnitTestResult executionId="b95a6675-f8e3-45b2-95cf-b0745a44f5ef" testId="eada15cf-25d8-e3de-69d0-6d87e4185346" testName="MusicEngineEditor.Tests.ViewModels.MainViewModelTests.OnExecutionStarted_ShouldSetPlaybackStatusToRunning" computerName="X" duration="00:00:00.0009288" startTime="2026-01-31T07:16:28.1072150+01:00" endTime="2026-01-31T07:16:28.1072154+01:00" testType="13cdc9d9-ddb5-4fa4-a97d-d965ccfc6d4b" outcome="Passed" testListId="8c84fa94-04c1-424b-9868-57a2d4851a1d" relativeResultsDirectory="b95a6675-f8e3-45b2-95cf-b0745a44f5ef" />
    <UnitTestResult executionId="ac669363-a635-4672-adf9-09866c2d04eb" testId="03f9670c-9dce-a97b-0676-232191ca6648" testName="MusicEngineEditor.Tests.Services.SettingsServiceTests.ResetToDefaults_ShouldSetDefaultMidiSettings" computerName="X" duration="00:00:00.0094210" startTime="2026-01-31T07:16:27.6921218+01:00" endTime="2026-01-31T07:16:27.6921226+01:00" testType="13cdc9d9-ddb5-4fa4-a97d-d965ccfc6d4b" outcome="Passed" testListId="8c84fa94-04c1-424b-9868-57a2d4851a1d" relativeResultsDirectory="ac669363-a635-4672-adf9-09866c2d04eb" />
    <UnitTestResult executionId="7161eca6-5cfd-4089-a5c3-cdf2ca900666" testId="75db4f34-266f-51be-e948-34432982f9cd" testName="MusicEngineEditor.Tests.ViewModels.MainViewModelTests.Constructor_ShouldInitializeOutput" computerName="X" duration="00:00:00.0008450" startTime="2026-01-31T07:16:28.1378399+01:00" endTime="2026-01-31T07:16:28.1378404+01:00" testType="13cdc9d9-ddb5-4fa4-a97d-d965ccfc6d4b" outcome="Passed" testListId="8c84fa94-04c1-424b-9868-57a2d4851a1d" relativeResultsDirectory="7161eca6-5cfd-4089-a5c3-cdf2ca900666" />
    <UnitTestResult executionId="76722623-9f97-4b77-835b-63ffe6c170fc" testId="826a87e2-54cb-8f66-2415-679b61b4af2d" testName="MusicEngineEditor.Tests.ViewModels.MainViewModelTests.ImportAudioCommand_ShouldExist" computerName="X" duration="00:00:00.0010889" startTime="2026-01-31T07:16:28.0815713+01:00" endTime="2026-01-31T07:16:28.0815717+01:00" testType="13cdc9d9-ddb5-4fa4-a97d-d965ccfc6d4b" outcome="Passed" testListId="8c84fa94-04c1-424b-9868-57a2d4851a1d" relativeResultsDirectory="76722623-9f97-4b77-835b-63ffe6c170fc" />
    <UnitTestResult executionId="937d6b24-c486-4383-806f-af1af3beeed0" testId="c9a47538-237d-c8be-48e0-67eaa7467bf0" testName="MusicEngineEditor.Tests.ViewModels.MainViewModelTests.OpenProjectCommand_ShouldExist" computerName="X" duration="00:00:00.0047624" startTime="2026-01-31T07:16:28.0802574+01:00" endTime="2026-01-31T07:16:28.0802579+01:00" testType="13cdc9d9-ddb5-4fa4-a97d-d965ccfc6d4b" outcome="Passed" testListId="8c84fa94-04c1-424b-9868-57a2d4851a1d" relativeResultsDirectory="937d6b24-c486-4383-806f-af1af3beeed0" />
    <UnitTestResult executionId="148fd64b-700e-4896-9bb8-524c44d8ed7a" testId="bb58cf02-d079-9370-e149-87222d6676fe" testName="MusicEngineEditor.Tests.Services.SettingsServiceTests.SaveSettingsAsync_ShouldUpdateSettingsProperty" computerName="X" duration="00:00:00.0143525" startTime="2026-01-31T07:16:27.7929805+01:00" endTime="2026-01-31T07:16:27.7929813+01:00" testType="13cdc9d9-ddb5-4fa4-a97d-d965ccfc6d4b" outcome="Passed" testListId="8c84fa94-04c1-424b-9868-57a2d4851a1d" relativeResultsDirectory="148fd64b-700e-4896-9bb8-524c44d8ed7a" />
    <UnitTestResult executionId="b1cebc93-a4fe-410b-9ab9-a572a1d1de04" testId="47e67ed8-a260-bd0c-85ba-46d82a75faaa" testName="MusicEngineEditor.Tests.ViewModels.MainViewModelTests.OpenScript_ShouldNotDuplicateIfAlreadyOpen" computerName="X" duration="00:00:00.0006133" startTime="2026-01-31T07:16:28.1169291+01:00" endTime="2026-01-31T07:16:28.1169293+01:00" testType="13cdc9d9-ddb5-4fa4-a97d-d965ccfc6d4b" outcome="Passed" testListId="8c84fa94-04c1-424b-9868-57a2d4851a1d" relativeResultsDirectory="b1cebc93-a4fe-410b-9ab9-a572a1d1de04" />
    <UnitTestResult executionId="de7691c8-0c1c-4514-affc-fdf59badab63" testId="4d8a3d5e-7005-a78a-9ae0-f2775624ea7b" testName="MusicEngineEditor.Tests.Services.ProjectServiceTests.CreateProjectAsync_ShouldCreateProjectDirectory" computerName="X" duration="00:00:00.0210011" startTime="2026-01-31T07:16:27.8860360+01:00" endTime="2026-01-31T07:16:27.8860363+01:00" testType="13cdc9d9-ddb5-4fa4-a97d-d965ccfc6d4b" outcome="Passed" testListId="8c84fa94-04c1-424b-9868-57a2d4851a1d" relativeResultsDirectory="de7691c8-0c1c-4514-affc-fdf59badab63" />
    <UnitTestResult executionId="8c56e219-be99-43b2-81be-441cc9fc4a35" testId="4cf43125-c544-0a49-e8e5-b1f96921f4e1" testName="MusicEngineEditor.Tests.Services.ProjectServiceTests.CreateScript_ShouldSetCorrectNamespace" computerName="X" duration="00:00:00.0210675" startTime="2026-01-31T07:16:28.0663896+01:00" endTime="2026-01-31T07:16:28.0663903+01:00" testType="13cdc9d9-ddb5-4fa4-a97d-d965ccfc6d4b" outcome="Passed" testListId="8c84fa94-04c1-424b-9868-57a2d4851a1d" relativeResultsDirectory="8c56e219-be99-43b2-81be-441cc9fc4a35" />
    <UnitTestResult executionId="2cc27004-c55f-4dc6-83c2-ad820c4510b1" testId="6059430e-d2e1-c5eb-2f50-3c63bc96810f" testName="MusicEngineEditor.Tests.Audio.PatternSmokeTests.SinePattern_ShouldHitExpectedFrequenciesAndLevels" computerName="X" duration="00:00:00.0166487" startTime="2026-01-31T07:16:27.4510080+01:00" endTime="2026-01-31T07:16:27.4510082+01:00" testType="13cdc9d9-ddb5-4fa4-a97d-d965ccfc6d4b" outcome="Passed" testListId="8c84fa94-04c1-424b-9868-57a2d4851a1d" relativeResultsDirectory="2cc27004-c55f-4dc6-83c2-ad820c4510b1" />
    <UnitTestResult executionId="ab5d214b-1b3e-4727-bd31-9d2acb923c4b" testId="155df247-f839-c95a-f915-57462166aeb5" testName="MusicEngineEditor.Tests.Services.ProjectServiceTests.CreateScript_ShouldCreateScriptWithCorrectName" computerName="X" duration="00:00:00.0315281" startTime="2026-01-31T07:16:28.9546871+01:00" endTime="2026-01-31T07:16:28.9546878+01:00" testType="13cdc9d9-ddb5-4fa4-a97d-d965ccfc6d4b" outcome="Passed" testListId="8c84fa94-04c1-424b-9868-57a2d4851a1d" relativeResultsDirectory="ab5d214b-1b3e-4727-bd31-9d2acb923c4b" />
    <UnitTestResult executionId="5fd08060-0a99-40c7-84ce-b7532a78838d" testId="41462247-d0f9-968b-1454-e710cb59095b" testName="MusicEngineEditor.Tests.Services.SettingsServiceTests.AudioSettings_AvailableBufferSizes_ShouldContainCommonSizes" computerName="X" duration="00:00:00.0115103" startTime="2026-01-31T07:16:27.6775814+01:00" endTime="2026-01-31T07:16:27.6775815+01:00" testType="13cdc9d9-ddb5-4fa4-a97d-d965ccfc6d4b" outcome="Passed" testListId="8c84fa94-04c1-424b-9868-57a2d4851a1d" relativeResultsDirectory="5fd08060-0a99-40c7-84ce-b7532a78838d" />
    <UnitTestResult executionId="7d48ed5b-fad6-4b6b-9c7f-3933c6df9813" testId="78b08126-b131-32ee-0ac3-e7ecb466bf66" testName="MusicEngineEditor.Tests.Services.SettingsServiceTests.SaveSettingsAsync_ShouldCreateSettingsFile" computerName="X" duration="00:00:00.0115640" startTime="2026-01-31T07:16:27.6774425+01:00" endTime="2026-01-31T07:16:27.6774426+01:00" testType="13cdc9d9-ddb5-4fa4-a97d-d965ccfc6d4b" outcome="Passed" testListId="8c84fa94-04c1-424b-9868-57a2d4851a1d" relativeResultsDirectory="7d48ed5b-fad6-4b6b-9c7f-3933c6df9813" />
    <UnitTestResult executionId="640cbe73-e46c-499b-b7e8-4bd341328882" testId="d8562534-0242-d926-52e7-a65aac65f196" testName="MusicEngineEditor.Tests.Services.ProjectServiceTests.CreateProjectAsync_ShouldCreateProjectWithCorrectName" computerName="X" duration="00:00:00.0277004" startTime="2026-01-31T07:16:28.2852434+01:00" endTime="2026-01-31T07:16:28.2852441+01:00" testType="13cdc9d9-ddb5-4fa4-a97d-d965ccfc6d4b" outcome="Passed" testListId="8c84fa94-04c1-424b-9868-57a2d4851a1d" relativeResultsDirectory="640cbe73-e46c-499b-b7e8-4bd341328882" />
    <UnitTestResult executionId="7edfa040-23c0-450f-a9bb-de7b2f842cac" testId="3fc9d292-620a-8779-191c-2f22c191ff41" testName="MusicEngineEditor.Tests.ViewModels.MainViewModelTests.Constructor_ShouldSetDefaultValues" computerName="X" duration="00:00:00.0017181" startTime="2026-01-31T07:16:28.1398651+01:00" endTime="2026-01-31T07:16:28.1398654+01:00" testType="13cdc9d9-ddb5-4fa4-a97d-d965ccfc6d4b" outcome="Passed" testListId="8c84fa94-04c1-424b-9868-57a2d4851a1d" relativeResultsDirectory="7edfa040-23c0-450f-a9bb-de7b2f842cac" />
    <UnitTestResult executionId="9441a351-2898-42d9-b0d0-29bb75638731" testId="c249448e-7666-9670-53b0-b27094b4e0da" testName="MusicEngineEditor.Tests.ViewModels.MainViewModelTests.CloseDocumentAsync_ShouldSwitchToFirstDocument_WhenActiveDocumentClosed" computerName="X" duration="00:00:00.0015593" startTime="2026-01-31T07:16:28.1099490+01:00" endTime="2026-01-31T07:16:28.1099495+01:00" testType="13cdc9d9-ddb5-4fa4-a97d-d965ccfc6d4b" outcome="Passed" testListId="8c84fa94-04c1-424b-9868-57a2d4851a1d" relativeResultsDirectory="9441a351-2898-42d9-b0d0-29bb75638731" />
    <UnitTestResult executionId="58215a1e-ed42-4ac5-ae70-4c428bbf5c91" testId="68e00ceb-cf7c-ae05-56dd-5255e87816f9" testName="MusicEngineEditor.Tests.Services.ProjectServiceTests.DeleteScriptAsync_ShouldRemoveFromProjectScripts" computerName="X" duration="00:00:00.0852672" startTime="2026-01-31T07:16:27.7728283+01:00" endTime="2026-01-31T07:16:27.7728287+01:00" testType="13cdc9d9-ddb5-4fa4-a97d-d965ccfc6d4b" outcome="Passed" testListId="8c84fa94-04c1-424b-9868-57a2d4851a1d" relativeResultsDirectory="58215a1e-ed42-4ac5-ae70-4c428bbf5c91" />
    <UnitTestResult executionId="a7530575-946a-437d-81fe-5d4c5ac18390" testId="fc2f2ce1-6b8d-f3c6-fe9a-96ba643cf5d6" testName="MusicEngineEditor.Tests.ViewModels.MainViewModelTests.ExitCommand_ShouldExist" computerName="X" duration="00:00:00.0022904" startTime="2026-01-31T07:16:28.1220288+01:00" endTime="2026-01-31T07:16:28.1220293+01:00" testType="13cdc9d9-ddb5-4fa4-a97d-d965ccfc6d4b" outcome="Passed" testListId="8c84fa94-04c1-424b-9868-57a2d4851a1d" relativeResultsDirectory="a7530575-946a-437d-81fe-5d4c5ac18390" />
    <UnitTestResult executionId="28a1f341-e7f1-4bb0-836d-b5b8b0cdcffd" testId="9b0e062b-06b9-e958-30b6-07b1e322fcb7" testName="MusicEngineEditor.Tests.ViewModels.MainViewModelTests.StatusMessage_ShouldRaisePropertyChanged" computerName="X" duration="00:00:00.0008659" startTime="2026-01-31T07:16:28.1082322+01:00" endTime="2026-01-31T07:16:28.1082325+01:00" testType="13cdc9d9-ddb5-4fa4-a97d-d965ccfc6d4b" outcome="Passed" testListId="8c84fa94-04c1-424b-9868-57a2d4851a1d" relativeResultsDirectory="28a1f341-e7f1-4bb0-836d-b5b8b0cdcffd" />
    <UnitTestResult executionId="5b71a907-624a-4bec-aedf-e2f1a37edf91" testId="6c463249-6a04-6d6b-33dc-aab527a35a83" testName="MusicEngineEditor.Tests.Services.SettingsServiceTests.DefaultSettings_EditorFontSize_ShouldBe14" computerName="X" duration="00:00:00.0149465" startTime="2026-01-31T07:16:27.6776667+01:00" endTime="2026-01-31T07:16:27.6776668+01:00" testType="13cdc9d9-ddb5-4fa4-a97d-d965ccfc6d4b" outcome="Passed" testListId="8c84fa94-04c1-424b-9868-57a2d4851a1d" relativeResultsDirectory="5b71a907-624a-4bec-aedf-e2f1a37edf91" />
    <UnitTestResult executionId="67c4d760-cb2b-496b-bb2c-b09e9de9e588" testId="2a7116d7-3ddd-8fed-e88d-11d550d2f020" testName="MusicEngineEditor.Tests.Services.SettingsServiceTests.LoadSettingsAsync_ShouldLoadExistingSettings" computerName="X" duration="00:00:00.0142021" startTime="2026-01-31T07:16:27.8307529+01:00" endTime="2026-01-31T07:16:27.8307534+01:00" testType="13cdc9d9-ddb5-4fa4-a97d-d965ccfc6d4b" outcome="Passed" testListId="8c84fa94-04c1-424b-9868-57a2d4851a1d" relativeResultsDirectory="67c4d760-cb2b-496b-bb2c-b09e9de9e588" />
    <UnitTestResult executionId="c35d1e11-514b-4068-bb14-b4626f9ed1b3" testId="f70e88d9-0ee6-bd95-8334-b123d961fd6d" testName="MusicEngineEditor.Tests.Services.ProjectServiceTests.OpenProjectAsync_ShouldThrowForInvalidFile" computerName="X" duration="00:00:00.0261176" startTime="2026-01-31T07:16:28.0450459+01:00" endTime="2026-01-31T07:16:28.0450465+01:00" testType="13cdc9d9-ddb5-4fa4-a97d-d965ccfc6d4b" outcome="Passed" testListId="8c84fa94-04c1-424b-9868-57a2d4851a1d" relativeResultsDirectory="c35d1e11-514b-4068-bb14-b4626f9ed1b3" />
    <UnitTestResult executionId="7a4e3568-9cdf-46bd-b638-7908629ffffb" testId="00f1acc3-5900-6c56-7cc2-824f168b5c8b" testName="MusicEngineEditor.Tests.Services.SettingsServiceTests.LoadSettingsAsync_ShouldReturnSettings" computerName="X" duration="00:00:00.0136521" startTime="2026-01-31T07:16:28.0054744+01:00" endTime="2026-01-31T07:16:28.0054748+01:00" testType="13cdc9d9-ddb5-4fa4-a97d-d965ccfc6d4b" outcome="Passed" testListId="8c84fa94-04c1-424b-9868-57a2d4851a1d" relativeResultsDirectory="7a4e3568-9cdf-46bd-b638-7908629ffffb" />
    <UnitTestResult executionId="86f6a0b2-ae24-486f-a422-2927620fa8b1" testId="ae04da10-e479-fadf-482e-77888ae7baa5" testName="MusicEngineEditor.Tests.Services.SettingsServiceTests.ResetToDefaults_ShouldSetDefaultEditorSettings" computerName="X" duration="00:00:00.0063708" startTime="2026-01-31T07:16:27.6989923+01:00" endTime="2026-01-31T07:16:27.6989927+01:00" testType="13cdc9d9-ddb5-4fa4-a97d-d965ccfc6d4b" outcome="Passed" testListId="8c84fa94-04c1-424b-9868-57a2d4851a1d" relativeResultsDirectory="86f6a0b2-ae24-486f-a422-2927620fa8b1" />
    <UnitTestResult executionId="3db5d73e-09a9-4dec-b5ad-54a69d1015bc" testId="5504fb4c-ab77-9a8c-4216-80a53f6290ba" testName="MusicEngineEditor.Tests.Services.ProjectServiceTests.CreateProjectAsync_ShouldCreateProjectFile" computerName="X" duration="00:00:00.0296442" startTime="2026-01-31T07:16:29.0423530+01:00" endTime="2026-01-31T07:16:29.0423535+01:00" testType="13cdc9d9-ddb5-4fa4-a97d-d965ccfc6d4b" outcome="Passed" testListId="8c84fa94-04c1-424b-9868-57a2d4851a1d" relativeResultsDirectory="3db5d73e-09a9-4dec-b5ad-54a69d1015bc" />
    <UnitTestResult executionId="cc310d4f-3bde-4094-bfe6-0e09284ea763" testId="291600ec-b647-78b3-255e-8c4e60266d1e" testName="MusicEngineEditor.Tests.Services.SettingsServiceTests.SaveSettingsAsync_ShouldCreateDirectoryIfNotExists" computerName="X" duration="00:00:00.0130798" startTime="2026-01-31T07:16:27.7264904+01:00" endTime="2026-01-31T07:16:27.7264909+01:00" testType="13cdc9d9-ddb5-4fa4-a97d-d965ccfc6d4b" outcome="Passed" testListId="8c84fa94-04c1-424b-9868-57a2d4851a1d" relativeResultsDirectory="cc310d4f-3bde-4094-bfe6-0e09284ea763" />
    <UnitTestResult executionId="86267b03-d84b-4d0a-a726-179e583f1ae2" testId="8b6f358d-7f4c-dcfa-a4d6-f0db253c2e50" testName="MusicEngineEditor.Tests.Services.ProjectServiceTests.CreateProjectAsync_ShouldGenerateValidGuid" computerName="X" duration="00:00:00.0279048" startTime="2026-01-31T07:16:29.5956897+01:00" endTime="2026-01-31T07:16:29.5956904+01:00" testType="13cdc9d9-ddb5-4fa4-a97d-d965ccfc6d4b" outcome="Passed" testListId="8c84fa94-04c1-424b-9868-57a2d4851a1d" relativeResultsDirectory="86267b03-d84b-4d0a-a726-179e583f1ae2" />
    <UnitTestResult executionId="00363ec7-845c-4b55-a426-3ff9a2c5c1e3" testId="bce27689-6bf3-add4-6ee3-0276a1bf31e6" testName="MusicEngineEditor.Tests.Services.ProjectServiceTests.CreateProjectAsync_ShouldSetDefaultSettings" computerName="X" duration="00:00:00.0184840" startTime="2026-01-31T07:16:28.7602060+01:00" endTime="2026-01-31T07:16:28.7602065+01:00" testType="13cdc9d9-ddb5-4fa4-a97d-d965ccfc6d4b" outcome="Passed" testListId="8c84fa94-04c1-424b-9868-57a2d4851a1d" relativeResultsDirectory="00363ec7-845c-4b55-a426-3ff9a2c5c1e3" />
    <UnitTestResult executionId="7ea025a4-3a3d-4ae2-b518-7cf13e381600" testId="e834bb40-9695-e7c3-5c7c-4b51fe0e517e" testName="MusicEngineEditor.Tests.Services.ProjectServiceTests.CreateProjectAsync_ShouldSetCurrentProject" computerName="X" duration="00:00:00.0279075" startTime="2026-01-31T07:16:28.4865414+01:00" endTime="2026-01-31T07:16:28.4865422+01:00" testType="13cdc9d9-ddb5-4fa4-a97d-d965ccfc6d4b" outcome="Passed" testListId="8c84fa94-04c1-424b-9868-57a2d4851a1d" relativeResultsDirectory="7ea025a4-3a3d-4ae2-b518-7cf13e381600" />
    <UnitTestResult executionId="7a8e0ab0-c8a8-4656-a003-27741bfa697b" testId="0180b175-753c-a015-39d6-6acbf852d539" testName="MusicEngineEditor.Tests.Services.ProjectServiceTests.OpenProjectAsync_ShouldLoadScriptContent" computerName="X" duration="00:00:00.0505001" startTime="2026-01-31T07:16:28.5373098+01:00" endTime="2026-01-31T07:16:28.5373102+01:00" testType="13cdc9d9-ddb5-4fa4-a97d-d965ccfc6d4b" outcome="Passed" testListId="8c84fa94-04c1-424b-9868-57a2d4851a1d" relativeResultsDirectory="7a8e0ab0-c8a8-4656-a003-27741bfa697b" />
    <UnitTestResult executionId="faef38f9-302b-4dbe-8188-7ae5f3222eb5" testId="6cbbc7eb-dbc4-d94a-0b56-eeb45a550073" testName="MusicEngineEditor.Tests.Services.ProjectServiceTests.CreateScript_ShouldCreateScriptInFolder" computerName="X" duration="00:00:00.0281436" startTime="2026-01-31T07:16:28.3136467+01:00" endTime="2026-01-31T07:16:28.3136471+01:00" testType="13cdc9d9-ddb5-4fa4-a97d-d965ccfc6d4b" outcome="Passed" testListId="8c84fa94-04c1-424b-9868-57a2d4851a1d" relativeResultsDirectory="faef38f9-302b-4dbe-8188-7ae5f3222eb5" />
    <UnitTestResult executionId="dc55fc20-c5c4-478c-b571-737ca0685600" testId="e5ab0fd2-5dea-57e3-87d3-6fdd78ec5de8" testName="MusicEngineEditor.Tests.Services.ProjectServiceTests.CreateScript_ShouldSetDefaultContent" computerName="X" duration="00:00:00.0454721" startTime="2026-01-31T07:16:27.9317539+01:00" endTime="2026-01-31T07:16:27.9317547+01:00" testType="13cdc9d9-ddb5-4fa4-a97d-d965ccfc6d4b" outcome="Passed" testListId="8c84fa94-04c1-424b-9868-57a2d4851a1d" relativeResultsDirectory="dc55fc20-c5c4-478c-b571-737ca0685600" />
    <UnitTestResult executionId="7100c2a1-d284-46cb-a265-495a220ac632" testId="52df4736-4c81-6fbd-be05-12d00ec1495e" testName="MusicEngineEditor.Tests.Services.ProjectServiceTests.CreateProjectAsync_ShouldCreateScriptsSubdirectory" computerName="X" duration="00:00:00.0375725" startTime="2026-01-31T07:16:28.4244300+01:00" endTime="2026-01-31T07:16:28.4244306+01:00" testType="13cdc9d9-ddb5-4fa4-a97d-d965ccfc6d4b" outcome="Passed" testListId="8c84fa94-04c1-424b-9868-57a2d4851a1d" relativeResultsDirectory="7100c2a1-d284-46cb-a265-495a220ac632" />
    <UnitTestResult executionId="377964c9-cccd-4a05-a94c-078fa4812d91" testId="7175eedd-8cbc-c6fa-19a3-e7239d5e4182" testName="MusicEngineEditor.Tests.ViewModels.MainViewModelTests.Constructor_ShouldInitializeProjectExplorer" computerName="X" duration="00:00:00.0007868" startTime="2026-01-31T07:16:28.1128650+01:00" endTime="2026-01-31T07:16:28.1128660+01:00" testType="13cdc9d9-ddb5-4fa4-a97d-d965ccfc6d4b" outcome="Passed" testListId="8c84fa94-04c1-424b-9868-57a2d4851a1d" relativeResultsDirectory="377964c9-cccd-4a05-a94c-078fa4812d91" />
    <UnitTestResult executionId="2e9100de-eb21-49b6-ac41-daeaef472784" testId="f408d0ec-962f-8a50-f7ad-bc341c1be18f" testName="MusicEngineEditor.Tests.UI.UISmokeTests.MainWindow_ShouldLaunchAndShowTitle" computerName="X" duration="00:00:00.0250988" startTime="2026-01-31T07:16:27.4540418+01:00" endTime="2026-01-31T07:16:27.4540420+01:00" testType="13cdc9d9-ddb5-4fa4-a97d-d965ccfc6d4b" outcome="Passed" testListId="8c84fa94-04c1-424b-9868-57a2d4851a1d" relativeResultsDirectory="2e9100de-eb21-49b6-ac41-daeaef472784" />
    <UnitTestResult executionId="cd97e5e7-06df-4d01-b47f-bd48e2476d54" testId="ce23dc56-731d-04b5-a9b0-a0e0354677e2" testName="MusicEngineEditor.Tests.Services.ProjectServiceTests.CloseProjectAsync_ShouldSetCurrentProjectToNull" computerName="X" duration="00:00:00.0298532" startTime="2026-01-31T07:16:29.2203816+01:00" endTime="2026-01-31T07:16:29.2203823+01:00" testType="13cdc9d9-ddb5-4fa4-a97d-d965ccfc6d4b" outcome="Passed" testListId="8c84fa94-04c1-424b-9868-57a2d4851a1d" relativeResultsDirectory="cd97e5e7-06df-4d01-b47f-bd48e2476d54" />
    <UnitTestResult executionId="c36c5a9e-72a6-490a-9731-f63e06ed9126" testId="57b74437-d09d-ee54-18ba-52ed332a305f" testName="MusicEngineEditor.Tests.Services.SettingsServiceTests.DefaultSettings_ShowLineNumbers_ShouldBeTrue" computerName="X" duration="00:00:00.0120994" startTime="2026-01-31T07:16:27.8551003+01:00" endTime="2026-01-31T07:16:27.8551009+01:00" testType="13cdc9d9-ddb5-4fa4-a97d-d965ccfc6d4b" outcome="Passed" testListId="8c84fa94-04c1-424b-9868-57a2d4851a1d" relativeResultsDirectory="c36c5a9e-72a6-490a-9731-f63e06ed9126" />
    <UnitTestResult executionId="f04e099b-bec6-42bb-b806-c64e7180606b" testId="640035b9-d386-04e4-6868-6de9cef6e110" testName="MusicEngineEditor.Tests.Services.ProjectServiceTests.SaveProjectAsync_ShouldPersistSettings" computerName="X" duration="00:00:00.0603199" startTime="2026-01-31T07:16:29.1902772+01:00" endTime="2026-01-31T07:16:29.1902779+01:00" testType="13cdc9d9-ddb5-4fa4-a97d-d965ccfc6d4b" outcome="Passed" testListId="8c84fa94-04c1-424b-9868-57a2d4851a1d" relativeResultsDirectory="f04e099b-bec6-42bb-b806-c64e7180606b" />
    <UnitTestResult executionId="9242956c-a61b-40d0-94fc-9fbdb4827a32" testId="efd2e8e5-acf8-5cd2-486d-f590a7473f55" testName="MusicEngineEditor.Tests.Services.SettingsServiceTests.GetMidiInputDevices_ShouldReturnAtLeastNone" computerName="X" duration="00:00:00.0057390" startTime="2026-01-31T07:16:27.8163214+01:00" endTime="2026-01-31T07:16:27.8163219+01:00" testType="13cdc9d9-ddb5-4fa4-a97d-d965ccfc6d4b" outcome="Passed" testListId="8c84fa94-04c1-424b-9868-57a2d4851a1d" relativeResultsDirectory="9242956c-a61b-40d0-94fc-9fbdb4827a32" />
    <UnitTestResult executionId="bdad1ce4-0f9a-4258-ac43-15a9d2911155" testId="628d1d3d-f654-1801-038e-9ad31abffc81" testName="MusicEngineEditor.Tests.Services.SettingsServiceTests.DefaultSettings_VstPluginPaths_ShouldContainStandardPaths" computerName="X" duration="00:00:00.0108270" startTime="2026-01-31T07:16:27.9019458+01:00" endTime="2026-01-31T07:16:27.9019463+01:00" testType="13cdc9d9-ddb5-4fa4-a97d-d965ccfc6d4b" outcome="Passed" testListId="8c84fa94-04c1-424b-9868-57a2d4851a1d" relativeResultsDirectory="bdad1ce4-0f9a-4258-ac43-15a9d2911155" />
    <UnitTestResult executionId="79197f71-d359-47b0-afca-04019d2e2bb8" testId="b5b0e9a2-6f81-4cdb-f449-7bd7809894c1" testName="MusicEngineEditor.Tests.Services.ProjectServiceTests.ImportAudioAsync_ShouldSetCorrectAlias" computerName="X" duration="00:00:00.0441480" startTime="2026-01-31T07:16:28.6947515+01:00" endTime="2026-01-31T07:16:28.6947522+01:00" testType="13cdc9d9-ddb5-4fa4-a97d-d965ccfc6d4b" outcome="Passed" testListId="8c84fa94-04c1-424b-9868-57a2d4851a1d" relativeResultsDirectory="79197f71-d359-47b0-afca-04019d2e2bb8" />
    <UnitTestResult executionId="d140298e-8f35-4571-8df1-62d98d09befb" testId="cef21791-3ad4-b666-9d19-dc7b06549cb0" testName="MusicEngineEditor.Tests.Services.ProjectServiceTests.SaveProjectAsync_ShouldClearIsDirtyFlag" computerName="X" duration="00:00:00.0391216" startTime="2026-01-31T07:16:29.5480824+01:00" endTime="2026-01-31T07:16:29.5480832+01:00" testType="13cdc9d9-ddb5-4fa4-a97d-d965ccfc6d4b" outcome="Passed" testListId="8c84fa94-04c1-424b-9868-57a2d4851a1d" relativeResultsDirectory="d140298e-8f35-4571-8df1-62d98d09befb" />
    <UnitTestResult executionId="bfe1c27c-97ad-492d-bd1a-73147af92727" testId="5df77496-5194-69eb-6293-7031814a522a" testName="MusicEngineEditor.Tests.Services.ProjectServiceTests.OpenProjectAsync_ShouldSetCurrentProject" computerName="X" duration="00:00:00.0355774" startTime="2026-01-31T07:16:29.4514522+01:00" endTime="2026-01-31T07:16:29.4514530+01:00" testType="13cdc9d9-ddb5-4fa4-a97d-d965ccfc6d4b" outcome="Passed" testListId="8c84fa94-04c1-424b-9868-57a2d4851a1d" relativeResultsDirectory="bfe1c27c-97ad-492d-bd1a-73147af92727" />
    <UnitTestResult executionId="d04852bc-d4f2-41d3-88fb-7d1d0ae14b79" testId="64a53553-5093-4090-6617-c80919a0aece" testName="MusicEngineEditor.Tests.ViewModels.MainViewModelTests.IsBusy_ShouldRaisePropertyChanged" computerName="X" duration="00:00:00.0010753" startTime="2026-01-31T07:16:28.1368185+01:00" endTime="2026-01-31T07:16:28.1368189+01:00" testType="13cdc9d9-ddb5-4fa4-a97d-d965ccfc6d4b" outcome="Passed" testListId="8c84fa94-04c1-424b-9868-57a2d4851a1d" relativeResultsDirectory="d04852bc-d4f2-41d3-88fb-7d1d0ae14b79" />
    <UnitTestResult executionId="f5cb0d95-8177-49e3-aeb8-adabcd8b166e" testId="99cb813a-f0ea-4ab6-6763-69e8c44dfec5" testName="MusicEngineEditor.Tests.Services.SettingsServiceTests.GetAudioOutputDevices_ShouldReturnAtLeastDefault" computerName="X" duration="00:00:00.0050056" startTime="2026-01-31T07:16:27.8908449+01:00" endTime="2026-01-31T07:16:27.8908454+01:00" testType="13cdc9d9-ddb5-4fa4-a97d-d965ccfc6d4b" outcome="Passed" testListId="8c84fa94-04c1-424b-9868-57a2d4851a1d" relativeResultsDirectory="f5cb0d95-8177-49e3-aeb8-adabcd8b166e" />
    <UnitTestResult executionId="a0ad619f-dd87-4e24-8807-873c02c23b3d" testId="00fb6660-4aae-fb53-5aaa-2c665963864a" testName="MusicEngineEditor.Tests.ViewModels.MainViewModelTests.CloseDocumentAsync_ShouldRemoveFromOpenDocuments" computerName="X" duration="00:00:00.0013425" startTime="2026-01-31T07:16:28.1143799+01:00" endTime="2026-01-31T07:16:28.1143804+01:00" testType="13cdc9d9-ddb5-4fa4-a97d-d965ccfc6d4b" outcome="Passed" testListId="8c84fa94-04c1-424b-9868-57a2d4851a1d" relativeResultsDirectory="a0ad619f-dd87-4e24-8807-873c02c23b3d" />
    <UnitTestResult executionId="ab58956a-a52c-46ff-8540-32cf11c860d8" testId="713b2307-1ae5-d629-5714-45f50b385471" testName="MusicEngineEditor.Tests.Services.ProjectServiceTests.CreateScript_ShouldNotBeEntryPoint" computerName="X" duration="00:00:00.0335960" startTime="2026-01-31T07:16:28.4590151+01:00" endTime="2026-01-31T07:16:28.4590157+01:00" testType="13cdc9d9-ddb5-4fa4-a97d-d965ccfc6d4b" outcome="Passed" testListId="8c84fa94-04c1-424b-9868-57a2d4851a1d" relativeResultsDirectory="ab58956a-a52c-46ff-8540-32cf11c860d8" />
    <UnitTestResult executionId="5cb1b31f-a5ef-4af0-8ef8-9edf140f3865" testId="3b794715-57f7-a1c4-ec5b-d58910db310c" testName="MusicEngineEditor.Tests.Services.ProjectServiceTests.DeleteScriptAsync_ShouldRemoveFileFromDisk" computerName="X" duration="00:00:00.0495633" startTime="2026-01-31T07:16:29.3815198+01:00" endTime="2026-01-31T07:16:29.3815207+01:00" testType="13cdc9d9-ddb5-4fa4-a97d-d965ccfc6d4b" outcome="Passed" testListId="8c84fa94-04c1-424b-9868-57a2d4851a1d" relativeResultsDirectory="5cb1b31f-a5ef-4af0-8ef8-9edf140f3865" />
    <UnitTestResult executionId="796728cf-9cd8-4a61-8897-7bfb52dddd51" testId="e70cc913-0900-72d8-b17a-f1bd71c68b39" testName="MusicEngineEditor.Tests.Services.ProjectServiceTests.CreateProjectAsync_ShouldCreateBinSubdirectory" computerName="X" duration="00:00:00.0227495" startTime="2026-01-31T07:16:28.0187259+01:00" endTime="2026-01-31T07:16:28.0187265+01:00" testType="13cdc9d9-ddb5-4fa4-a97d-d965ccfc6d4b" outcome="Passed" testListId="8c84fa94-04c1-424b-9868-57a2d4851a1d" relativeResultsDirectory="796728cf-9cd8-4a61-8897-7bfb52dddd51" />
    <UnitTestResult executionId="6f6c91da-d379-464a-9898-63f8b9a0310b" testId="a5fd22ff-3949-ac90-7d19-513ddbf5f1f5" testName="MusicEngineEditor.Tests.Services.SettingsServiceTests.ResetToDefaults_ShouldSetDefaultPathSettings" computerName="X" duration="00:00:00.0048217" startTime="2026-01-31T07:16:27.9509787+01:00" endTime="2026-01-31T07:16:27.9509792+01:00" testType="13cdc9d9-ddb5-4fa4-a97d-d965ccfc6d4b" outcome="Passed" testListId="8c84fa94-04c1-424b-9868-57a2d4851a1d" relativeResultsDirectory="6f6c91da-d379-464a-9898-63f8b9a0310b" />
    <UnitTestResult executionId="36e8e684-ad29-493c-b8b6-25f7321430a3" testId="3c640002-b9d7-a025-a4b9-fc090fcedd16" testName="MusicEngineEditor.Tests.Services.ProjectServiceTests.RemoveReferenceAsync_ShouldRemoveFromProjectReferences" computerName="X" duration="00:00:00.0920363" startTime="2026-01-31T07:16:27.8648296+01:00" endTime="2026-01-31T07:16:27.8648303+01:00" testType="13cdc9d9-ddb5-4fa4-a97d-d965ccfc6d4b" outcome="Passed" testListId="8c84fa94-04c1-424b-9868-57a2d4851a1d" relativeResultsDirectory="36e8e684-ad29-493c-b8b6-25f7321430a3" />
    <UnitTestResult executionId="2dc0e892-55eb-4c41-b61e-231651325762" testId="2a414103-bb06-17d0-f359-1de84035a696" testName="MusicEngineEditor.Tests.Services.SettingsServiceTests.DefaultSettings_AutoSaveInterval_ShouldBe5" computerName="X" duration="00:00:00.0118966" startTime="2026-01-31T07:16:27.9678128+01:00" endTime="2026-01-31T07:16:27.9678136+01:00" testType="13cdc9d9-ddb5-4fa4-a97d-d965ccfc6d4b" outcome="Passed" testListId="8c84fa94-04c1-424b-9868-57a2d4851a1d" relativeResultsDirectory="2dc0e892-55eb-4c41-b61e-231651325762" />
    <UnitTestResult executionId="9e9e3bf3-0856-4207-9795-725e67f9d082" testId="78f507e6-e50e-510e-35cd-d91130449c41" testName="MusicEngineEditor.Tests.ViewModels.MainViewModelTests.NewProjectCommand_ShouldExist" computerName="X" duration="00:00:00.0008350" startTime="2026-01-31T07:16:28.1230233+01:00" endTime="2026-01-31T07:16:28.1230239+01:00" testType="13cdc9d9-ddb5-4fa4-a97d-d965ccfc6d4b" outcome="Passed" testListId="8c84fa94-04c1-424b-9868-57a2d4851a1d" relativeResultsDirectory="9e9e3bf3-0856-4207-9795-725e67f9d082" />
    <UnitTestResult executionId="8028c0cd-96ee-4b2e-8592-cb42a15fde5c" testId="e95fadec-7e7d-2f5c-704f-cd3fe69f32e1" testName="MusicEngineEditor.Tests.ViewModels.MainViewModelTests.Constructor_ShouldLoadSettings" computerName="X" duration="00:00:00.0068969" startTime="2026-01-31T07:16:28.1326589+01:00" endTime="2026-01-31T07:16:28.1326595+01:00" testType="13cdc9d9-ddb5-4fa4-a97d-d965ccfc6d4b" outcome="Passed" testListId="8c84fa94-04c1-424b-9868-57a2d4851a1d" relativeResultsDirectory="8028c0cd-96ee-4b2e-8592-cb42a15fde5c" />
  </Results>
  <TestDefinitions>
    <UnitTest name="MusicEngineEditor.Tests.Services.ProjectServiceTests.CreateScript_ShouldNotBeEntryPoint" storage="c:\users\water\riderprojects\musiceditor\musicengineeditor.tests\bin\release\net10.0-windows\musicengineeditor.tests.dll" id="713b2307-1ae5-d629-5714-45f50b385471">
      <Execution id="ab58956a-a52c-46ff-8540-32cf11c860d8" />
      <TestMethod codeBase="C:\Users\water\RiderProjects\MusicEditor\MusicEngineEditor.Tests\bin\Release\net10.0-windows\MusicEngineEditor.Tests.dll" adapterTypeName="executor://xunit/VsTestRunner2/netcoreapp" className="MusicEngineEditor.Tests.Services.ProjectServiceTests" name="CreateScript_ShouldNotBeEntryPoint" />
    </UnitTest>
    <UnitTest name="MusicEngineEditor.Tests.Services.SettingsServiceTests.SaveSettingsAsync_ShouldPersistPathSettings" storage="c:\users\water\riderprojects\musiceditor\musicengineeditor.tests\bin\release\net10.0-windows\musicengineeditor.tests.dll" id="d5bcda05-6071-8596-2dcd-6ea0a0506093">
      <Execution id="86238474-304b-45bd-9970-784b18a44c31" />
      <TestMethod codeBase="C:\Users\water\RiderProjects\MusicEditor\MusicEngineEditor.Tests\bin\Release\net10.0-windows\MusicEngineEditor.Tests.dll" adapterTypeName="executor://xunit/VsTestRunner2/netcoreapp" className="MusicEngineEditor.Tests.Services.SettingsServiceTests" name="SaveSettingsAsync_ShouldPersistPathSettings" />
    </UnitTest>
    <UnitTest name="MusicEngineEditor.Tests.Services.SettingsServiceTests.LoadSettingsAsync_ShouldSetSettingsProperty" storage="c:\users\water\riderprojects\musiceditor\musicengineeditor.tests\bin\release\net10.0-windows\musicengineeditor.tests.dll" id="8aaa7a23-b8f4-c3b8-22a9-8b3e0f49d606">
      <Execution id="b6b6a4ca-fc10-433f-af73-52e3df926d5a" />
      <TestMethod codeBase="C:\Users\water\RiderProjects\MusicEditor\MusicEngineEditor.Tests\bin\Release\net10.0-windows\MusicEngineEditor.Tests.dll" adapterTypeName="executor://xunit/VsTestRunner2/netcoreapp" className="MusicEngineEditor.Tests.Services.SettingsServiceTests" name="LoadSettingsAsync_ShouldSetSettingsProperty" />
    </UnitTest>
    <UnitTest name="MusicEngineEditor.Tests.Services.ProjectServiceTests.SaveProjectAsync_ShouldClearIsDirtyFlag" storage="c:\users\water\riderprojects\musiceditor\musicengineeditor.tests\bin\release\net10.0-windows\musicengineeditor.tests.dll" id="cef21791-3ad4-b666-9d19-dc7b06549cb0">
      <Execution id="d140298e-8f35-4571-8df1-62d98d09befb" />
      <TestMethod codeBase="C:\Users\water\RiderProjects\MusicEditor\MusicEngineEditor.Tests\bin\Release\net10.0-windows\MusicEngineEditor.Tests.dll" adapterTypeName="executor://xunit/VsTestRunner2/netcoreapp" className="MusicEngineEditor.Tests.Services.ProjectServiceTests" name="SaveProjectAsync_ShouldClearIsDirtyFlag" />
    </UnitTest>
    <UnitTest name="MusicEngineEditor.Tests.Services.ProjectServiceTests.CloseProjectAsync_ShouldSetCurrentProjectToNull" storage="c:\users\water\riderprojects\musiceditor\musicengineeditor.tests\bin\release\net10.0-windows\musicengineeditor.tests.dll" id="ce23dc56-731d-04b5-a9b0-a0e0354677e2">
      <Execution id="cd97e5e7-06df-4d01-b47f-bd48e2476d54" />
      <TestMethod codeBase="C:\Users\water\RiderProjects\MusicEditor\MusicEngineEditor.Tests\bin\Release\net10.0-windows\MusicEngineEditor.Tests.dll" adapterTypeName="executor://xunit/VsTestRunner2/netcoreapp" className="MusicEngineEditor.Tests.Services.ProjectServiceTests" name="CloseProjectAsync_ShouldSetCurrentProjectToNull" />
    </UnitTest>
    <UnitTest name="MusicEngineEditor.Tests.Services.ProjectServiceTests.CreateProjectAsync_ShouldCreateDefaultMainScript" storage="c:\users\water\riderprojects\musiceditor\musicengineeditor.tests\bin\release\net10.0-windows\musicengineeditor.tests.dll" id="f10efdee-50bb-5fe8-4904-e3ec5b447d3d">
      <Execution id="efa2f258-16e0-4d49-89b6-bf4fa0ab7d3c" />
      <TestMethod codeBase="C:\Users\water\RiderProjects\MusicEditor\MusicEngineEditor.Tests\bin\Release\net10.0-windows\MusicEngineEditor.Tests.dll" adapterTypeName="executor://xunit/VsTestRunner2/netcoreapp" className="MusicEngineEditor.Tests.Services.ProjectServiceTests" name="CreateProjectAsync_ShouldCreateDefaultMainScript" />
    </UnitTest>
    <UnitTest name="MusicEngineEditor.Tests.Services.ProjectServiceTests.ProjectFile_ShouldBeHumanReadable" storage="c:\users\water\riderprojects\musiceditor\musicengineeditor.tests\bin\release\net10.0-windows\musicengineeditor.tests.dll" id="6689b8d3-f015-6cad-ed28-0469a4c7a8d7">
      <Execution id="9f37fe6c-a244-4350-9e78-7327e1385fda" />
      <TestMethod codeBase="C:\Users\water\RiderProjects\MusicEditor\MusicEngineEditor.Tests\bin\Release\net10.0-windows\MusicEngineEditor.Tests.dll" adapterTypeName="executor://xunit/VsTestRunner2/netcoreapp" className="MusicEngineEditor.Tests.Services.ProjectServiceTests" name="ProjectFile_ShouldBeHumanReadable" />
    </UnitTest>
    <UnitTest name="MusicEngineEditor.Tests.Services.SettingsServiceTests.ResetToDefaults_ShouldSetDefaultAudioSettings" storage="c:\users\water\riderprojects\musiceditor\musicengineeditor.tests\bin\release\net10.0-windows\musicengineeditor.tests.dll" id="b6fcd2d3-0cb9-0e81-7f90-fc8276316ec5">
      <Execution id="952f1cd5-5096-4a75-b8f2-bcafd316a43c" />
      <TestMethod codeBase="C:\Users\water\RiderProjects\MusicEditor\MusicEngineEditor.Tests\bin\Release\net10.0-windows\MusicEngineEditor.Tests.dll" adapterTypeName="executor://xunit/VsTestRunner2/netcoreapp" className="MusicEngineEditor.Tests.Services.SettingsServiceTests" name="ResetToDefaults_ShouldSetDefaultAudioSettings" />
    </UnitTest>
    <UnitTest name="MusicEngineEditor.Tests.Services.ProjectServiceTests.CloseProjectAsync_ShouldRaiseProjectClosedEvent" storage="c:\users\water\riderprojects\musiceditor\musicengineeditor.tests\bin\release\net10.0-windows\musicengineeditor.tests.dll" id="340f6c5e-50c4-2001-fd71-b6d8776c180e">
      <Execution id="1d8a1975-1554-4bda-b79b-e0d899a6776c" />
      <TestMethod codeBase="C:\Users\water\RiderProjects\MusicEditor\MusicEngineEditor.Tests\bin\Release\net10.0-windows\MusicEngineEditor.Tests.dll" adapterTypeName="executor://xunit/VsTestRunner2/netcoreapp" className="MusicEngineEditor.Tests.Services.ProjectServiceTests" name="CloseProjectAsync_ShouldRaiseProjectClosedEvent" />
    </UnitTest>
    <UnitTest name="MusicEngineEditor.Tests.Services.ProjectServiceTests.ProjectFile_ShouldBeValidJson" storage="c:\users\water\riderprojects\musiceditor\musicengineeditor.tests\bin\release\net10.0-windows\musicengineeditor.tests.dll" id="693be13e-c78e-31b2-177f-119d8b92923b">
      <Execution id="eca5d96c-ab0a-496e-a2e2-af66ceb422ec" />
      <TestMethod codeBase="C:\Users\water\RiderProjects\MusicEditor\MusicEngineEditor.Tests\bin\Release\net10.0-windows\MusicEngineEditor.Tests.dll" adapterTypeName="executor://xunit/VsTestRunner2/netcoreapp" className="MusicEngineEditor.Tests.Services.ProjectServiceTests" name="ProjectFile_ShouldBeValidJson" />
    </UnitTest>
    <UnitTest name="MusicEngineEditor.Tests.Services.ProjectServiceTests.CreateProjectAsync_ShouldSetCurrentProject" storage="c:\users\water\riderprojects\musiceditor\musicengineeditor.tests\bin\release\net10.0-windows\musicengineeditor.tests.dll" id="e834bb40-9695-e7c3-5c7c-4b51fe0e517e">
      <Execution id="7ea025a4-3a3d-4ae2-b518-7cf13e381600" />
      <TestMethod codeBase="C:\Users\water\RiderProjects\MusicEditor\MusicEngineEditor.Tests\bin\Release\net10.0-windows\MusicEngineEditor.Tests.dll" adapterTypeName="executor://xunit/VsTestRunner2/netcoreapp" className="MusicEngineEditor.Tests.Services.ProjectServiceTests" name="CreateProjectAsync_ShouldSetCurrentProject" />
    </UnitTest>
    <UnitTest name="MusicEngineEditor.Tests.ViewModels.MainViewModelTests.AddScriptCommand_ShouldExist" storage="c:\users\water\riderprojects\musiceditor\musicengineeditor.tests\bin\release\net10.0-windows\musicengineeditor.tests.dll" id="1f0e2e99-8e6b-1d26-4e3c-f4cedbf1344e">
      <Execution id="d7c1bde2-c051-4036-b644-1bf3c8e9a489" />
      <TestMethod codeBase="C:\Users\water\RiderProjects\MusicEditor\MusicEngineEditor.Tests\bin\Release\net10.0-windows\MusicEngineEditor.Tests.dll" adapterTypeName="executor://xunit/VsTestRunner2/netcoreapp" className="MusicEngineEditor.Tests.ViewModels.MainViewModelTests" name="AddScriptCommand_ShouldExist" />
    </UnitTest>
    <UnitTest name="MusicEngineEditor.Tests.Services.ProjectServiceTests.CreateProjectAsync_ShouldCreateProjectFile" storage="c:\users\water\riderprojects\musiceditor\musicengineeditor.tests\bin\release\net10.0-windows\musicengineeditor.tests.dll" id="5504fb4c-ab77-9a8c-4216-80a53f6290ba">
      <Execution id="3db5d73e-09a9-4dec-b5ad-54a69d1015bc" />
      <TestMethod codeBase="C:\Users\water\RiderProjects\MusicEditor\MusicEngineEditor.Tests\bin\Release\net10.0-windows\MusicEngineEditor.Tests.dll" adapterTypeName="executor://xunit/VsTestRunner2/netcoreapp" className="MusicEngineEditor.Tests.Services.ProjectServiceTests" name="CreateProjectAsync_ShouldCreateProjectFile" />
    </UnitTest>
    <UnitTest name="MusicEngineEditor.Tests.Audio.PatternSmokeTests.SinePattern_ShouldHitExpectedFrequenciesAndLevels" storage="c:\users\water\riderprojects\musiceditor\musicengineeditor.tests\bin\release\net10.0-windows\musicengineeditor.tests.dll" id="6059430e-d2e1-c5eb-2f50-3c63bc96810f">
      <Execution id="2cc27004-c55f-4dc6-83c2-ad820c4510b1" />
[...]
    <TestEntry testId="0aceb781-f283-9f34-3ddd-3d6fded2e002" executionId="7964dbb2-e460-4230-b899-f3f4d6838668" testListId="8c84fa94-04c1-424b-9868-57a2d4851a1d" />
    <TestEntry testId="aa1d7141-1623-6a7c-8b5b-2f4515f19080" executionId="270787da-55f7-4bf5-9917-5bf93f09b28c" testListId="8c84fa94-04c1-424b-9868-57a2d4851a1d" />
    <TestEntry testId="38399936-2518-9904-e472-e0055551a125" executionId="9f56b594-80d5-4f83-b4d0-944e456b9c6c" testListId="8c84fa94-04c1-424b-9868-57a2d4851a1d" />
    <TestEntry testId="cdf0984f-3cf3-20f5-da34-b64d69ae4745" executionId="0252e1e1-3633-4e1e-b65f-316e4be5f7f8" testListId="8c84fa94-04c1-424b-9868-57a2d4851a1d" />
    <TestEntry testId="a2cac393-ab17-86eb-a1f3-8d8b2487cd92" executionId="78635137-c8d8-4c6e-901c-ed7ef5421692" testListId="8c84fa94-04c1-424b-9868-57a2d4851a1d" />
    <TestEntry testId="53b3e436-fa92-4cb2-edaf-cc93e6c3b2b1" executionId="571d5802-de6d-4588-a62d-d425fbf8e43c" testListId="8c84fa94-04c1-424b-9868-57a2d4851a1d" />
    <TestEntry testId="111a60ce-60fd-01c3-be90-4e5096918335" executionId="c60f59c6-5c67-4f6e-80e9-2451cfac0e35" testListId="8c84fa94-04c1-424b-9868-57a2d4851a1d" />
    <TestEntry testId="497e2119-3254-a7a0-bd82-dfe6fd39510a" executionId="312561d1-cfed-4a87-bb2b-4cadb7e9a3d7" testListId="8c84fa94-04c1-424b-9868-57a2d4851a1d" />
    <TestEntry testId="896ad4bc-4828-2b46-3a2f-3990edf30caf" executionId="6d6fdf27-c3fa-4b42-873e-f8eb30aa0a11" testListId="8c84fa94-04c1-424b-9868-57a2d4851a1d" />
    <TestEntry testId="1eb55637-2821-289c-703c-d69d0507a1fa" executionId="3087f8ff-d567-46b1-93db-d141da374efc" testListId="8c84fa94-04c1-424b-9868-57a2d4851a1d" />
    <TestEntry testId="2f7e95ea-9708-407a-42dd-66917ef996d5" executionId="54ec5dd1-b9aa-43f1-a325-986145058f42" testListId="8c84fa94-04c1-424b-9868-57a2d4851a1d" />
    <TestEntry testId="42ae0080-8397-1c9b-d8d3-de787d0fa883" executionId="ae86421b-9cd5-430d-a61f-fdfdfe466286" testListId="8c84fa94-04c1-424b-9868-57a2d4851a1d" />
    <TestEntry testId="8b20ce74-44e5-356f-5dcd-0e592465aae0" executionId="72378af2-7acd-4022-a4da-8ec09b5cc655" testListId="8c84fa94-04c1-424b-9868-57a2d4851a1d" />
    <TestEntry testId="e91d9f1a-ba83-eecf-603d-fae8f28220cb" executionId="b51aeb93-7939-45c6-9f9f-147ccc0ef136" testListId="8c84fa94-04c1-424b-9868-57a2d4851a1d" />
    <TestEntry testId="a71f647b-f227-3e13-2621-4c24e42322b7" executionId="9a6e0433-f0e8-47db-87ee-08ba4b4a6a03" testListId="8c84fa94-04c1-424b-9868-57a2d4851a1d" />
    <TestEntry testId="59c64405-9a45-f7b9-c1d8-fbd1398eb9ef" executionId="322816da-a5fe-428c-8eb8-999283213dd2" testListId="8c84fa94-04c1-424b-9868-57a2d4851a1d" />
    <TestEntry testId="a7d019c6-27e6-55f3-ee20-bf5a7d9bfebe" executionId="6d50d9ee-fc47-4102-a819-17bb03f3012e" testListId="8c84fa94-04c1-424b-9868-57a2d4851a1d" />
    <TestEntry testId="67d1a282-c14d-ace3-c720-550cf6322f44" executionId="24342606-a810-4805-9db2-cd6ec2b364ad" testListId="8c84fa94-04c1-424b-9868-57a2d4851a1d" />
    <TestEntry testId="898563f0-430c-1b88-27c3-6de7219c3db0" executionId="35ab27a4-cf0e-4941-a6f2-909c64ac0431" testListId="8c84fa94-04c1-424b-9868-57a2d4851a1d" />
    <TestEntry testId="551528b2-7bfa-7d25-130d-60b68a251897" executionId="be828d78-7e30-4aa8-8ae8-3f06ffdf93f7" testListId="8c84fa94-04c1-424b-9868-57a2d4851a1d" />
    <TestEntry testId="1f0e2e99-8e6b-1d26-4e3c-f4cedbf1344e" executionId="d7c1bde2-c051-4036-b644-1bf3c8e9a489" testListId="8c84fa94-04c1-424b-9868-57a2d4851a1d" />
    <TestEntry testId="f00dba1e-0263-ad53-205b-9acfce25800a" executionId="cfbb260a-0236-4fed-9c3e-95988681559a" testListId="8c84fa94-04c1-424b-9868-57a2d4851a1d" />
    <TestEntry testId="b24722be-fcf4-ef64-85ac-f9de05d3e7e8" executionId="df6f0df6-b0dd-4cfc-bfec-3c41e4887a9b" testListId="8c84fa94-04c1-424b-9868-57a2d4851a1d" />
    <TestEntry testId="276ffb1a-e86f-1d1c-c55f-4cd335d5558e" executionId="c817ce6e-cdf2-4a05-b651-fe59a3bb9300" testListId="8c84fa94-04c1-424b-9868-57a2d4851a1d" />
    <TestEntry testId="8c14ff20-df3c-27e1-d3b3-30cf255c8f0b" executionId="1eaa99bb-9540-40ea-a4fd-7378557af89a" testListId="8c84fa94-04c1-424b-9868-57a2d4851a1d" />
    <TestEntry testId="b493ee48-aee6-b8c4-fb06-9bf07d339915" executionId="408996ca-a2fc-4833-99ab-28f7ba8cc7a8" testListId="8c84fa94-04c1-424b-9868-57a2d4851a1d" />
    <TestEntry testId="2aab748a-8d7a-b944-6322-bb3db73f61d5" executionId="e6974ba6-420d-4bef-a465-6155a95e5abf" testListId="8c84fa94-04c1-424b-9868-57a2d4851a1d" />
    <TestEntry testId="30669d21-ce87-611c-5167-fd0c8b5578ef" executionId="7628696d-cdae-4859-a610-e967f8e67a21" testListId="8c84fa94-04c1-424b-9868-57a2d4851a1d" />
    <TestEntry testId="d2f04afa-1047-caf8-0d5e-a14c4f8eeb0c" executionId="097912e2-62c6-4401-9140-87be8d44703e" testListId="8c84fa94-04c1-424b-9868-57a2d4851a1d" />
    <TestEntry testId="55ce5cc0-dd9f-215b-9ff8-6815ad9aa4ca" executionId="845950c4-516c-49f0-8152-15dfb1d92f42" testListId="8c84fa94-04c1-424b-9868-57a2d4851a1d" />
    <TestEntry testId="fdaaedda-672a-b198-a8cc-3185554ac435" executionId="6cfb33bd-7d30-496d-bdf7-5fb3f5e0dee6" testListId="8c84fa94-04c1-424b-9868-57a2d4851a1d" />
    <TestEntry testId="db096851-4306-ba5c-2b07-1da439a87ba8" executionId="69e58d2d-08f9-44e2-b253-c19c0eb5855a" testListId="8c84fa94-04c1-424b-9868-57a2d4851a1d" />
    <TestEntry testId="cbc940d0-ad43-fa57-8b93-6dfadaf720c1" executionId="3ea10087-ffcc-438b-b849-a97a201fdd7e" testListId="8c84fa94-04c1-424b-9868-57a2d4851a1d" />
    <TestEntry testId="19602812-704a-88b7-723d-a1b720b08799" executionId="ecd61fb9-c800-42ab-9093-02d0b25bb0f6" testListId="8c84fa94-04c1-424b-9868-57a2d4851a1d" />
    <TestEntry testId="d43885cc-e611-1207-1e53-ce5838a967e3" executionId="7ade6213-2190-4897-8ee1-087bad8a419b" testListId="8c84fa94-04c1-424b-9868-57a2d4851a1d" />
    <TestEntry testId="bc38c491-c577-9a2c-0eaa-bf48aebd34e1" executionId="e109430a-9f36-451c-8aaf-5d15af202fee" testListId="8c84fa94-04c1-424b-9868-57a2d4851a1d" />
    <TestEntry testId="c1525632-8ef6-9455-8421-52763e3d5af5" executionId="031eef04-f9a4-4de9-aa10-5ad4b0e21555" testListId="8c84fa94-04c1-424b-9868-57a2d4851a1d" />
    <TestEntry testId="a849bf53-0dcb-df56-7efe-bcaf8d8a57c5" executionId="ab1f603d-c3b4-49e7-8c6b-7fdde7179314" testListId="8c84fa94-04c1-424b-9868-57a2d4851a1d" />
    <TestEntry testId="d5bcda05-6071-8596-2dcd-6ea0a0506093" executionId="86238474-304b-45bd-9970-784b18a44c31" testListId="8c84fa94-04c1-424b-9868-57a2d4851a1d" />
    <TestEntry testId="430f8769-6806-7d0d-7803-a9043760c738" executionId="ee4e7a27-9933-4213-aa07-b7a0e8933313" testListId="8c84fa94-04c1-424b-9868-57a2d4851a1d" />
    <TestEntry testId="2bf22984-cd86-c64e-e0a7-823c73ec630b" executionId="297b9369-ef4c-4baf-b143-bf68d11a8b18" testListId="8c84fa94-04c1-424b-9868-57a2d4851a1d" />
    <TestEntry testId="4b74a049-daf6-069a-f631-e0f37ed82168" executionId="1764bd9f-646d-432e-8f50-67863f03807d" testListId="8c84fa94-04c1-424b-9868-57a2d4851a1d" />
    <TestEntry testId="f10efdee-50bb-5fe8-4904-e3ec5b447d3d" executionId="efa2f258-16e0-4d49-89b6-bf4fa0ab7d3c" testListId="8c84fa94-04c1-424b-9868-57a2d4851a1d" />
    <TestEntry testId="26e78492-84e1-05d4-6b9f-86974a5d412e" executionId="0d434f9b-27b1-43eb-8c68-83cdd9fa3b0e" testListId="8c84fa94-04c1-424b-9868-57a2d4851a1d" />
    <TestEntry testId="69e78617-449b-31c3-6d88-28937f38b08f" executionId="e3393a63-3a06-4ee3-bd5b-3ea69a3ce5c7" testListId="8c84fa94-04c1-424b-9868-57a2d4851a1d" />
    <TestEntry testId="e25e9e00-c334-2099-408c-97f9f275162f" executionId="1501502c-7625-4650-9b9b-872b2cf37b05" testListId="8c84fa94-04c1-424b-9868-57a2d4851a1d" />
    <TestEntry testId="693be13e-c78e-31b2-177f-119d8b92923b" executionId="eca5d96c-ab0a-496e-a2e2-af66ceb422ec" testListId="8c84fa94-04c1-424b-9868-57a2d4851a1d" />
    <TestEntry testId="6a1169bb-0ff7-ce1b-7e87-691f15f2b483" executionId="747f29ff-acfb-4a92-9f10-e2b198ddbf84" testListId="8c84fa94-04c1-424b-9868-57a2d4851a1d" />
    <TestEntry testId="cfa52c77-4398-1e89-aced-c92f373e2573" executionId="5c414b63-415c-48c5-8332-3096cee36924" testListId="8c84fa94-04c1-424b-9868-57a2d4851a1d" />
    <TestEntry testId="b6fcd2d3-0cb9-0e81-7f90-fc8276316ec5" executionId="952f1cd5-5096-4a75-b8f2-bcafd316a43c" testListId="8c84fa94-04c1-424b-9868-57a2d4851a1d" />
    <TestEntry testId="c95d14a2-46f0-8bc3-88c9-a4ac49b5830d" executionId="644a2cb1-622d-4119-abdd-e943cb6b480e" testListId="8c84fa94-04c1-424b-9868-57a2d4851a1d" />
    <TestEntry testId="c32111dd-99d8-2fdf-7f64-86f677d7f3c5" executionId="c0d95115-ee54-4bf9-9121-ce110066b9c5" testListId="8c84fa94-04c1-424b-9868-57a2d4851a1d" />
    <TestEntry testId="8a9d1229-39fd-434c-c260-d99472b9032c" executionId="3ff1202e-0b46-4423-983d-05d01715a444" testListId="8c84fa94-04c1-424b-9868-57a2d4851a1d" />
    <TestEntry testId="5882caa3-5d10-f2a9-a99e-80a3d273a982" executionId="538392c1-048e-4bac-8189-d20f72f1b357" testListId="8c84fa94-04c1-424b-9868-57a2d4851a1d" />
    <TestEntry testId="b7ca90a2-938c-d8d7-3233-97c39123136e" executionId="f85de26f-4d6e-4776-9c45-40282cf8b24c" testListId="8c84fa94-04c1-424b-9868-57a2d4851a1d" />
    <TestEntry testId="08478d6a-b6a4-fd72-40fe-d3100967cf0b" executionId="08ac0446-a4a1-4bc8-8266-15522cc32f69" testListId="8c84fa94-04c1-424b-9868-57a2d4851a1d" />
    <TestEntry testId="e7d7de9c-9504-2676-d8d9-60fc2060f57d" executionId="19d4e33b-ffb6-4081-9402-961f7b40f02a" testListId="8c84fa94-04c1-424b-9868-57a2d4851a1d" />
    <TestEntry testId="641aca1a-2abf-7981-a075-c62b2603b9a7" executionId="ff0671d9-62bb-4866-abbc-68d776c3ca4c" testListId="8c84fa94-04c1-424b-9868-57a2d4851a1d" />
    <TestEntry testId="6fe84822-de56-270b-9774-fa247582ab1a" executionId="c77757a5-d845-46c4-9cf1-3ab56297535c" testListId="8c84fa94-04c1-424b-9868-57a2d4851a1d" />
    <TestEntry testId="8aaa7a23-b8f4-c3b8-22a9-8b3e0f49d606" executionId="b6b6a4ca-fc10-433f-af73-52e3df926d5a" testListId="8c84fa94-04c1-424b-9868-57a2d4851a1d" />
    <TestEntry testId="6689b8d3-f015-6cad-ed28-0469a4c7a8d7" executionId="9f37fe6c-a244-4350-9e78-7327e1385fda" testListId="8c84fa94-04c1-424b-9868-57a2d4851a1d" />
    <TestEntry testId="eada15cf-25d8-e3de-69d0-6d87e4185346" executionId="b95a6675-f8e3-45b2-95cf-b0745a44f5ef" testListId="8c84fa94-04c1-424b-9868-57a2d4851a1d" />
    <TestEntry testId="03f9670c-9dce-a97b-0676-232191ca6648" executionId="ac669363-a635-4672-adf9-09866c2d04eb" testListId="8c84fa94-04c1-424b-9868-57a2d4851a1d" />
    <TestEntry testId="75db4f34-266f-51be-e948-34432982f9cd" executionId="7161eca6-5cfd-4089-a5c3-cdf2ca900666" testListId="8c84fa94-04c1-424b-9868-57a2d4851a1d" />
    <TestEntry testId="826a87e2-54cb-8f66-2415-679b61b4af2d" executionId="76722623-9f97-4b77-835b-63ffe6c170fc" testListId="8c84fa94-04c1-424b-9868-57a2d4851a1d" />
    <TestEntry testId="c9a47538-237d-c8be-48e0-67eaa7467bf0" executionId="937d6b24-c486-4383-806f-af1af3beeed0" testListId="8c84fa94-04c1-424b-9868-57a2d4851a1d" />
    <TestEntry testId="bb58cf02-d079-9370-e149-87222d6676fe" executionId="148fd64b-700e-4896-9bb8-524c44d8ed7a" testListId="8c84fa94-04c1-424b-9868-57a2d4851a1d" />
    <TestEntry testId="47e67ed8-a260-bd0c-85ba-46d82a75faaa" executionId="b1cebc93-a4fe-410b-9ab9-a572a1d1de04" testListId="8c84fa94-04c1-424b-9868-57a2d4851a1d" />
    <TestEntry testId="4d8a3d5e-7005-a78a-9ae0-f2775624ea7b" executionId="de7691c8-0c1c-4514-affc-fdf59badab63" testListId="8c84fa94-04c1-424b-9868-57a2d4851a1d" />
    <TestEntry testId="4cf43125-c544-0a49-e8e5-b1f96921f4e1" executionId="8c56e219-be99-43b2-81be-441cc9fc4a35" testListId="8c84fa94-04c1-424b-9868-57a2d4851a1d" />
    <TestEntry testId="6059430e-d2e1-c5eb-2f50-3c63bc96810f" executionId="2cc27004-c55f-4dc6-83c2-ad820c4510b1" testListId="8c84fa94-04c1-424b-9868-57a2d4851a1d" />
    <TestEntry testId="155df247-f839-c95a-f915-57462166aeb5" executionId="ab5d214b-1b3e-4727-bd31-9d2acb923c4b" testListId="8c84fa94-04c1-424b-9868-57a2d4851a1d" />
    <TestEntry testId="41462247-d0f9-968b-1454-e710cb59095b" executionId="5fd08060-0a99-40c7-84ce-b7532a78838d" testListId="8c84fa94-04c1-424b-9868-57a2d4851a1d" />
    <TestEntry testId="78b08126-b131-32ee-0ac3-e7ecb466bf66" executionId="7d48ed5b-fad6-4b6b-9c7f-3933c6df9813" testListId="8c84fa94-04c1-424b-9868-57a2d4851a1d" />
    <TestEntry testId="d8562534-0242-d926-52e7-a65aac65f196" executionId="640cbe73-e46c-499b-b7e8-4bd341328882" testListId="8c84fa94-04c1-424b-9868-57a2d4851a1d" />
    <TestEntry testId="3fc9d292-620a-8779-191c-2f22c191ff41" executionId="7edfa040-23c0-450f-a9bb-de7b2f842cac" testListId="8c84fa94-04c1-424b-9868-57a2d4851a1d" />
    <TestEntry testId="c249448e-7666-9670-53b0-b27094b4e0da" executionId="9441a351-2898-42d9-b0d0-29bb75638731" testListId="8c84fa94-04c1-424b-9868-57a2d4851a1d" />
    <TestEntry testId="68e00ceb-cf7c-ae05-56dd-5255e87816f9" executionId="58215a1e-ed42-4ac5-ae70-4c428bbf5c91" testListId="8c84fa94-04c1-424b-9868-57a2d4851a1d" />
    <TestEntry testId="fc2f2ce1-6b8d-f3c6-fe9a-96ba643cf5d6" executionId="a7530575-946a-437d-81fe-5d4c5ac18390" testListId="8c84fa94-04c1-424b-9868-57a2d4851a1d" />
    <TestEntry testId="9b0e062b-06b9-e958-30b6-07b1e322fcb7" executionId="28a1f341-e7f1-4bb0-836d-b5b8b0cdcffd" testListId="8c84fa94-04c1-424b-9868-57a2d4851a1d" />
    <TestEntry testId="6c463249-6a04-6d6b-33dc-aab527a35a83" executionId="5b71a907-624a-4bec-aedf-e2f1a37edf91" testListId="8c84fa94-04c1-424b-9868-57a2d4851a1d" />
    <TestEntry testId="2a7116d7-3ddd-8fed-e88d-11d550d2f020" executionId="67c4d760-cb2b-496b-bb2c-b09e9de9e588" testListId="8c84fa94-04c1-424b-9868-57a2d4851a1d" />
    <TestEntry testId="f70e88d9-0ee6-bd95-8334-b123d961fd6d" executionId="c35d1e11-514b-4068-bb14-b4626f9ed1b3" testListId="8c84fa94-04c1-424b-9868-57a2d4851a1d" />
    <TestEntry testId="00f1acc3-5900-6c56-7cc2-824f168b5c8b" executionId="7a4e3568-9cdf-46bd-b638-7908629ffffb" testListId="8c84fa94-04c1-424b-9868-57a2d4851a1d" />
    <TestEntry testId="ae04da10-e479-fadf-482e-77888ae7baa5" executionId="86f6a0b2-ae24-486f-a422-2927620fa8b1" testListId="8c84fa94-04c1-424b-9868-57a2d4851a1d" />
    <TestEntry testId="5504fb4c-ab77-9a8c-4216-80a53f6290ba" executionId="3db5d73e-09a9-4dec-b5ad-54a69d1015bc" testListId="8c84fa94-04c1-424b-9868-57a2d4851a1d" />
    <TestEntry testId="291600ec-b647-78b3-255e-8c4e60266d1e" executionId="cc310d4f-3bde-4094-bfe6-0e09284ea763" testListId="8c84fa94-04c1-424b-9868-57a2d4851a1d" />
    <TestEntry testId="8b6f358d-7f4c-dcfa-a4d6-f0db253c2e50" executionId="86267b03-d84b-4d0a-a726-179e583f1ae2" testListId="8c84fa94-04c1-424b-9868-57a2d4851a1d" />
    <TestEntry testId="bce27689-6bf3-add4-6ee3-0276a1bf31e6" executionId="00363ec7-845c-4b55-a426-3ff9a2c5c1e3" testListId="8c84fa94-04c1-424b-9868-57a2d4851a1d" />
    <TestEntry testId="e834bb40-9695-e7c3-5c7c-4b51fe0e517e" executionId="7ea025a4-3a3d-4ae2-b518-7cf13e381600" testListId="8c84fa94-04c1-424b-9868-57a2d4851a1d" />
    <TestEntry testId="0180b175-753c-a015-39d6-6acbf852d539" executionId="7a8e0ab0-c8a8-4656-a003-27741bfa697b" testListId="8c84fa94-04c1-424b-9868-57a2d4851a1d" />
    <TestEntry testId="6cbbc7eb-dbc4-d94a-0b56-eeb45a550073" executionId="faef38f9-302b-4dbe-8188-7ae5f3222eb5" testListId="8c84fa94-04c1-424b-9868-57a2d4851a1d" />
    <TestEntry testId="e5ab0fd2-5dea-57e3-87d3-6fdd78ec5de8" executionId="dc55fc20-c5c4-478c-b571-737ca0685600" testListId="8c84fa94-04c1-424b-9868-57a2d4851a1d" />
    <TestEntry testId="52df4736-4c81-6fbd-be05-12d00ec1495e" executionId="7100c2a1-d284-46cb-a265-495a220ac632" testListId="8c84fa94-04c1-424b-9868-57a2d4851a1d" />
    <TestEntry testId="7175eedd-8cbc-c6fa-19a3-e7239d5e4182" executionId="377964c9-cccd-4a05-a94c-078fa4812d91" testListId="8c84fa94-04c1-424b-9868-57a2d4851a1d" />
    <TestEntry testId="f408d0ec-962f-8a50-f7ad-bc341c1be18f" executionId="2e9100de-eb21-49b6-ac41-daeaef472784" testListId="8c84fa94-04c1-424b-9868-57a2d4851a1d" />
    <TestEntry testId="ce23dc56-731d-04b5-a9b0-a0e0354677e2" executionId="cd97e5e7-06df-4d01-b47f-bd48e2476d54" testListId="8c84fa94-04c1-424b-9868-57a2d4851a1d" />
    <TestEntry testId="57b74437-d09d-ee54-18ba-52ed332a305f" executionId="c36c5a9e-72a6-490a-9731-f63e06ed9126" testListId="8c84fa94-04c1-424b-9868-57a2d4851a1d" />
    <TestEntry testId="640035b9-d386-04e4-6868-6de9cef6e110" executionId="f04e099b-bec6-42bb-b806-c64e7180606b" testListId="8c84fa94-04c1-424b-9868-57a2d4851a1d" />
    <TestEntry testId="efd2e8e5-acf8-5cd2-486d-f590a7473f55" executionId="9242956c-a61b-40d0-94fc-9fbdb4827a32" testListId="8c84fa94-04c1-424b-9868-57a2d4851a1d" />
    <TestEntry testId="628d1d3d-f654-1801-038e-9ad31abffc81" executionId="bdad1ce4-0f9a-4258-ac43-15a9d2911155" testListId="8c84fa94-04c1-424b-9868-57a2d4851a1d" />
    <TestEntry testId="b5b0e9a2-6f81-4cdb-f449-7bd7809894c1" executionId="79197f71-d359-47b0-afca-04019d2e2bb8" testListId="8c84fa94-04c1-424b-9868-57a2d4851a1d" />
    <TestEntry testId="cef21791-3ad4-b666-9d19-dc7b06549cb0" executionId="d140298e-8f35-4571-8df1-62d98d09befb" testListId="8c84fa94-04c1-424b-9868-57a2d4851a1d" />
    <TestEntry testId="5df77496-5194-69eb-6293-7031814a522a" executionId="bfe1c27c-97ad-492d-bd1a-73147af92727" testListId="8c84fa94-04c1-424b-9868-57a2d4851a1d" />
    <TestEntry testId="64a53553-5093-4090-6617-c80919a0aece" executionId="d04852bc-d4f2-41d3-88fb-7d1d0ae14b79" testListId="8c84fa94-04c1-424b-9868-57a2d4851a1d" />
    <TestEntry testId="99cb813a-f0ea-4ab6-6763-69e8c44dfec5" executionId="f5cb0d95-8177-49e3-aeb8-adabcd8b166e" testListId="8c84fa94-04c1-424b-9868-57a2d4851a1d" />
    <TestEntry testId="00fb6660-4aae-fb53-5aaa-2c665963864a" executionId="a0ad619f-dd87-4e24-8807-873c02c23b3d" testListId="8c84fa94-04c1-424b-9868-57a2d4851a1d" />
    <TestEntry testId="713b2307-1ae5-d629-5714-45f50b385471" executionId="ab58956a-a52c-46ff-8540-32cf11c860d8" testListId="8c84fa94-04c1-424b-9868-57a2d4851a1d" />
    <TestEntry testId="3b794715-57f7-a1c4-ec5b-d58910db310c" executionId="5cb1b31f-a5ef-4af0-8ef8-9edf140f3865" testListId="8c84fa94-04c1-424b-9868-57a2d4851a1d" />
    <TestEntry testId="e70cc913-0900-72d8-b17a-f1bd71c68b39" executionId="796728cf-9cd8-4a61-8897-7bfb52dddd51" testListId="8c84fa94-04c1-424b-9868-57a2d4851a1d" />
    <TestEntry testId="a5fd22ff-3949-ac90-7d19-513ddbf5f1f5" executionId="6f6c91da-d379-464a-9898-63f8b9a0310b" testListId="8c84fa94-04c1-424b-9868-57a2d4851a1d" />
    <TestEntry testId="3c640002-b9d7-a025-a4b9-fc090fcedd16" executionId="36e8e684-ad29-493c-b8b6-25f7321430a3" testListId="8c84fa94-04c1-424b-9868-57a2d4851a1d" />
    <TestEntry testId="2a414103-bb06-17d0-f359-1de84035a696" executionId="2dc0e892-55eb-4c41-b61e-231651325762" testListId="8c84fa94-04c1-424b-9868-57a2d4851a1d" />
    <TestEntry testId="78f507e6-e50e-510e-35cd-d91130449c41" executionId="9e9e3bf3-0856-4207-9795-725e67f9d082" testListId="8c84fa94-04c1-424b-9868-57a2d4851a1d" />
    <TestEntry testId="e95fadec-7e7d-2f5c-704f-cd3fe69f32e1" executionId="8028c0cd-96ee-4b2e-8592-cb42a15fde5c" testListId="8c84fa94-04c1-424b-9868-57a2d4851a1d" />
  </TestEntries>
  <TestLists>
    <TestList name="Results Not in a List" id="8c84fa94-04c1-424b-9868-57a2d4851a1d" />
    <TestList name="All Loaded Results" id="19431567-8539-422a-85d7-44ee4e166bda" />
  </TestLists>
  <ResultSummary outcome="Completed">
    <Counters total="129" executed="129" passed="129" failed="0" error="0" timeout="0" aborted="0" inconclusive="0" passedButRunAborted="0" notRunnable="0" notExecuted="0" disconnected="0" warning="0" completed="0" inProgress="0" pending="0" />
    <Output>
      <StdOut>[xUnit.net 00:00:00.00] xUnit.net VSTest Adapter v2.5.7+8f2703126a (64-bit .NET 10.0.2)&#xD;
[xUnit.net 00:00:00.13]   Discovering: MusicEngineEditor.Tests&#xD;
[xUnit.net 00:00:00.22]   Discovered:  MusicEngineEditor.Tests&#xD;
[xUnit.net 00:00:00.22]   Starting:    MusicEngineEditor.Tests&#xD;
[xUnit.net 00:00:02.50]   Finished:    MusicEngineEditor.Tests&#xD;
</StdOut>
    </Output>
  </ResultSummary>
</TestRun>