<?xml version="1.0" encoding="utf-8"?>
<TestRun id="2aa9e67d-cce6-436c-a454-c24ee8b4be78" name="water@X 2026-01-31 07:11:15" runUser="X\water" xmlns="http://microsoft.com/schemas/VisualStudio/TeamTest/2010">
  <Times creation="2026-01-31T07:11:15.2793129+01:00" queuing="2026-01-31T07:11:15.2793134+01:00" start="2026-01-31T07:11:14.1493657+01:00" finish="2026-01-31T07:11:16.6287419+01:00" />
  <TestSettings name="default" id="032fbcee-3729-43a0-9e01-301d7432f455">
    <Deployment runDeploymentRoot="water_X_2026-01-31_07_11_15" />
  </TestSettings>
  <Results>
    <UnitTestResult executionId="eb4e32c8-ebd6-47e8-8ffa-d8f74d63bc0a" testId="d2f04afa-1047-caf8-0d5e-a14c4f8eeb0c" testName="MusicEngineEditor.Tests.Services.ProjectServiceTests.OpenProjectAsync_ShouldLoadProjectFromFile" computerName="X" duration="00:00:00.0470550" startTime="2026-01-31T07:11:15.9910627+01:00" endTime="2026-01-31T07:11:15.9910632+01:00" testType="13cdc9d9-ddb5-4fa4-a97d-d965ccfc6d4b" outcome="Passed" testListId="8c84fa94-04c1-424b-9868-57a2d4851a1d" relativeResultsDirectory="eb4e32c8-ebd6-47e8-8ffa-d8f74d63bc0a" />
    <UnitTestResult executionId="d1636a25-8894-4af8-854c-c02d308252f2" testId="2a414103-bb06-17d0-f359-1de84035a696" testName="MusicEngineEditor.Tests.Services.SettingsServiceTests.DefaultSettings_AutoSaveInterval_ShouldBe5" computerName="X" duration="00:00:00.0091524" startTime="2026-01-31T07:11:15.3921206+01:00" endTime="2026-01-31T07:11:15.3921210+01:00" testType="13cdc9d9-ddb5-4fa4-a97d-d965ccfc6d4b" outcome="Passed" testListId="8c84fa94-04c1-424b-9868-57a2d4851a1d" relativeResultsDirectory="d1636a25-8894-4af8-854c-c02d308252f2" />
    <UnitTestResult executionId="c5f4734d-98fb-4c9a-8a86-fd4940546974" testId="8aaa7a23-b8f4-c3b8-22a9-8b3e0f49d606" testName="MusicEngineEditor.Tests.Services.SettingsServiceTests.LoadSettingsAsync_ShouldSetSettingsProperty" computerName="X" duration="00:00:00.0103382" startTime="2026-01-31T07:11:15.2539746+01:00" endTime="2026-01-31T07:11:15.2539751+01:00" testType="13cdc9d9-ddb5-4fa4-a97d-d965ccfc6d4b" outcome="Passed" testListId="8c84fa94-04c1-424b-9868-57a2d4851a1d" relativeResultsDirectory="c5f4734d-98fb-4c9a-8a86-fd4940546974" />
    <UnitTestResult executionId="aa7d2adb-9f14-4f5b-96d4-b0017fde688b" testId="68e00ceb-cf7c-ae05-56dd-5255e87816f9" testName="MusicEngineEditor.Tests.Services.ProjectServiceTests.DeleteScriptAsync_ShouldRemoveFromProjectScripts" computerName="X" duration="00:00:00.0513751" startTime="2026-01-31T07:11:15.2071137+01:00" endTime="2026-01-31T07:11:15.2071142+01:00" testType="13cdc9d9-ddb5-4fa4-a97d-d965ccfc6d4b" outcome="Passed" testListId="8c84fa94-04c1-424b-9868-57a2d4851a1d" relativeResultsDirectory="aa7d2adb-9f14-4f5b-96d4-b0017fde688b" />
    <UnitTestResult executionId="45e43040-6fad-484e-adad-b7e88477fac3" testId="2a7116d7-3ddd-8fed-e88d-11d550d2f020" testName="MusicEngineEditor.Tests.Services.SettingsServiceTests.LoadSettingsAsync_ShouldLoadExistingSettings" computerName="X" duration="00:00:00.0104012" startTime="2026-01-31T07:11:15.2729781+01:00" endTime="2026-01-31T07:11:15.2729786+01:00" testType="13cdc9d9-ddb5-4fa4-a97d-d965ccfc6d4b" outcome="Passed" testListId="8c84fa94-04c1-424b-9868-57a2d4851a1d" relativeResultsDirectory="45e43040-6fad-484e-adad-b7e88477fac3" />
    <UnitTestResult executionId="cc3c8a5d-e58b-4ece-b9a4-681cdb9514eb" testId="497e2119-3254-a7a0-bd82-dfe6fd39510a" testName="MusicEngineEditor.Tests.Services.ProjectServiceTests.ImportAudioAsync_ShouldCopyFileToProjectDirectory" computerName="X" duration="00:00:00.0368329" startTime="2026-01-31T07:11:16.1726703+01:00" endTime="2026-01-31T07:11:16.1726707+01:00" testType="13cdc9d9-ddb5-4fa4-a97d-d965ccfc6d4b" outcome="Passed" testListId="8c84fa94-04c1-424b-9868-57a2d4851a1d" relativeResultsDirectory="cc3c8a5d-e58b-4ece-b9a4-681cdb9514eb" />
    <UnitTestResult executionId="dabbb602-8682-4199-a123-808ad1ed06fc" testId="5df77496-5194-69eb-6293-7031814a522a" testName="MusicEngineEditor.Tests.Services.ProjectServiceTests.OpenProjectAsync_ShouldSetCurrentProject" computerName="X" duration="00:00:00.0259984" startTime="2026-01-31T07:11:16.4375243+01:00" endTime="2026-01-31T07:11:16.4375248+01:00" testType="13cdc9d9-ddb5-4fa4-a97d-d965ccfc6d4b" outcome="Passed" testListId="8c84fa94-04c1-424b-9868-57a2d4851a1d" relativeResultsDirectory="dabbb602-8682-4199-a123-808ad1ed06fc" />
    <UnitTestResult executionId="bb18bab6-dfc3-48d4-b5d2-06c0c6a18aee" testId="efd2e8e5-acf8-5cd2-486d-f590a7473f55" testName="MusicEngineEditor.Tests.Services.SettingsServiceTests.GetMidiInputDevices_ShouldReturnAtLeastNone" computerName="X" duration="00:00:00.0039251" startTime="2026-01-31T07:11:15.2623606+01:00" endTime="2026-01-31T07:11:15.2623611+01:00" testType="13cdc9d9-ddb5-4fa4-a97d-d965ccfc6d4b" outcome="Passed" testListId="8c84fa94-04c1-424b-9868-57a2d4851a1d" relativeResultsDirectory="bb18bab6-dfc3-48d4-b5d2-06c0c6a18aee" />
    <UnitTestResult executionId="a70d6ef5-4630-4829-9ca8-9b97544a0431" testId="bb58cf02-d079-9370-e149-87222d6676fe" testName="MusicEngineEditor.Tests.Services.SettingsServiceTests.SaveSettingsAsync_ShouldUpdateSettingsProperty" computerName="X" duration="00:00:00.0102046" startTime="2026-01-31T07:11:15.2433779+01:00" endTime="2026-01-31T07:11:15.2433784+01:00" testType="13cdc9d9-ddb5-4fa4-a97d-d965ccfc6d4b" outcome="Passed" testListId="8c84fa94-04c1-424b-9868-57a2d4851a1d" relativeResultsDirectory="a70d6ef5-4630-4829-9ca8-9b97544a0431" />
    <UnitTestResult executionId="8b46d8f7-4139-4784-aab2-06f9f224eda6" testId="52df4736-4c81-6fbd-be05-12d00ec1495e" testName="MusicEngineEditor.Tests.Services.ProjectServiceTests.CreateProjectAsync_ShouldCreateScriptsSubdirectory" computerName="X" duration="00:00:00.0135812" startTime="2026-01-31T07:11:15.6895734+01:00" endTime="2026-01-31T07:11:15.6895739+01:00" testType="13cdc9d9-ddb5-4fa4-a97d-d965ccfc6d4b" outcome="Passed" testListId="8c84fa94-04c1-424b-9868-57a2d4851a1d" relativeResultsDirectory="8b46d8f7-4139-4784-aab2-06f9f224eda6" />
    <UnitTestResult executionId="4c9e230e-f944-433a-899f-60a08ef41bc0" testId="e95fadec-7e7d-2f5c-704f-cd3fe69f32e1" testName="MusicEngineEditor.Tests.ViewModels.MainViewModelTests.Constructor_ShouldLoadSettings" computerName="X" duration="00:00:00.0065518" startTime="2026-01-31T07:11:15.3373120+01:00" endTime="2026-01-31T07:11:15.3373124+01:00" testType="13cdc9d9-ddb5-4fa4-a97d-d965ccfc6d4b" outcome="Passed" testListId="8c84fa94-04c1-424b-9868-57a2d4851a1d" relativeResultsDirectory="4c9e230e-f944-433a-899f-60a08ef41bc0" />
    <UnitTestResult executionId="ddf04ee9-2ec5-450d-979e-09ae2e7bad04" testId="96fc1b2e-6de0-b819-b83f-2c7641face21" testName="MusicEngineEditor.Tests.ViewModels.MainViewModelTests.Constructor_ShouldInitializeOpenDocumentsCollection" computerName="X" duration="00:00:00.0015303" startTime="2026-01-31T07:11:15.3083023+01:00" endTime="2026-01-31T07:11:15.3083029+01:00" testType="13cdc9d9-ddb5-4fa4-a97d-d965ccfc6d4b" outcome="Passed" testListId="8c84fa94-04c1-424b-9868-57a2d4851a1d" relativeResultsDirectory="ddf04ee9-2ec5-450d-979e-09ae2e7bad04" />
    <UnitTestResult executionId="bbacda9f-ccc4-4a26-9660-8faa16e2beb7" testId="75db4f34-266f-51be-e948-34432982f9cd" testName="MusicEngineEditor.Tests.ViewModels.MainViewModelTests.Constructor_ShouldInitializeOutput" computerName="X" duration="00:00:00.0004256" startTime="2026-01-31T07:11:15.3416321+01:00" endTime="2026-01-31T07:11:15.3416324+01:00" testType="13cdc9d9-ddb5-4fa4-a97d-d965ccfc6d4b" outcome="Passed" testListId="8c84fa94-04c1-424b-9868-57a2d4851a1d" relativeResultsDirectory="bbacda9f-ccc4-4a26-9660-8faa16e2beb7" />
    <UnitTestResult executionId="7a62b620-bc56-48d9-9312-6c6ba967086e" testId="c1525632-8ef6-9455-8421-52763e3d5af5" testName="MusicEngineEditor.Tests.ViewModels.MainViewModelTests.OpenScript_ShouldSwitchToExistingDocumentIfAlreadyOpen" computerName="X" duration="00:00:00.0005942" startTime="2026-01-31T07:11:15.3066121+01:00" endTime="2026-01-31T07:11:15.3066122+01:00" testType="13cdc9d9-ddb5-4fa4-a97d-d965ccfc6d4b" outcome="Passed" testListId="8c84fa94-04c1-424b-9868-57a2d4851a1d" relativeResultsDirectory="7a62b620-bc56-48d9-9312-6c6ba967086e" />
    <UnitTestResult executionId="1589d98f-8832-4111-8f09-09ec48e2b522" testId="5882caa3-5d10-f2a9-a99e-80a3d273a982" testName="MusicEngineEditor.Tests.ViewModels.MainViewModelTests.ActiveDocument_ShouldBeNullInitially" computerName="X" duration="00:00:00.0010778" startTime="2026-01-31T07:11:15.2943633+01:00" endTime="2026-01-31T07:11:15.2943638+01:00" testType="13cdc9d9-ddb5-4fa4-a97d-d965ccfc6d4b" outcome="Passed" testListId="8c84fa94-04c1-424b-9868-57a2d4851a1d" relativeResultsDirectory="1589d98f-8832-4111-8f09-09ec48e2b522" />
    <UnitTestResult executionId="018b763d-74f2-4584-a6a5-1272036b7e2a" testId="9649b404-62e0-a41d-24f0-eb5f4e9f1c48" testName="MusicEngineEditor.Tests.ViewModels.MainViewModelTests.ActiveDocument_ShouldRaisePropertyChanged" computerName="X" duration="00:00:00.0008449" startTime="2026-01-31T07:11:15.3183439+01:00" endTime="2026-01-31T07:11:15.3183441+01:00" testType="13cdc9d9-ddb5-4fa4-a97d-d965ccfc6d4b" outcome="Passed" testListId="8c84fa94-04c1-424b-9868-57a2d4851a1d" relativeResultsDirectory="018b763d-74f2-4584-a6a5-1272036b7e2a" />
    <UnitTestResult executionId="aebf48ff-0ef8-4693-8a82-00c79863ad80" testId="111a60ce-60fd-01c3-be90-4e5096918335" testName="MusicEngineEditor.Tests.Services.ProjectServiceTests.CloseProjectAsync_ShouldSaveIfDirty" computerName="X" duration="00:00:00.0514656" startTime="2026-01-31T07:11:16.3506360+01:00" endTime="2026-01-31T07:11:16.3506367+01:00" testType="13cdc9d9-ddb5-4fa4-a97d-d965ccfc6d4b" outcome="Passed" testListId="8c84fa94-04c1-424b-9868-57a2d4851a1d" relativeResultsDirectory="aebf48ff-0ef8-4693-8a82-00c79863ad80" />
    <UnitTestResult executionId="9060141e-2d7d-47e6-8c97-1eae0dee28ba" testId="e834bb40-9695-e7c3-5c7c-4b51fe0e517e" testName="MusicEngineEditor.Tests.Services.ProjectServiceTests.CreateProjectAsync_ShouldSetCurrentProject" computerName="X" duration="00:00:00.0228154" startTime="2026-01-31T07:11:15.7345443+01:00" endTime="2026-01-31T07:11:15.7345447+01:00" testType="13cdc9d9-ddb5-4fa4-a97d-d965ccfc6d4b" outcome="Passed" testListId="8c84fa94-04c1-424b-9868-57a2d4851a1d" relativeResultsDirectory="9060141e-2d7d-47e6-8c97-1eae0dee28ba" />
    <UnitTestResult executionId="0b09ff5b-36b2-4212-9253-dd181ffb4495" testId="340f6c5e-50c4-2001-fd71-b6d8776c180e" testName="MusicEngineEditor.Tests.Services.ProjectServiceTests.CloseProjectAsync_ShouldRaiseProjectClosedEvent" computerName="X" duration="00:00:00.0134826" startTime="2026-01-31T07:11:16.5194501+01:00" endTime="2026-01-31T07:11:16.5194507+01:00" testType="13cdc9d9-ddb5-4fa4-a97d-d965ccfc6d4b" outcome="Passed" testListId="8c84fa94-04c1-424b-9868-57a2d4851a1d" relativeResultsDirectory="0b09ff5b-36b2-4212-9253-dd181ffb4495" />
    <UnitTestResult executionId="ae41bfe5-8dbc-4212-8934-159357ca9f46" testId="3b794715-57f7-a1c4-ec5b-d58910db310c" testName="MusicEngineEditor.Tests.Services.ProjectServiceTests.DeleteScriptAsync_ShouldRemoveFileFromDisk" computerName="X" duration="00:00:00.0341225" startTime="2026-01-31T07:11:16.3849841+01:00" endTime="2026-01-31T07:11:16.3849847+01:00" testType="13cdc9d9-ddb5-4fa4-a97d-d965ccfc6d4b" outcome="Passed" testListId="8c84fa94-04c1-424b-9868-57a2d4851a1d" relativeResultsDirectory="ae41bfe5-8dbc-4212-8934-159357ca9f46" />
    <UnitTestResult executionId="31e6cbc9-cd12-484a-af9e-18bf323da76a" testId="d8562534-0242-d926-52e7-a65aac65f196" testName="MusicEngineEditor.Tests.Services.ProjectServiceTests.CreateProjectAsync_ShouldCreateProjectWithCorrectName" computerName="X" duration="00:00:00.0218030" startTime="2026-01-31T07:11:15.5899537+01:00" endTime="2026-01-31T07:11:15.5899546+01:00" testType="13cdc9d9-ddb5-4fa4-a97d-d965ccfc6d4b" outcome="Passed" testListId="8c84fa94-04c1-424b-9868-57a2d4851a1d" relativeResultsDirectory="31e6cbc9-cd12-484a-af9e-18bf323da76a" />
    <UnitTestResult executionId="4dda0020-f74a-4464-8f08-aa2c969530fe" testId="ce23dc56-731d-04b5-a9b0-a0e0354677e2" testName="MusicEngineEditor.Tests.Services.ProjectServiceTests.CloseProjectAsync_ShouldSetCurrentProjectToNull" computerName="X" duration="00:00:00.0239275" startTime="2026-01-31T07:11:16.2654374+01:00" endTime="2026-01-31T07:11:16.2654379+01:00" testType="13cdc9d9-ddb5-4fa4-a97d-d965ccfc6d4b" outcome="Passed" testListId="8c84fa94-04c1-424b-9868-57a2d4851a1d" relativeResultsDirectory="4dda0020-f74a-4464-8f08-aa2c969530fe" />
    <UnitTestResult executionId="d527ac50-f25e-4f4f-b395-e8cd78d36001" testId="c32111dd-99d8-2fdf-7f64-86f677d7f3c5" testName="MusicEngineEditor.Tests.Services.ProjectServiceTests.CreateProjectAsync_ShouldSanitizeNamespace" computerName="X" duration="00:00:00.0228944" startTime="2026-01-31T07:11:15.8168669+01:00" endTime="2026-01-31T07:11:15.8168678+01:00" testType="13cdc9d9-ddb5-4fa4-a97d-d965ccfc6d4b" outcome="Passed" testListId="8c84fa94-04c1-424b-9868-57a2d4851a1d" relativeResultsDirectory="d527ac50-f25e-4f4f-b395-e8cd78d36001" />
    <UnitTestResult executionId="c8173631-65ec-4f06-bd9c-b52b69e5320c" testId="99cb813a-f0ea-4ab6-6763-69e8c44dfec5" testName="MusicEngineEditor.Tests.Services.SettingsServiceTests.GetAudioOutputDevices_ShouldReturnAtLeastDefault" computerName="X" duration="00:00:00.0052648" startTime="2026-01-31T07:11:15.3270943+01:00" endTime="2026-01-31T07:11:15.3270947+01:00" testType="13cdc9d9-ddb5-4fa4-a97d-d965ccfc6d4b" outcome="Passed" testListId="8c84fa94-04c1-424b-9868-57a2d4851a1d" relativeResultsDirectory="c8173631-65ec-4f06-bd9c-b52b69e5320c" />
    <UnitTestResult executionId="65eada7f-3a51-4aa3-9628-cbffc237b5a7" testId="4d8a3d5e-7005-a78a-9ae0-f2775624ea7b" testName="MusicEngineEditor.Tests.Services.ProjectServiceTests.CreateProjectAsync_ShouldCreateProjectDirectory" computerName="X" duration="00:00:00.0182652" startTime="2026-01-31T07:11:15.3007810+01:00" endTime="2026-01-31T07:11:15.3007811+01:00" testType="13cdc9d9-ddb5-4fa4-a97d-d965ccfc6d4b" outcome="Passed" testListId="8c84fa94-04c1-424b-9868-57a2d4851a1d" relativeResultsDirectory="65eada7f-3a51-4aa3-9628-cbffc237b5a7" />
    <UnitTestResult executionId="5867413c-04de-477f-b6fc-059b2b15084a" testId="d5bcda05-6071-8596-2dcd-6ea0a0506093" testName="MusicEngineEditor.Tests.Services.SettingsServiceTests.SaveSettingsAsync_ShouldPersistPathSettings" computerName="X" duration="00:00:00.0116375" startTime="2026-01-31T07:11:15.4040357+01:00" endTime="2026-01-31T07:11:15.4040362+01:00" testType="13cdc9d9-ddb5-4fa4-a97d-d965ccfc6d4b" outcome="Passed" testListId="8c84fa94-04c1-424b-9868-57a2d4851a1d" relativeResultsDirectory="5867413c-04de-477f-b6fc-059b2b15084a" />
    <UnitTestResult executionId="bc2484cf-d2a6-4732-bcbe-2c91a0e74ef5" testId="6a1169bb-0ff7-ce1b-7e87-691f15f2b483" testName="MusicEngineEditor.Tests.ViewModels.MainViewModelTests.OpenSettingsCommand_ShouldExist" computerName="X" duration="00:00:00.0008291" startTime="2026-01-31T07:11:15.3441308+01:00" endTime="2026-01-31T07:11:15.3441314+01:00" testType="13cdc9d9-ddb5-4fa4-a97d-d965ccfc6d4b" outcome="Passed" testListId="8c84fa94-04c1-424b-9868-57a2d4851a1d" relativeResultsDirectory="bc2484cf-d2a6-4732-bcbe-2c91a0e74ef5" />
    <UnitTestResult executionId="2bca8b0d-24ae-4a49-bf35-6b9b975bb191" testId="b7ca90a2-938c-d8d7-3233-97c39123136e" testName="MusicEngineEditor.Tests.Services.SettingsServiceTests.SaveSettingsAsync_ShouldPersistAudioSettings" computerName="X" duration="00:00:00.0104943" startTime="2026-01-31T07:11:15.3597131+01:00" endTime="2026-01-31T07:11:15.3597138+01:00" testType="13cdc9d9-ddb5-4fa4-a97d-d965ccfc6d4b" outcome="Passed" testListId="8c84fa94-04c1-424b-9868-57a2d4851a1d" relativeResultsDirectory="2bca8b0d-24ae-4a49-bf35-6b9b975bb191" />
    <UnitTestResult executionId="2141fb75-3e8c-4e54-9692-e7ddce8a8acf" testId="ae04da10-e479-fadf-482e-77888ae7baa5" testName="MusicEngineEditor.Tests.Services.SettingsServiceTests.ResetToDefaults_ShouldSetDefaultEditorSettings" computerName="X" duration="00:00:00.0044146" startTime="2026-01-31T07:11:15.1680419+01:00" endTime="2026-01-31T07:11:15.1680420+01:00" testType="13cdc9d9-ddb5-4fa4-a97d-d965ccfc6d4b" outcome="Passed" testListId="8c84fa94-04c1-424b-9868-57a2d4851a1d" relativeResultsDirectory="2141fb75-3e8c-4e54-9692-e7ddce8a8acf" />
    <UnitTestResult executionId="377eb774-6404-4ce8-995c-977dc8e0e1b9" testId="57b74437-d09d-ee54-18ba-52ed332a305f" testName="MusicEngineEditor.Tests.Services.SettingsServiceTests.DefaultSettings_ShowLineNumbers_ShouldBeTrue" computerName="X" duration="00:00:00.0096881" startTime="2026-01-31T07:11:15.2927417+01:00" endTime="2026-01-31T07:11:15.2927420+01:00" testType="13cdc9d9-ddb5-4fa4-a97d-d965ccfc6d4b" outcome="Passed" testListId="8c84fa94-04c1-424b-9868-57a2d4851a1d" relativeResultsDirectory="377eb774-6404-4ce8-995c-977dc8e0e1b9" />
    <UnitTestResult executionId="c186b56a-9f2d-44c4-a348-d515c92c359f" testId="896ad4bc-4828-2b46-3a2f-3990edf30caf" testName="MusicEngineEditor.Tests.Services.SettingsServiceTests.AudioSettings_AvailableSampleRates_ShouldContainCommonRates" computerName="X" duration="00:00:00.0048114" startTime="2026-01-31T07:11:15.3827700+01:00" endTime="2026-01-31T07:11:15.3827704+01:00" testType="13cdc9d9-ddb5-4fa4-a97d-d965ccfc6d4b" outcome="Passed" testListId="8c84fa94-04c1-424b-9868-57a2d4851a1d" relativeResultsDirectory="c186b56a-9f2d-44c4-a348-d515c92c359f" />
    <UnitTestResult executionId="ae347c2f-5d1c-4751-b4c4-e44d89378d77" testId="b6fcd2d3-0cb9-0e81-7f90-fc8276316ec5" testName="MusicEngineEditor.Tests.Services.SettingsServiceTests.ResetToDefaults_ShouldSetDefaultAudioSettings" computerName="X" duration="00:00:00.0039806" startTime="2026-01-31T07:11:15.2581959+01:00" endTime="2026-01-31T07:11:15.2581965+01:00" testType="13cdc9d9-ddb5-4fa4-a97d-d965ccfc6d4b" outcome="Passed" testListId="8c84fa94-04c1-424b-9868-57a2d4851a1d" relativeResultsDirectory="ae347c2f-5d1c-4751-b4c4-e44d89378d77" />
    <UnitTestResult executionId="c63c58bf-b7d9-47f8-9aba-254ad8251bf9" testId="5504fb4c-ab77-9a8c-4216-80a53f6290ba" testName="MusicEngineEditor.Tests.Services.ProjectServiceTests.CreateProjectAsync_ShouldCreateProjectFile" computerName="X" duration="00:00:00.0212908" startTime="2026-01-31T07:11:16.1356202+01:00" endTime="2026-01-31T07:11:16.1356211+01:00" testType="13cdc9d9-ddb5-4fa4-a97d-d965ccfc6d4b" outcome="Passed" testListId="8c84fa94-04c1-424b-9868-57a2d4851a1d" relativeResultsDirectory="c63c58bf-b7d9-47f8-9aba-254ad8251bf9" />
    <UnitTestResult executionId="f6fec60e-8bf1-48ff-ba88-d012ccb78836" testId="cbc940d0-ad43-fa57-8b93-6dfadaf720c1" testName="MusicEngineEditor.Tests.Services.SettingsServiceTests.LoadSettingsAsync_ShouldCreateSettingsFileIfNotExists" computerName="X" duration="00:00:00.0093880" startTime="2026-01-31T07:11:15.1633407+01:00" endTime="2026-01-31T07:11:15.1633408+01:00" testType="13cdc9d9-ddb5-4fa4-a97d-d965ccfc6d4b" outcome="Passed" testListId="8c84fa94-04c1-424b-9868-57a2d4851a1d" relativeResultsDirectory="f6fec60e-8bf1-48ff-ba88-d012ccb78836" />
    <UnitTestResult executionId="f12745c0-c93a-42b1-9e6a-2c54b05fe91f" testId="898563f0-430c-1b88-27c3-6de7219c3db0" testName="MusicEngineEditor.Tests.ViewModels.MainViewModelTests.OpenScript_ShouldSetAsActiveDocument" computerName="X" duration="00:00:00.0005844" startTime="2026-01-31T07:11:15.3458587+01:00" endTime="2026-01-31T07:11:15.3458588+01:00" testType="13cdc9d9-ddb5-4fa4-a97d-d965ccfc6d4b" outcome="Passed" testListId="8c84fa94-04c1-424b-9868-57a2d4851a1d" relativeResultsDirectory="f12745c0-c93a-42b1-9e6a-2c54b05fe91f" />
    <UnitTestResult executionId="fd72706c-55d5-45f5-a0f1-cee251d5a956" testId="08478d6a-b6a4-fd72-40fe-d3100967cf0b" testName="MusicEngineEditor.Tests.ViewModels.MainViewModelTests.PlaybackStatus_ShouldRaisePropertyChanged" computerName="X" duration="00:00:00.0010559" startTime="2026-01-31T07:11:15.3058379+01:00" endTime="2026-01-31T07:11:15.3058388+01:00" testType="13cdc9d9-ddb5-4fa4-a97d-d965ccfc6d4b" outcome="Passed" testListId="8c84fa94-04c1-424b-9868-57a2d4851a1d" relativeResultsDirectory="fd72706c-55d5-45f5-a0f1-cee251d5a956" />
    <UnitTestResult executionId="0483774f-a35c-483b-814a-676c12e96355" testId="e43fec9f-6356-9a5e-8002-2eb90248b5dd" testName="MusicEngineEditor.Tests.Services.SettingsServiceTests.DefaultSettings_WordWrap_ShouldBeFalse" computerName="X" duration="00:00:00.0127173" startTime="2026-01-31T07:11:15.2329300+01:00" endTime="2026-01-31T07:11:15.2329307+01:00" testType="13cdc9d9-ddb5-4fa4-a97d-d965ccfc6d4b" outcome="Passed" testListId="8c84fa94-04c1-424b-9868-57a2d4851a1d" relativeResultsDirectory="0483774f-a35c-483b-814a-676c12e96355" />
    <UnitTestResult executionId="8426d8bf-52ea-4f6c-bdcc-eab4da664ecb" testId="dd449465-a161-d3e3-ebc6-54ebdec0c510" testName="MusicEngineEditor.Tests.ViewModels.MainViewModelTests.CurrentProject_ShouldRaisePropertyChanged" computerName="X" duration="00:00:00.0010912" startTime="2026-01-31T07:11:15.3252865+01:00" endTime="2026-01-31T07:11:15.3252869+01:00" testType="13cdc9d9-ddb5-4fa4-a97d-d965ccfc6d4b" outcome="Passed" testListId="8c84fa94-04c1-424b-9868-57a2d4851a1d" relativeResultsDirectory="8426d8bf-52ea-4f6c-bdcc-eab4da664ecb" />
    <UnitTestResult executionId="1ab92ed9-7883-4d70-bfce-ab9b6f69dbf5" testId="4b74a049-daf6-069a-f631-e0f37ed82168" testName="MusicEngineEditor.Tests.Services.ProjectServiceTests.OpenProjectAsync_ShouldPreserveProjectGuid" computerName="X" duration="00:00:00.0327264" startTime="2026-01-31T07:11:15.5679317+01:00" endTime="2026-01-31T07:11:15.5679322+01:00" testType="13cdc9d9-ddb5-4fa4-a97d-d965ccfc6d4b" outcome="Passed" testListId="8c84fa94-04c1-424b-9868-57a2d4851a1d" relativeResultsDirectory="1ab92ed9-7883-4d70-bfce-ab9b6f69dbf5" />
    <UnitTestResult executionId="227bb5e9-8ad8-4ff7-8f05-66f1216df916" testId="2bf22984-cd86-c64e-e0a7-823c73ec630b" testName="MusicEngineEditor.Tests.Services.SettingsServiceTests.DefaultSettings_HighlightCurrentLine_ShouldBeTrue" computerName="X" duration="00:00:00.0888329" startTime="2026-01-31T07:11:15.0527706+01:00" endTime="2026-01-31T07:11:15.0527713+01:00" testType="13cdc9d9-ddb5-4fa4-a97d-d965ccfc6d4b" outcome="Passed" testListId="8c84fa94-04c1-424b-9868-57a2d4851a1d" relativeResultsDirectory="227bb5e9-8ad8-4ff7-8f05-66f1216df916" />
    <UnitTestResult executionId="8bebe72e-f5fa-49b4-bd9a-539d8dabe2ad" testId="d2ed7105-59b1-bd22-0c92-903b4b06c99b" testName="MusicEngineEditor.Tests.Services.SettingsServiceTests.EditorSettings_AvailableThemes_ShouldContainDarkAndLight" computerName="X" duration="00:00:00.0042776" startTime="2026-01-31T07:11:15.2199018+01:00" endTime="2026-01-31T07:11:15.2199022+01:00" testType="13cdc9d9-ddb5-4fa4-a97d-d965ccfc6d4b" outcome="Passed" testListId="8c84fa94-04c1-424b-9868-57a2d4851a1d" relativeResultsDirectory="8bebe72e-f5fa-49b4-bd9a-539d8dabe2ad" />
    <UnitTestResult executionId="9589482a-b264-4160-a459-9f28f709148d" testId="78f507e6-e50e-510e-35cd-d91130449c41" testName="MusicEngineEditor.Tests.ViewModels.MainViewModelTests.NewProjectCommand_ShouldExist" computerName="X" duration="00:00:00.0007863" startTime="2026-01-31T07:11:15.3282368+01:00" endTime="2026-01-31T07:11:15.3282370+01:00" testType="13cdc9d9-ddb5-4fa4-a97d-d965ccfc6d4b" outcome="Passed" testListId="8c84fa94-04c1-424b-9868-57a2d4851a1d" relativeResultsDirectory="9589482a-b264-4160-a459-9f28f709148d" />
    <UnitTestResult executionId="00230c54-c636-49e8-8c07-0290ed48dcf9" testId="9b0e062b-06b9-e958-30b6-07b1e322fcb7" testName="MusicEngineEditor.Tests.ViewModels.MainViewModelTests.StatusMessage_ShouldRaisePropertyChanged" computerName="X" duration="00:00:00.0015187" startTime="2026-01-31T07:11:15.3154511+01:00" endTime="2026-01-31T07:11:15.3154515+01:00" testType="13cdc9d9-ddb5-4fa4-a97d-d965ccfc6d4b" outcome="Passed" testListId="8c84fa94-04c1-424b-9868-57a2d4851a1d" relativeResultsDirectory="00230c54-c636-49e8-8c07-0290ed48dcf9" />
    <UnitTestResult executionId="d78e61b7-e0db-4b2e-8c2a-68b41313f7e8" testId="bab174dd-b86d-17a0-5752-e8501b9a6671" testName="MusicEngineEditor.Tests.Services.ProjectServiceTests.CreateProjectAsync_ShouldRaiseProjectLoadedEvent" computerName="X" duration="00:00:00.1206877" startTime="2026-01-31T07:11:15.0794705+01:00" endTime="2026-01-31T07:11:15.0794711+01:00" testType="13cdc9d9-ddb5-4fa4-a97d-d965ccfc6d4b" outcome="Passed" testListId="8c84fa94-04c1-424b-9868-57a2d4851a1d" relativeResultsDirectory="d78e61b7-e0db-4b2e-8c2a-68b41313f7e8" />
    <UnitTestResult executionId="44ed42c4-61db-4a6e-b773-6e6c16d0f954" testId="291600ec-b647-78b3-255e-8c4e60266d1e" testName="MusicEngineEditor.Tests.Services.SettingsServiceTests.SaveSettingsAsync_ShouldCreateDirectoryIfNotExists" computerName="X" duration="00:00:00.0191704" startTime="2026-01-31T07:11:15.1846944+01:00" endTime="2026-01-31T07:11:15.1846948+01:00" testType="13cdc9d9-ddb5-4fa4-a97d-d965ccfc6d4b" outcome="Passed" testListId="8c84fa94-04c1-424b-9868-57a2d4851a1d" relativeResultsDirectory="44ed42c4-61db-4a6e-b773-6e6c16d0f954" />
    <UnitTestResult executionId="d3093805-9fc4-4911-8438-695cd196f2db" testId="6cbbc7eb-dbc4-d94a-0b56-eeb45a550073" testName="MusicEngineEditor.Tests.Services.ProjectServiceTests.CreateScript_ShouldCreateScriptInFolder" computerName="X" duration="00:00:00.0219638" startTime="2026-01-31T07:11:15.6121264+01:00" endTime="2026-01-31T07:11:15.6121268+01:00" testType="13cdc9d9-ddb5-4fa4-a97d-d965ccfc6d4b" outcome="Passed" testListId="8c84fa94-04c1-424b-9868-57a2d4851a1d" relativeResultsDirectory="d3093805-9fc4-4911-8438-695cd196f2db" />
    <UnitTestResult executionId="b7dd35b2-8abb-4d12-8066-25e67015dcb7" testId="30669d21-ce87-611c-5167-fd0c8b5578ef" testName="MusicEngineEditor.Tests.Services.ProjectServiceTests.ImportAudioAsync_ShouldCreateCategoryDirectory" computerName="X" duration="00:00:00.0374520" startTime="2026-01-31T07:11:15.6497960+01:00" endTime="2026-01-31T07:11:15.6497966+01:00" testType="13cdc9d9-ddb5-4fa4-a97d-d965ccfc6d4b" outcome="Passed" testListId="8c84fa94-04c1-424b-9868-57a2d4851a1d" relativeResultsDirectory="b7dd35b2-8abb-4d12-8066-25e67015dcb7" />
    <UnitTestResult executionId="845b196b-f3f7-44a6-addb-98c244a3f260" testId="fc2f2ce1-6b8d-f3c6-fe9a-96ba643cf5d6" testName="MusicEngineEditor.Tests.ViewModels.MainViewModelTests.ExitCommand_ShouldExist" computerName="X" duration="00:00:00.0009522" startTime="2026-01-31T07:11:15.3272969+01:00" endTime="2026-01-31T07:11:15.3272970+01:00" testType="13cdc9d9-ddb5-4fa4-a97d-d965ccfc6d4b" outcome="Passed" testListId="8c84fa94-04c1-424b-9868-57a2d4851a1d" relativeResultsDirectory="845b196b-f3f7-44a6-addb-98c244a3f260" />
    <UnitTestResult executionId="a2cb6efc-f975-4038-b1fc-9d82ef284c3b" testId="6c463249-6a04-6d6b-33dc-aab527a35a83" testName="MusicEngineEditor.Tests.Services.SettingsServiceTests.DefaultSettings_EditorFontSize_ShouldBe14" computerName="X" duration="00:00:00.0150360" startTime="2026-01-31T07:11:15.1632579+01:00" endTime="2026-01-31T07:11:15.1632580+01:00" testType="13cdc9d9-ddb5-4fa4-a97d-d965ccfc6d4b" outcome="Passed" testListId="8c84fa94-04c1-424b-9868-57a2d4851a1d" relativeResultsDirectory="a2cb6efc-f975-4038-b1fc-9d82ef284c3b" />
    <UnitTestResult executionId="1675c13c-b312-40a6-a5cd-838ad3c60c56" testId="c95d14a2-46f0-8bc3-88c9-a4ac49b5830d" testName="MusicEngineEditor.Tests.ViewModels.MainViewModelTests.CurrentProject_ShouldBeNullInitially" computerName="X" duration="00:00:00.0005985" startTime="2026-01-31T07:11:15.3126392+01:00" endTime="2026-01-31T07:11:15.3126393+01:00" testType="13cdc9d9-ddb5-4fa4-a97d-d965ccfc6d4b" outcome="Passed" testListId="8c84fa94-04c1-424b-9868-57a2d4851a1d" relativeResultsDirectory="1675c13c-b312-40a6-a5cd-838ad3c60c56" />
    <UnitTestResult executionId="480aff93-3275-4eed-b6e1-b1437fb802fe" testId="a7d019c6-27e6-55f3-ee20-bf5a7d9bfebe" testName="MusicEngineEditor.Tests.Services.ProjectServiceTests.ProjectFile_ShouldContainSchemaField" computerName="X" duration="00:00:00.0255618" startTime="2026-01-31T07:11:16.1985245+01:00" endTime="2026-01-31T07:11:16.1985257+01:00" testType="13cdc9d9-ddb5-4fa4-a97d-d965ccfc6d4b" outcome="Passed" testListId="8c84fa94-04c1-424b-9868-57a2d4851a1d" relativeResultsDirectory="480aff93-3275-4eed-b6e1-b1437fb802fe" />
    <UnitTestResult executionId="7888d0aa-f901-4131-a7c1-6a20fc0e281c" testId="b24722be-fcf4-ef64-85ac-f9de05d3e7e8" testName="MusicEngineEditor.Tests.ViewModels.MainViewModelTests.SaveCommand_ShouldExist" computerName="X" duration="00:00:00.0006990" startTime="2026-01-31T07:11:15.2952407+01:00" endTime="2026-01-31T07:11:15.2952414+01:00" testType="13cdc9d9-ddb5-4fa4-a97d-d965ccfc6d4b" outcome="Passed" testListId="8c84fa94-04c1-424b-9868-57a2d4851a1d" relativeResultsDirectory="7888d0aa-f901-4131-a7c1-6a20fc0e281c" />
    <UnitTestResult executionId="ccb8aeb3-2991-44b0-b88a-2d34e200289a" testId="a5fd22ff-3949-ac90-7d19-513ddbf5f1f5" testName="MusicEngineEditor.Tests.Services.SettingsServiceTests.ResetToDefaults_ShouldSetDefaultPathSettings" computerName="X" duration="00:00:00.0038072" startTime="2026-01-31T07:11:15.3777186+01:00" endTime="2026-01-31T07:11:15.3777189+01:00" testType="13cdc9d9-ddb5-4fa4-a97d-d965ccfc6d4b" outcome="Passed" testListId="8c84fa94-04c1-424b-9868-57a2d4851a1d" relativeResultsDirectory="ccb8aeb3-2991-44b0-b88a-2d34e200289a" />
    <UnitTestResult executionId="e206a56f-9e30-48c9-93e0-3eaf605f6ac5" testId="c9a47538-237d-c8be-48e0-67eaa7467bf0" testName="MusicEngineEditor.Tests.ViewModels.MainViewModelTests.OpenProjectCommand_ShouldExist" computerName="X" duration="00:00:00.0025797" startTime="2026-01-31T07:11:15.2910817+01:00" endTime="2026-01-31T07:11:15.2910822+01:00" testType="13cdc9d9-ddb5-4fa4-a97d-d965ccfc6d4b" outcome="Passed" testListId="8c84fa94-04c1-424b-9868-57a2d4851a1d" relativeResultsDirectory="e206a56f-9e30-48c9-93e0-3eaf605f6ac5" />
    <UnitTestResult executionId="14c7ecd1-1432-4e50-b27a-2fa9814fcc4c" testId="4cf43125-c544-0a49-e8e5-b1f96921f4e1" testName="MusicEngineEditor.Tests.Services.ProjectServiceTests.CreateScript_ShouldSetCorrectNamespace" computerName="X" duration="00:00:00.0135541" startTime="2026-01-31T07:11:15.4310785+01:00" endTime="2026-01-31T07:11:15.4310793+01:00" testType="13cdc9d9-ddb5-4fa4-a97d-d965ccfc6d4b" outcome="Passed" testListId="8c84fa94-04c1-424b-9868-57a2d4851a1d" relativeResultsDirectory="14c7ecd1-1432-4e50-b27a-2fa9814fcc4c" />
    <UnitTestResult executionId="da855aec-310d-40ba-a0a7-3748991cbc0b" testId="430f8769-6806-7d0d-7803-a9043760c738" testName="MusicEngineEditor.Tests.ViewModels.MainViewModelTests.OnProjectLoaded_ShouldSetCurrentProject" computerName="X" duration="00:00:00.3243553" startTime="2026-01-31T07:11:15.2828415+01:00" endTime="2026-01-31T07:11:15.2828419+01:00" testType="13cdc9d9-ddb5-4fa4-a97d-d965ccfc6d4b" outcome="Passed" testListId="8c84fa94-04c1-424b-9868-57a2d4851a1d" relativeResultsDirectory="da855aec-310d-40ba-a0a7-3748991cbc0b" />
    <UnitTestResult executionId="c1d8a905-3cca-4739-9811-f296ab0fb7a5" testId="f408d0ec-962f-8a50-f7ad-bc341c1be18f" testName="MusicEngineEditor.Tests.UI.UISmokeTests.MainWindow_ShouldLaunchAndShowTitle" computerName="X" duration="00:00:00.0070967" startTime="2026-01-31T07:11:14.9838607+01:00" endTime="2026-01-31T07:11:14.9838608+01:00" testType="13cdc9d9-ddb5-4fa4-a97d-d965ccfc6d4b" outcome="Passed" testListId="8c84fa94-04c1-424b-9868-57a2d4851a1d" relativeResultsDirectory="c1d8a905-3cca-4739-9811-f296ab0fb7a5" />
    <UnitTestResult executionId="3ea813f5-90b8-4265-8c25-016ad9d5f531" testId="7175eedd-8cbc-c6fa-19a3-e7239d5e4182" testName="MusicEngineEditor.Tests.ViewModels.MainViewModelTests.Constructor_ShouldInitializeProjectExplorer" computerName="X" duration="00:00:00.0006091" startTime="2026-01-31T07:11:15.3191411+01:00" endTime="2026-01-31T07:11:15.3191419+01:00" testType="13cdc9d9-ddb5-4fa4-a97d-d965ccfc6d4b" outcome="Passed" testListId="8c84fa94-04c1-424b-9868-57a2d4851a1d" relativeResultsDirectory="3ea813f5-90b8-4265-8c25-016ad9d5f531" />
    <UnitTestResult executionId="3404ca85-47b6-4808-8f66-3fd146169fa1" testId="1eb55637-2821-289c-703c-d69d0507a1fa" testName="MusicEngineEditor.Tests.Services.SettingsServiceTests.GetMidiOutputDevices_ShouldReturnAtLeastNone" computerName="X" duration="00:00:00.0106600" startTime="2026-01-31T07:11:15.0669558+01:00" endTime="2026-01-31T07:11:15.0669564+01:00" testType="13cdc9d9-ddb5-4fa4-a97d-d965ccfc6d4b" outcome="Passed" testListId="8c84fa94-04c1-424b-9868-57a2d4851a1d" relativeResultsDirectory="3404ca85-47b6-4808-8f66-3fd146169fa1" />
    <UnitTestResult executionId="cf37ab35-fac7-4dcf-b213-42ae8eb9d0b9" testId="19602812-704a-88b7-723d-a1b720b08799" testName="MusicEngineEditor.Tests.ViewModels.MainViewModelTests.OnProjectLoaded_ShouldOpenEntryPointScript" computerName="X" duration="00:00:00.0042749" startTime="2026-01-31T07:11:15.2997254+01:00" endTime="2026-01-31T07:11:15.2997258+01:00" testType="13cdc9d9-ddb5-4fa4-a97d-d965ccfc6d4b" outcome="Passed" testListId="8c84fa94-04c1-424b-9868-57a2d4851a1d" relativeResultsDirectory="cf37ab35-fac7-4dcf-b213-42ae8eb9d0b9" />
    <UnitTestResult executionId="ab8aad7e-ea78-4364-adf3-6d8f2b0d919b" testId="713b2307-1ae5-d629-5714-45f50b385471" testName="MusicEngineEditor.Tests.Services.ProjectServiceTests.CreateScript_ShouldNotBeEntryPoint" computerName="X" duration="00:00:00.0217090" startTime="2026-01-31T07:11:15.7114998+01:00" endTime="2026-01-31T07:11:15.7115002+01:00" testType="13cdc9d9-ddb5-4fa4-a97d-d965ccfc6d4b" outcome="Passed" testListId="8c84fa94-04c1-424b-9868-57a2d4851a1d" relativeResultsDirectory="ab8aad7e-ea78-4364-adf3-6d8f2b0d919b" />
    <UnitTestResult executionId="faaa8390-93bd-4579-9300-e1118069e80c" testId="628d1d3d-f654-1801-038e-9ad31abffc81" testName="MusicEngineEditor.Tests.Services.SettingsServiceTests.DefaultSettings_VstPluginPaths_ShouldContainStandardPaths" computerName="X" duration="00:00:00.0112235" startTime="2026-01-31T07:11:15.3383553+01:00" endTime="2026-01-31T07:11:15.3383555+01:00" testType="13cdc9d9-ddb5-4fa4-a97d-d965ccfc6d4b" outcome="Passed" testListId="8c84fa94-04c1-424b-9868-57a2d4851a1d" relativeResultsDirectory="faaa8390-93bd-4579-9300-e1118069e80c" />
    <UnitTestResult executionId="5c75cef3-87d0-45fc-8eef-894b6d3eb079" testId="1f0e2e99-8e6b-1d26-4e3c-f4cedbf1344e" testName="MusicEngineEditor.Tests.ViewModels.MainViewModelTests.AddScriptCommand_ShouldExist" computerName="X" duration="00:00:00.0008204" startTime="2026-01-31T07:11:15.3262358+01:00" endTime="2026-01-31T07:11:15.3262363+01:00" testType="13cdc9d9-ddb5-4fa4-a97d-d965ccfc6d4b" outcome="Passed" testListId="8c84fa94-04c1-424b-9868-57a2d4851a1d" relativeResultsDirectory="5c75cef3-87d0-45fc-8eef-894b6d3eb079" />
    <UnitTestResult executionId="38d9f4d2-1d88-47af-8434-80d0c2a093a1" testId="00fb6660-4aae-fb53-5aaa-2c665963864a" testName="MusicEngineEditor.Tests.ViewModels.MainViewModelTests.CloseDocumentAsync_ShouldRemoveFromOpenDocuments" computerName="X" duration="00:00:00.0016073" startTime="2026-01-31T07:11:15.3209680+01:00" endTime="2026-01-31T07:11:15.3209682+01:00" testType="13cdc9d9-ddb5-4fa4-a97d-d965ccfc6d4b" outcome="Passed" testListId="8c84fa94-04c1-424b-9868-57a2d4851a1d" relativeResultsDirectory="38d9f4d2-1d88-47af-8434-80d0c2a093a1" />
    <UnitTestResult executionId="1fd049bf-dc92-4342-85f5-0fa2bdfee700" testId="a849bf53-0dcb-df56-7efe-bcaf8d8a57c5" testName="MusicEngineEditor.Tests.ViewModels.MainViewModelTests.OnExecutionStopped_ShouldSetPlaybackStatusToStopped" computerName="X" duration="00:00:00.0012187" startTime="2026-01-31T07:11:15.3296433+01:00" endTime="2026-01-31T07:11:15.3296440+01:00" testType="13cdc9d9-ddb5-4fa4-a97d-d965ccfc6d4b" outcome="Passed" testListId="8c84fa94-04c1-424b-9868-57a2d4851a1d" relativeResultsDirectory="1fd049bf-dc92-4342-85f5-0fa2bdfee700" />
    <UnitTestResult executionId="3e77262c-6b7a-4c1c-953d-7496e24f3f59" testId="71445691-ae91-c4cb-d7b7-a6838e04b13e" testName="MusicEngineEditor.Tests.Services.SettingsServiceTests.SaveSettingsAsync_ShouldPersistEditorSettings" computerName="X" duration="00:00:00.0104172" startTime="2026-01-31T07:11:15.3489852+01:00" endTime="2026-01-31T07:11:15.3489855+01:00" testType="13cdc9d9-ddb5-4fa4-a97d-d965ccfc6d4b" outcome="Passed" testListId="8c84fa94-04c1-424b-9868-57a2d4851a1d" relativeResultsDirectory="3e77262c-6b7a-4c1c-953d-7496e24f3f59" />
    <UnitTestResult executionId="784367c6-6971-4124-94f1-401dca5da35b" testId="e25e9e00-c334-2099-408c-97f9f275162f" testName="MusicEngineEditor.Tests.Services.ProjectServiceTests.ImportAudioAsync_ShouldUseSpecifiedCategory" computerName="X" duration="00:00:00.0277820" startTime="2026-01-31T07:11:15.9081921+01:00" endTime="2026-01-31T07:11:15.9081928+01:00" testType="13cdc9d9-ddb5-4fa4-a97d-d965ccfc6d4b" outcome="Passed" testListId="8c84fa94-04c1-424b-9868-57a2d4851a1d" relativeResultsDirectory="784367c6-6971-4124-94f1-401dca5da35b" />
    <UnitTestResult executionId="0490c782-e8e0-44d3-9a5b-75e38beda188" testId="0180b175-753c-a015-39d6-6acbf852d539" testName="MusicEngineEditor.Tests.Services.ProjectServiceTests.OpenProjectAsync_ShouldLoadScriptContent" computerName="X" duration="00:00:00.0362859" startTime="2026-01-31T07:11:15.7710317+01:00" endTime="2026-01-31T07:11:15.7710323+01:00" testType="13cdc9d9-ddb5-4fa4-a97d-d965ccfc6d4b" outcome="Passed" testListId="8c84fa94-04c1-424b-9868-57a2d4851a1d" relativeResultsDirectory="0490c782-e8e0-44d3-9a5b-75e38beda188" />
    <UnitTestResult executionId="efd7a061-4c4b-4228-8d56-7a89c5fce869" testId="55ce5cc0-dd9f-215b-9ff8-6815ad9aa4ca" testName="MusicEngineEditor.Tests.ViewModels.MainViewModelTests.OpenScript_ShouldAddDocumentToOpenDocuments" computerName="X" duration="00:00:00.0007219" startTime="2026-01-31T07:11:15.3320716+01:00" endTime="2026-01-31T07:11:15.3320721+01:00" testType="13cdc9d9-ddb5-4fa4-a97d-d965ccfc6d4b" outcome="Passed" testListId="8c84fa94-04c1-424b-9868-57a2d4851a1d" relativeResultsDirectory="efd7a061-4c4b-4228-8d56-7a89c5fce869" />
    <UnitTestResult executionId="623a6914-e886-4908-b548-9b88dc2bfe0b" testId="41462247-d0f9-968b-1454-e710cb59095b" testName="MusicEngineEditor.Tests.Services.SettingsServiceTests.AudioSettings_AvailableBufferSizes_ShouldContainCommonSizes" computerName="X" duration="00:00:00.0082899" startTime="2026-01-31T07:11:15.1626344+01:00" endTime="2026-01-31T07:11:15.1626345+01:00" testType="13cdc9d9-ddb5-4fa4-a97d-d965ccfc6d4b" outcome="Passed" testListId="8c84fa94-04c1-424b-9868-57a2d4851a1d" relativeResultsDirectory="623a6914-e886-4908-b548-9b88dc2bfe0b" />
    <UnitTestResult executionId="336a58f4-3257-43a9-9fe5-904f183e8c71" testId="0aceb781-f283-9f34-3ddd-3d6fded2e002" testName="MusicEngineEditor.Tests.ViewModels.MainViewModelTests.OnOutputReceived_ShouldAppendToOutput" computerName="X" duration="00:00:00.0031392" startTime="2026-01-31T07:11:15.3117043+01:00" endTime="2026-01-31T07:11:15.3117048+01:00" testType="13cdc9d9-ddb5-4fa4-a97d-d965ccfc6d4b" outcome="Passed" testListId="8c84fa94-04c1-424b-9868-57a2d4851a1d" relativeResultsDirectory="336a58f4-3257-43a9-9fe5-904f183e8c71" />
    <UnitTestResult executionId="b6a97792-676d-4530-881b-eae9ef37ac60" testId="26e78492-84e1-05d4-6b9f-86974a5d412e" testName="MusicEngineEditor.Tests.ViewModels.MainViewModelTests.OpenScript_ShouldSupportMultipleDocuments" computerName="X" duration="00:00:00.0006507" startTime="2026-01-31T07:11:15.3391431+01:00" endTime="2026-01-31T07:11:15.3391432+01:00" testType="13cdc9d9-ddb5-4fa4-a97d-d965ccfc6d4b" outcome="Passed" testListId="8c84fa94-04c1-424b-9868-57a2d4851a1d" relativeResultsDirectory="b6a97792-676d-4530-881b-eae9ef37ac60" />
    <UnitTestResult executionId="ee74f7f3-0e57-4817-89bd-44262e44260f" testId="f70e88d9-0ee6-bd95-8334-b123d961fd6d" testName="MusicEngineEditor.Tests.Services.ProjectServiceTests.OpenProjectAsync_ShouldThrowForInvalidFile" computerName="X" duration="00:00:00.0177509" startTime="2026-01-31T07:11:15.4172770+01:00" endTime="2026-01-31T07:11:15.4172774+01:00" testType="13cdc9d9-ddb5-4fa4-a97d-d965ccfc6d4b" outcome="Passed" testListId="8c84fa94-04c1-424b-9868-57a2d4851a1d" relativeResultsDirectory="ee74f7f3-0e57-4817-89bd-44262e44260f" />
    <UnitTestResult executionId="cb07f66b-2285-482a-9e4e-396dc70d5cba" testId="a71f647b-f227-3e13-2621-4c24e42322b7" testName="MusicEngineEditor.Tests.Services.SettingsServiceTests.SaveSettingsAsync_ShouldOverwriteExistingFile" computerName="X" duration="00:00:00.0258772" startTime="2026-01-31T07:11:15.1634572+01:00" endTime="2026-01-31T07:11:15.1634573+01:00" testType="13cdc9d9-ddb5-4fa4-a97d-d965ccfc6d4b" outcome="Passed" testListId="8c84fa94-04c1-424b-9868-57a2d4851a1d" relativeResultsDirectory="cb07f66b-2285-482a-9e4e-396dc70d5cba" />
    <UnitTestResult executionId="19e4abae-c2c4-4edd-adb1-3bdf2e2e2db0" testId="67d1a282-c14d-ace3-c720-550cf6322f44" testName="MusicEngineEditor.Tests.Services.ProjectServiceTests.OpenProjectAsync_ShouldRaiseProjectLoadedEvent" computerName="X" duration="00:00:00.0758849" startTime="2026-01-31T07:11:15.1635720+01:00" endTime="2026-01-31T07:11:15.1635722+01:00" testType="13cdc9d9-ddb5-4fa4-a97d-d965ccfc6d4b" outcome="Passed" testListId="8c84fa94-04c1-424b-9868-57a2d4851a1d" relativeResultsDirectory="19e4abae-c2c4-4edd-adb1-3bdf2e2e2db0" />
    <UnitTestResult executionId="969a79ed-47e2-48a3-a6b2-c81be223e8fe" testId="c249448e-7666-9670-53b0-b27094b4e0da" testName="MusicEngineEditor.Tests.ViewModels.MainViewModelTests.CloseDocumentAsync_ShouldSwitchToFirstDocument_WhenActiveDocumentClosed" computerName="X" duration="00:00:00.0017319" startTime="2026-01-31T07:11:15.3173377+01:00" endTime="2026-01-31T07:11:15.3173379+01:00" testType="13cdc9d9-ddb5-4fa4-a97d-d965ccfc6d4b" outcome="Passed" testListId="8c84fa94-04c1-424b-9868-57a2d4851a1d" relativeResultsDirectory="969a79ed-47e2-48a3-a6b2-c81be223e8fe" />
    <UnitTestResult executionId="c3eba6f9-2071-47b0-b40b-ef8b4cc7f497" testId="155df247-f839-c95a-f915-57462166aeb5" testName="MusicEngineEditor.Tests.Services.ProjectServiceTests.CreateScript_ShouldCreateScriptWithCorrectName" computerName="X" duration="00:00:00.0222311" startTime="2026-01-31T07:11:16.0707074+01:00" endTime="2026-01-31T07:11:16.0707080+01:00" testType="13cdc9d9-ddb5-4fa4-a97d-d965ccfc6d4b" outcome="Passed" testListId="8c84fa94-04c1-424b-9868-57a2d4851a1d" relativeResultsDirectory="c3eba6f9-2071-47b0-b40b-ef8b4cc7f497" />
    <UnitTestResult executionId="8a6cb6dd-be36-4876-af7f-3e6e1e4f9283" testId="2f7e95ea-9708-407a-42dd-66917ef996d5" testName="MusicEngineEditor.Tests.Services.ProjectServiceTests.CreateScript_ShouldSetIsDirtyToTrue" computerName="X" duration="00:00:00.0214189" startTime="2026-01-31T07:11:15.9437826+01:00" endTime="2026-01-31T07:11:15.9437833+01:00" testType="13cdc9d9-ddb5-4fa4-a97d-d965ccfc6d4b" outcome="Passed" testListId="8c84fa94-04c1-424b-9868-57a2d4851a1d" relativeResultsDirectory="8a6cb6dd-be36-4876-af7f-3e6e1e4f9283" />
    <UnitTestResult executionId="064be3a5-8133-4bdb-9290-47a498f539e6" testId="47b4a137-8bc9-7c2a-5673-4b2e5481178a" testName="MusicEngineEditor.Tests.Services.SettingsServiceTests.DefaultSettings_DefaultProjectLocation_ShouldBeInDocuments" computerName="X" duration="00:00:00.0088172" startTime="2026-01-31T07:11:15.4130572+01:00" endTime="2026-01-31T07:11:15.4130577+01:00" testType="13cdc9d9-ddb5-4fa4-a97d-d965ccfc6d4b" outcome="Passed" testListId="8c84fa94-04c1-424b-9868-57a2d4851a1d" relativeResultsDirectory="064be3a5-8133-4bdb-9290-47a498f539e6" />
    <UnitTestResult executionId="a1c947b7-7140-46c3-bd56-b632b1e77d74" testId="826a87e2-54cb-8f66-2415-679b61b4af2d" testName="MusicEngineEditor.Tests.ViewModels.MainViewModelTests.ImportAudioCommand_ShouldExist" computerName="X" duration="00:00:00.0008873" startTime="2026-01-31T07:11:15.2921456+01:00" endTime="2026-01-31T07:11:15.2921460+01:00" testType="13cdc9d9-ddb5-4fa4-a97d-d965ccfc6d4b" outcome="Passed" testListId="8c84fa94-04c1-424b-9868-57a2d4851a1d" relativeResultsDirectory="a1c947b7-7140-46c3-bd56-b632b1e77d74" />
    <UnitTestResult executionId="410f604b-b334-4777-be46-216d899ecc2e" testId="f10efdee-50bb-5fe8-4904-e3ec5b447d3d" testName="MusicEngineEditor.Tests.Services.ProjectServiceTests.CreateProjectAsync_ShouldCreateDefaultMainScript" computerName="X" duration="00:00:00.0212044" startTime="2026-01-31T07:11:16.0921375+01:00" endTime="2026-01-31T07:11:16.0921379+01:00" testType="13cdc9d9-ddb5-4fa4-a97d-d965ccfc6d4b" outcome="Passed" testListId="8c84fa94-04c1-424b-9868-57a2d4851a1d" relativeResultsDirectory="410f604b-b334-4777-be46-216d899ecc2e" />
    <UnitTestResult executionId="0be95373-5212-4ae6-9503-2de939701f9f" testId="eada15cf-25d8-e3de-69d0-6d87e4185346" testName="MusicEngineEditor.Tests.ViewModels.MainViewModelTests.OnExecutionStarted_ShouldSetPlaybackStatusToRunning" computerName="X" duration="00:00:00.0011014" startTime="2026-01-31T07:11:15.3136157+01:00" endTime="2026-01-31T07:11:15.3136161+01:00" testType="13cdc9d9-ddb5-4fa4-a97d-d965ccfc6d4b" outcome="Passed" testListId="8c84fa94-04c1-424b-9868-57a2d4851a1d" relativeResultsDirectory="0be95373-5212-4ae6-9503-2de939701f9f" />
    <UnitTestResult executionId="39e4933f-6166-4d97-ab55-207b3fa7e0eb" testId="cdf0984f-3cf3-20f5-da34-b64d69ae4745" testName="MusicEngineEditor.Tests.Services.ProjectServiceTests.OpenProjectAsync_ShouldLoadScripts" computerName="X" duration="00:00:00.0332741" startTime="2026-01-31T07:11:16.2989025+01:00" endTime="2026-01-31T07:11:16.2989029+01:00" testType="13cdc9d9-ddb5-4fa4-a97d-d965ccfc6d4b" outcome="Passed" testListId="8c84fa94-04c1-424b-9868-57a2d4851a1d" relativeResultsDirectory="39e4933f-6166-4d97-ab55-207b3fa7e0eb" />
    <UnitTestResult executionId="e3d4c746-fae6-4189-9880-ff07b0ef4686" testId="cfa52c77-4398-1e89-aced-c92f373e2573" testName="MusicEngineEditor.Tests.Services.SettingsServiceTests.DefaultSettings_EditorTheme_ShouldBeDark" computerName="X" duration="00:00:00.0095983" startTime="2026-01-31T07:11:15.2829221+01:00" endTime="2026-01-31T07:11:15.2829222+01:00" testType="13cdc9d9-ddb5-4fa4-a97d-d965ccfc6d4b" outcome="Passed" testListId="8c84fa94-04c1-424b-9868-57a2d4851a1d" relativeResultsDirectory="e3d4c746-fae6-4189-9880-ff07b0ef4686" />
    <UnitTestResult executionId="44ced35a-0d62-4baf-ab09-30680591d2e4" testId="b5b0e9a2-6f81-4cdb-f449-7bd7809894c1" testName="MusicEngineEditor.Tests.Services.ProjectServiceTests.ImportAudioAsync_ShouldSetCorrectAlias" computerName="X" duration="00:00:00.0265072" startTime="2026-01-31T07:11:15.8801940+01:00" endTime="2026-01-31T07:11:15.8801945+01:00" testType="13cdc9d9-ddb5-4fa4-a97d-d965ccfc6d4b" outcome="Passed" testListId="8c84fa94-04c1-424b-9868-57a2d4851a1d" relativeResultsDirectory="44ced35a-0d62-4baf-ab09-30680591d2e4" />
    <UnitTestResult executionId="5b4bf9de-8fc7-4fae-a43d-2dd18256a57c" testId="3c640002-b9d7-a025-a4b9-fc090fcedd16" testName="MusicEngineEditor.Tests.Services.ProjectServiceTests.RemoveReferenceAsync_ShouldRemoveFromProjectReferences" computerName="X" duration="00:00:00.0740920" startTime="2026-01-31T07:11:15.2815685+01:00" endTime="2026-01-31T07:11:15.2815689+01:00" testType="13cdc9d9-ddb5-4fa4-a97d-d965ccfc6d4b" outcome="Passed" testListId="8c84fa94-04c1-424b-9868-57a2d4851a1d" relativeResultsDirectory="5b4bf9de-8fc7-4fae-a43d-2dd18256a57c" />
    <UnitTestResult executionId="71991e16-3e70-4bc6-ae03-9ab803c858c8" testId="e7d7de9c-9504-2676-d8d9-60fc2060f57d" testName="MusicEngineEditor.Tests.Audio.AudioAnalysisSmokeTests.GeneratedSine_ShouldReportDominantFrequency" computerName="X" duration="00:00:00.0067192" startTime="2026-01-31T07:11:14.9845992+01:00" endTime="2026-01-31T07:11:14.9845992+01:00" testType="13cdc9d9-ddb5-4fa4-a97d-d965ccfc6d4b" outcome="Passed" testListId="8c84fa94-04c1-424b-9868-57a2d4851a1d" relativeResultsDirectory="71991e16-3e70-4bc6-ae03-9ab803c858c8" />
    <UnitTestResult executionId="8d423d31-53bc-4351-b35d-aa73ae4ad4ed" testId="8b20ce74-44e5-356f-5dcd-0e592465aae0" testName="MusicEngineEditor.Tests.ViewModels.MainViewModelTests.OnProjectLoaded_ShouldLoadProjectInExplorer" computerName="X" duration="00:00:00.0009451" startTime="2026-01-31T07:11:15.3229187+01:00" endTime="2026-01-31T07:11:15.3229189+01:00" testType="13cdc9d9-ddb5-4fa4-a97d-d965ccfc6d4b" outcome="Passed" testListId="8c84fa94-04c1-424b-9868-57a2d4851a1d" relativeResultsDirectory="8d423d31-53bc-4351-b35d-aa73ae4ad4ed" />
    <UnitTestResult executionId="89cb12d2-e69e-4c1f-b0e5-5ba5d0188204" testId="8b6f358d-7f4c-dcfa-a4d6-f0db253c2e50" testName="MusicEngineEditor.Tests.Services.ProjectServiceTests.CreateProjectAsync_ShouldGenerateValidGuid" computerName="X" duration="00:00:00.0234463" startTime="2026-01-31T07:11:16.5430489+01:00" endTime="2026-01-31T07:11:16.5430493+01:00" testType="13cdc9d9-ddb5-4fa4-a97d-d965ccfc6d4b" outcome="Passed" testListId="8c84fa94-04c1-424b-9868-57a2d4851a1d" relativeResultsDirectory="89cb12d2-e69e-4c1f-b0e5-5ba5d0188204" />
    <UnitTestResult executionId="e17280c8-8046-4d7e-b332-eef913d1cd1e" testId="6689b8d3-f015-6cad-ed28-0469a4c7a8d7" testName="MusicEngineEditor.Tests.Services.ProjectServiceTests.ProjectFile_ShouldBeHumanReadable" computerName="X" duration="00:00:00.0261408" startTime="2026-01-31T07:11:16.4112842+01:00" endTime="2026-01-31T07:11:16.4112845+01:00" testType="13cdc9d9-ddb5-4fa4-a97d-d965ccfc6d4b" outcome="Passed" testListId="8c84fa94-04c1-424b-9868-57a2d4851a1d" relativeResultsDirectory="e17280c8-8046-4d7e-b332-eef913d1cd1e" />
    <UnitTestResult executionId="b3b8c0dc-93e8-45a4-b1ad-d9c8f6d49f84" testId="551528b2-7bfa-7d25-130d-60b68a251897" testName="MusicEngineEditor.Tests.Services.ProjectServiceTests.CreateProjectAsync_ShouldCreateObjSubdirectory" computerName="X" duration="00:00:00.0224373" startTime="2026-01-31T07:11:15.7936969+01:00" endTime="2026-01-31T07:11:15.7936974+01:00" testType="13cdc9d9-ddb5-4fa4-a97d-d965ccfc6d4b" outcome="Passed" testListId="8c84fa94-04c1-424b-9868-57a2d4851a1d" relativeResultsDirectory="b3b8c0dc-93e8-45a4-b1ad-d9c8f6d49f84" />
    <UnitTestResult executionId="111264c7-1839-4616-a084-71f6dcd11e71" testId="693be13e-c78e-31b2-177f-119d8b92923b" testName="MusicEngineEditor.Tests.Services.ProjectServiceTests.ProjectFile_ShouldBeValidJson" computerName="X" duration="00:00:00.0364455" startTime="2026-01-31T07:11:15.8534883+01:00" endTime="2026-01-31T07:11:15.8534887+01:00" testType="13cdc9d9-ddb5-4fa4-a97d-d965ccfc6d4b" outcome="Passed" testListId="8c84fa94-04c1-424b-9868-57a2d4851a1d" relativeResultsDirectory="111264c7-1839-4616-a084-71f6dcd11e71" />
    <UnitTestResult executionId="72c60be1-cb58-497d-a5f3-7129c1d86440" testId="db096851-4306-ba5c-2b07-1da439a87ba8" testName="MusicEngineEditor.Tests.Services.SettingsServiceTests.LoadSettingsAsync_ShouldReturnDefaultsWhenNoFileExists" computerName="X" duration="00:00:00.0130701" startTime="2026-01-31T07:11:15.3060007+01:00" endTime="2026-01-31T07:11:15.3060009+01:00" testType="13cdc9d9-ddb5-4fa4-a97d-d965ccfc6d4b" outcome="Passed" testListId="8c84fa94-04c1-424b-9868-57a2d4851a1d" relativeResultsDirectory="72c60be1-cb58-497d-a5f3-7129c1d86440" />
    <UnitTestResult executionId="1c58648f-4468-4211-b7e4-257d4a16f07c" testId="b493ee48-aee6-b8c4-fb06-9bf07d339915" testName="MusicEngineEditor.Tests.Services.SettingsServiceTests.ResetToDefaults_ShouldReturnDefaultSettings" computerName="X" duration="00:00:00.0036313" startTime="2026-01-31T07:11:15.3636389+01:00" endTime="2026-01-31T07:11:15.3636394+01:00" testType="13cdc9d9-ddb5-4fa4-a97d-d965ccfc6d4b" outcome="Passed" testListId="8c84fa94-04c1-424b-9868-57a2d4851a1d" relativeResultsDirectory="1c58648f-4468-4211-b7e4-257d4a16f07c" />
    <UnitTestResult executionId="e8c2ae14-2971-4e83-a778-ac77defb55d9" testId="a2cac393-ab17-86eb-a1f3-8d8b2487cd92" testName="MusicEngineEditor.Tests.Services.ProjectServiceTests.SaveProjectAsync_ShouldUpdateModifiedDate" computerName="X" duration="00:00:00.0401305" startTime="2026-01-31T07:11:16.4779267+01:00" endTime="2026-01-31T07:11:16.4779271+01:00" testType="13cdc9d9-ddb5-4fa4-a97d-d965ccfc6d4b" outcome="Passed" testListId="8c84fa94-04c1-424b-9868-57a2d4851a1d" relativeResultsDirectory="e8c2ae14-2971-4e83-a778-ac77defb55d9" />
    <UnitTestResult executionId="c8e4447c-defc-426b-88f7-2438a8b60bc5" testId="640035b9-d386-04e4-6868-6de9cef6e110" testName="MusicEngineEditor.Tests.Services.ProjectServiceTests.SaveProjectAsync_ShouldPersistSettings" computerName="X" duration="00:00:00.0424928" startTime="2026-01-31T07:11:16.2412734+01:00" endTime="2026-01-31T07:11:16.2412739+01:00" testType="13cdc9d9-ddb5-4fa4-a97d-d965ccfc6d4b" outcome="Passed" testListId="8c84fa94-04c1-424b-9868-57a2d4851a1d" relativeResultsDirectory="c8e4447c-defc-426b-88f7-2438a8b60bc5" />
    <UnitTestResult executionId="da0cd462-370c-4ea4-aa8c-62ee7d68db2d" testId="69e78617-449b-31c3-6d88-28937f38b08f" testName="MusicEngineEditor.Tests.ViewModels.MainViewModelTests.RunCommand_ShouldExist" computerName="X" duration="00:00:00.0007264" startTime="2026-01-31T07:11:15.2930265+01:00" endTime="2026-01-31T07:11:15.2930267+01:00" testType="13cdc9d9-ddb5-4fa4-a97d-d965ccfc6d4b" outcome="Passed" testListId="8c84fa94-04c1-424b-9868-57a2d4851a1d" relativeResultsDirectory="da0cd462-370c-4ea4-aa8c-62ee7d68db2d" />
    <UnitTestResult executionId="2ccad414-5950-4b74-98ea-9ca0f7ef1a29" testId="6c0e2a33-3c1f-3edc-4ea9-e02fb6b9095d" testName="MusicEngineEditor.Tests.Services.SettingsServiceTests.EditorSettings_AvailableFontSizes_ShouldContainReasonableRange" computerName="X" duration="00:00:00.0054100" startTime="2026-01-31T07:11:15.1634047+01:00" endTime="2026-01-31T07:11:15.1634047+01:00" testType="13cdc9d9-ddb5-4fa4-a97d-d965ccfc6d4b" outcome="Passed" testListId="8c84fa94-04c1-424b-9868-57a2d4851a1d" relativeResultsDirectory="2ccad414-5950-4b74-98ea-9ca0f7ef1a29" />
    <UnitTestResult executionId="8f211d71-7fcd-49bd-b6b2-d182818d8ae1" testId="bc38c491-c577-9a2c-0eaa-bf48aebd34e1" testName="MusicEngineEditor.Tests.ViewModels.MainViewModelTests.FindCommand_ShouldExist" computerName="X" duration="00:00:00.0008072" startTime="2026-01-31T07:11:15.3235855+01:00" endTime="2026-01-31T07:11:15.3235860+01:00" testType="13cdc9d9-ddb5-4fa4-a97d-d965ccfc6d4b" outcome="Passed" testListId="8c84fa94-04c1-424b-9868-57a2d4851a1d" relativeResultsDirectory="8f211d71-7fcd-49bd-b6b2-d182818d8ae1" />
    <UnitTestResult executionId="7af5fc66-b298-4327-9d70-2255d7b7ecc2" testId="03f9670c-9dce-a97b-0676-232191ca6648" testName="MusicEngineEditor.Tests.Services.SettingsServiceTests.ResetToDefaults_ShouldSetDefaultMidiSettings" computerName="X" duration="00:00:00.0089827" startTime="2026-01-31T07:11:15.1636427+01:00" endTime="2026-01-31T07:11:15.1636428+01:00" testType="13cdc9d9-ddb5-4fa4-a97d-d965ccfc6d4b" outcome="Passed" testListId="8c84fa94-04c1-424b-9868-57a2d4851a1d" relativeResultsDirectory="7af5fc66-b298-4327-9d70-2255d7b7ecc2" />
    <UnitTestResult executionId="01b339bf-e1dd-47cf-811d-37b5b4d2244c" testId="78b08126-b131-32ee-0ac3-e7ecb466bf66" testName="MusicEngineEditor.Tests.Services.SettingsServiceTests.SaveSettingsAsync_ShouldCreateSettingsFile" computerName="X" duration="00:00:00.0091865" startTime="2026-01-31T07:11:15.0763495+01:00" endTime="2026-01-31T07:11:15.0763501+01:00" testType="13cdc9d9-ddb5-4fa4-a97d-d965ccfc6d4b" outcome="Passed" testListId="8c84fa94-04c1-424b-9868-57a2d4851a1d" relativeResultsDirectory="01b339bf-e1dd-47cf-811d-37b5b4d2244c" />
    <UnitTestResult executionId="9fa4121b-9d07-4e4b-a4d4-9ea19d3422dd" testId="d43885cc-e611-1207-1e53-ce5838a967e3" testName="MusicEngineEditor.Tests.Services.ProjectServiceTests.ImportAudioAsync_ShouldAddToProjectAudioAssets" computerName="X" duration="00:00:00.0468608" startTime="2026-01-31T07:11:15.3831178+01:00" endTime="2026-01-31T07:11:15.3831181+01:00" testType="13cdc9d9-ddb5-4fa4-a97d-d965ccfc6d4b" outcome="Passed" testListId="8c84fa94-04c1-424b-9868-57a2d4851a1d" relativeResultsDirectory="9fa4121b-9d07-4e4b-a4d4-9ea19d3422dd" />
    <UnitTestResult executionId="aeb32a33-2e04-490f-b817-231df19749a9" testId="e5ab0fd2-5dea-57e3-87d3-6fdd78ec5de8" testName="MusicEngineEditor.Tests.Services.ProjectServiceTests.CreateScript_ShouldSetDefaultContent" computerName="X" duration="00:00:00.0358720" startTime="2026-01-31T07:11:15.3360880+01:00" endTime="2026-01-31T07:11:15.3360888+01:00" testType="13cdc9d9-ddb5-4fa4-a97d-d965ccfc6d4b" outcome="Passed" testListId="8c84fa94-04c1-424b-9868-57a2d4851a1d" relativeResultsDirectory="aeb32a33-2e04-490f-b817-231df19749a9" />
    <UnitTestResult executionId="f19cebe7-26d1-4338-84ae-2f6e64c6071e" testId="8a9d1229-39fd-434c-c260-d99472b9032c" testName="MusicEngineEditor.Tests.ViewModels.MainViewModelTests.CloseDocumentAsync_ShouldSetActiveDocumentToNull_WhenLastDocumentClosed" computerName="X" duration="00:00:00.0047295" startTime="2026-01-31T07:11:15.3046262+01:00" endTime="2026-01-31T07:11:15.3046267+01:00" testType="13cdc9d9-ddb5-4fa4-a97d-d965ccfc6d4b" outcome="Passed" testListId="8c84fa94-04c1-424b-9868-57a2d4851a1d" relativeResultsDirectory="f19cebe7-26d1-4338-84ae-2f6e64c6071e" />
    <UnitTestResult executionId="7bdc072b-f438-4f14-81d7-168bb992173c" testId="aa1d7141-1623-6a7c-8b5b-2f4515f19080" testName="MusicEngineEditor.Tests.Services.SettingsServiceTests.DefaultSettings_AudioBufferSize_ShouldBe512" computerName="X" duration="00:00:00.0107398" startTime="2026-01-31T07:11:15.3169539+01:00" endTime="2026-01-31T07:11:15.3169543+01:00" testType="13cdc9d9-ddb5-4fa4-a97d-d965ccfc6d4b" outcome="Passed" testListId="8c84fa94-04c1-424b-9868-57a2d4851a1d" relativeResultsDirectory="7bdc072b-f438-4f14-81d7-168bb992173c" />
    <UnitTestResult executionId="5e28c953-a135-4bb8-b7e3-a6548cff5987" testId="42ae0080-8397-1c9b-d8d3-de787d0fa883" testName="MusicEngineEditor.Tests.Services.ProjectServiceTests.SaveProjectAsync_ShouldPersistProjectName" computerName="X" duration="00:00:00.0554907" startTime="2026-01-31T07:11:15.5349745+01:00" endTime="2026-01-31T07:11:15.5349750+01:00" testType="13cdc9d9-ddb5-4fa4-a97d-d965ccfc6d4b" outcome="Passed" testListId="8c84fa94-04c1-424b-9868-57a2d4851a1d" relativeResultsDirectory="5e28c953-a135-4bb8-b7e3-a6548cff5987" />
    <UnitTestResult executionId="1225764b-8440-4653-92e9-a45f2446be40" testId="00f1acc3-5900-6c56-7cc2-824f168b5c8b" testName="MusicEngineEditor.Tests.Services.SettingsServiceTests.LoadSettingsAsync_ShouldReturnSettings" computerName="X" duration="00:00:00.0083633" startTime="2026-01-31T07:11:15.4215997+01:00" endTime="2026-01-31T07:11:15.4216001+01:00" testType="13cdc9d9-ddb5-4fa4-a97d-d965ccfc6d4b" outcome="Passed" testListId="8c84fa94-04c1-424b-9868-57a2d4851a1d" relativeResultsDirectory="1225764b-8440-4653-92e9-a45f2446be40" />
    <UnitTestResult executionId="3ee95e27-f54b-4854-8889-9bfe5bcd4ec5" testId="6059430e-d2e1-c5eb-2f50-3c63bc96810f" testName="MusicEngineEditor.Tests.Audio.PatternSmokeTests.SinePattern_ShouldHitExpectedFrequenciesAndLevels" computerName="X" duration="00:00:00.0068929" startTime="2026-01-31T07:11:14.9770936+01:00" endTime="2026-01-31T07:11:14.9771582+01:00" testType="13cdc9d9-ddb5-4fa4-a97d-d965ccfc6d4b" outcome="Passed" testListId="8c84fa94-04c1-424b-9868-57a2d4851a1d" relativeResultsDirectory="3ee95e27-f54b-4854-8889-9bfe5bcd4ec5" />
    <UnitTestResult executionId="138ec894-f4e9-4c9c-9459-39899c4defc9" testId="276ffb1a-e86f-1d1c-c55f-4cd335d5558e" testName="MusicEngineEditor.Tests.Services.ProjectServiceTests.AddReferenceAsync_ShouldAddToProjectReferences" computerName="X" duration="00:00:00.0256283" startTime="2026-01-31T07:11:15.6757369+01:00" endTime="2026-01-31T07:11:15.6757374+01:00" testType="13cdc9d9-ddb5-4fa4-a97d-d965ccfc6d4b" outcome="Passed" testListId="8c84fa94-04c1-424b-9868-57a2d4851a1d" relativeResultsDirectory="138ec894-f4e9-4c9c-9459-39899c4defc9" />
    <UnitTestResult executionId="e22aa4d5-0a9f-4c0d-8dc7-ab384c796e11" testId="3fc9d292-620a-8779-191c-2f22c191ff41" testName="MusicEngineEditor.Tests.ViewModels.MainViewModelTests.Constructor_ShouldSetDefaultValues" computerName="X" duration="00:00:00.0012773" startTime="2026-01-31T07:11:15.3430961+01:00" endTime="2026-01-31T07:11:15.3430966+01:00" testType="13cdc9d9-ddb5-4fa4-a97d-d965ccfc6d4b" outcome="Passed" testListId="8c84fa94-04c1-424b-9868-57a2d4851a1d" relativeResultsDirectory="e22aa4d5-0a9f-4c0d-8dc7-ab384c796e11" />
    <UnitTestResult executionId="c8dc4df0-30ed-4a7b-962a-3e8921e8925b" testId="2aab748a-8d7a-b944-6322-bb3db73f61d5" testName="MusicEngineEditor.Tests.Services.SettingsServiceTests.LoadSettingsAsync_ShouldHandleCorruptedFile" computerName="X" duration="00:00:00.0159205" startTime="2026-01-31T07:11:15.2153097+01:00" endTime="2026-01-31T07:11:15.2153111+01:00" testType="13cdc9d9-ddb5-4fa4-a97d-d965ccfc6d4b" outcome="Passed" testListId="8c84fa94-04c1-424b-9868-57a2d4851a1d" relativeResultsDirectory="c8dc4df0-30ed-4a7b-962a-3e8921e8925b" />
    <UnitTestResult executionId="80b4e790-2d46-4ee6-b820-af95cd953578" testId="41dcff17-e569-036e-fe85-f97382a800df" testName="MusicEngineEditor.Tests.Services.ProjectServiceTests.OpenProjectAsync_ShouldLoadSettings" computerName="X" duration="00:00:00.0478699" startTime="2026-01-31T07:11:15.4792892+01:00" endTime="2026-01-31T07:11:15.4792896+01:00" testType="13cdc9d9-ddb5-4fa4-a97d-d965ccfc6d4b" outcome="Passed" testListId="8c84fa94-04c1-424b-9868-57a2d4851a1d" relativeResultsDirectory="80b4e790-2d46-4ee6-b820-af95cd953578" />
    <UnitTestResult executionId="49d9c0f7-c83d-4549-bf54-3d347226aba5" testId="59c64405-9a45-f7b9-c1d8-fbd1398eb9ef" testName="MusicEngineEditor.Tests.Services.SettingsServiceTests.SaveSettingsAsync_ShouldPersistMidiSettings" computerName="X" duration="00:00:00.0141718" startTime="2026-01-31T07:11:15.1991222+01:00" endTime="2026-01-31T07:11:15.1991230+01:00" testType="13cdc9d9-ddb5-4fa4-a97d-d965ccfc6d4b" outcome="Passed" testListId="8c84fa94-04c1-424b-9868-57a2d4851a1d" relativeResultsDirectory="49d9c0f7-c83d-4549-bf54-3d347226aba5" />
    <UnitTestResult executionId="f9db65de-84de-4f45-9a69-33a9795344d2" testId="e70cc913-0900-72d8-b17a-f1bd71c68b39" testName="MusicEngineEditor.Tests.Services.ProjectServiceTests.CreateProjectAsync_ShouldCreateBinSubdirectory" computerName="X" duration="00:00:00.0160033" startTime="2026-01-31T07:11:15.3993228+01:00" endTime="2026-01-31T07:11:15.3993235+01:00" testType="13cdc9d9-ddb5-4fa4-a97d-d965ccfc6d4b" outcome="Passed" testListId="8c84fa94-04c1-424b-9868-57a2d4851a1d" relativeResultsDirectory="f9db65de-84de-4f45-9a69-33a9795344d2" />
    <UnitTestResult executionId="33bec6d6-bfbb-49bf-b40a-a6cddda2e588" testId="f00dba1e-0263-ad53-205b-9acfce25800a" testName="MusicEngineEditor.Tests.Services.SettingsServiceTests.ResetToDefaults_AfterLoadingCustomSettings_ShouldReturnDefaults" computerName="X" duration="00:00:00.0098282" startTime="2026-01-31T07:11:15.3736885+01:00" endTime="2026-01-31T07:11:15.3736890+01:00" testType="13cdc9d9-ddb5-4fa4-a97d-d965ccfc6d4b" outcome="Passed" testListId="8c84fa94-04c1-424b-9868-57a2d4851a1d" relativeResultsDirectory="33bec6d6-bfbb-49bf-b40a-a6cddda2e588" />
    <UnitTestResult executionId="432814dd-1bab-4a28-b34b-6b4c768778e2" testId="fdaaedda-672a-b198-a8cc-3185554ac435" testName="MusicEngineEditor.Tests.ViewModels.MainViewModelTests.SaveAllCommand_ShouldExist" computerName="X" duration="00:00:00.0007094" startTime="2026-01-31T07:11:15.3398890+01:00" endTime="2026-01-31T07:11:15.3398895+01:00" testType="13cdc9d9-ddb5-4fa4-a97d-d965ccfc6d4b" outcome="Passed" testListId="8c84fa94-04c1-424b-9868-57a2d4851a1d" relativeResultsDirectory="432814dd-1bab-4a28-b34b-6b4c768778e2" />
    <UnitTestResult executionId="1d71cda6-96e4-4c2e-b446-480c569acf4c" testId="53b3e436-fa92-4cb2-edaf-cc93e6c3b2b1" testName="MusicEngineEditor.Tests.Services.SettingsServiceTests.ResetToDefaults_ShouldUpdateSettingsProperty" computerName="X" duration="00:00:00.0042963" startTime="2026-01-31T07:11:15.3218850+01:00" endTime="2026-01-31T07:11:15.3218851+01:00" testType="13cdc9d9-ddb5-4fa4-a97d-d965ccfc6d4b" outcome="Passed" testListId="8c84fa94-04c1-424b-9868-57a2d4851a1d" relativeResultsDirectory="1d71cda6-96e4-4c2e-b446-480c569acf4c" />
    <UnitTestResult executionId="b3557324-4889-4977-8b60-8b7f5546ce32" testId="bce27689-6bf3-add4-6ee3-0276a1bf31e6" testName="MusicEngineEditor.Tests.Services.ProjectServiceTests.CreateProjectAsync_ShouldSetDefaultSettings" computerName="X" duration="00:00:00.0135996" startTime="2026-01-31T07:11:15.9220750+01:00" endTime="2026-01-31T07:11:15.9220755+01:00" testType="13cdc9d9-ddb5-4fa4-a97d-d965ccfc6d4b" outcome="Passed" testListId="8c84fa94-04c1-424b-9868-57a2d4851a1d" relativeResultsDirectory="b3557324-4889-4977-8b60-8b7f5546ce32" />
    <UnitTestResult executionId="dcc4ab71-6efc-4dd7-922b-0bcd96872dc6" testId="1ff999d6-0dbd-2602-c467-bd17eb243ed3" testName="MusicEngineEditor.Tests.ViewModels.MainViewModelTests.ReplaceCommand_ShouldExist" computerName="X" duration="00:00:00.0007649" startTime="2026-01-31T07:11:15.3450983+01:00" endTime="2026-01-31T07:11:15.3450987+01:00" testType="13cdc9d9-ddb5-4fa4-a97d-d965ccfc6d4b" outcome="Passed" testListId="8c84fa94-04c1-424b-9868-57a2d4851a1d" relativeResultsDirectory="dcc4ab71-6efc-4dd7-922b-0bcd96872dc6" />
    <UnitTestResult executionId="9ad65fa6-2843-41c1-9cbf-7621c51196ed" testId="c31ef46d-6984-ba93-c555-f0b24a023cee" testName="MusicEngineEditor.Tests.Services.ProjectServiceTests.SaveProjectAsync_ShouldPersistScriptsList" computerName="X" duration="00:00:00.0569467" startTime="2026-01-31T07:11:16.0482680+01:00" endTime="2026-01-31T07:11:16.0482684+01:00" testType="13cdc9d9-ddb5-4fa4-a97d-d965ccfc6d4b" outcome="Passed" testListId="8c84fa94-04c1-424b-9868-57a2d4851a1d" relativeResultsDirectory="9ad65fa6-2843-41c1-9cbf-7621c51196ed" />
    <UnitTestResult executionId="ebea08da-807c-4489-90fe-a162d0afcc5d" testId="cef21791-3ad4-b666-9d19-dc7b06549cb0" testName="MusicEngineEditor.Tests.Services.ProjectServiceTests.SaveProjectAsync_ShouldClearIsDirtyFlag" computerName="X" duration="00:00:00.0275549" startTime="2026-01-31T07:11:16.5056913+01:00" endTime="2026-01-31T07:11:16.5056916+01:00" testType="13cdc9d9-ddb5-4fa4-a97d-d965ccfc6d4b" outcome="Passed" testListId="8c84fa94-04c1-424b-9868-57a2d4851a1d" relativeResultsDirectory="ebea08da-807c-4489-90fe-a162d0afcc5d" />
    <UnitTestResult executionId="0d520bc1-4f20-4506-840d-a530dd44a071" testId="641aca1a-2abf-7981-a075-c62b2603b9a7" testName="MusicEngineEditor.Tests.ViewModels.MainViewModelTests.StopCommand_ShouldExist" computerName="X" duration="00:00:00.0007447" startTime="2026-01-31T07:11:15.3381974+01:00" endTime="2026-01-31T07:11:15.3381978+01:00" testType="13cdc9d9-ddb5-4fa4-a97d-d965ccfc6d4b" outcome="Passed" testListId="8c84fa94-04c1-424b-9868-57a2d4851a1d" relativeResultsDirectory="0d520bc1-4f20-4506-840d-a530dd44a071" />
    <UnitTestResult executionId="715aed49-269f-41a8-a341-884e2a3c9991" testId="6fe84822-de56-270b-9774-fa247582ab1a" testName="MusicEngineEditor.Tests.Services.SettingsServiceTests.DefaultSettings_AudioSampleRate_ShouldBe44100" computerName="X" duration="00:00:00.0096542" startTime="2026-01-31T07:11:15.1635205+01:00" endTime="2026-01-31T07:11:15.1635206+01:00" testType="13cdc9d9-ddb5-4fa4-a97d-d965ccfc6d4b" outcome="Passed" testListId="8c84fa94-04c1-424b-9868-57a2d4851a1d" relativeResultsDirectory="715aed49-269f-41a8-a341-884e2a3c9991" />
    <UnitTestResult executionId="7a4044ad-69f3-44be-92d6-60af1bb509cc" testId="e91d9f1a-ba83-eecf-603d-fae8f28220cb" testName="MusicEngineEditor.Tests.ViewModels.MainViewModelTests.NewFileCommand_ShouldExist" computerName="X" duration="00:00:00.0052644" startTime="2026-01-31T07:11:15.2883049+01:00" endTime="2026-01-31T07:11:15.2883050+01:00" testType="13cdc9d9-ddb5-4fa4-a97d-d965ccfc6d4b" outcome="Passed" testListId="8c84fa94-04c1-424b-9868-57a2d4851a1d" relativeResultsDirectory="7a4044ad-69f3-44be-92d6-60af1bb509cc" />
    <UnitTestResult executionId="05a7ff1f-2014-4260-9019-2f6b2845f31c" testId="64a53553-5093-4090-6617-c80919a0aece" testName="MusicEngineEditor.Tests.ViewModels.MainViewModelTests.IsBusy_ShouldRaisePropertyChanged" computerName="X" duration="00:00:00.0010709" startTime="2026-01-31T07:11:15.3411063+01:00" endTime="2026-01-31T07:11:15.3411067+01:00" testType="13cdc9d9-ddb5-4fa4-a97d-d965ccfc6d4b" outcome="Passed" testListId="8c84fa94-04c1-424b-9868-57a2d4851a1d" relativeResultsDirectory="05a7ff1f-2014-4260-9019-2f6b2845f31c" />
    <UnitTestResult executionId="8e8b54c3-5e44-4ba3-9856-8e2d2307dc28" testId="38399936-2518-9904-e472-e0055551a125" testName="MusicEngineEditor.Tests.Services.ProjectServiceTests.CreateProjectAsync_ShouldCreateAudioSubdirectory" computerName="X" duration="00:00:00.0216421" startTime="2026-01-31T07:11:16.1142528+01:00" endTime="2026-01-31T07:11:16.1142534+01:00" testType="13cdc9d9-ddb5-4fa4-a97d-d965ccfc6d4b" outcome="Passed" testListId="8c84fa94-04c1-424b-9868-57a2d4851a1d" relativeResultsDirectory="8e8b54c3-5e44-4ba3-9856-8e2d2307dc28" />
    <UnitTestResult executionId="c9128f40-0132-4c99-b926-09026db13d9f" testId="47e67ed8-a260-bd0c-85ba-46d82a75faaa" testName="MusicEngineEditor.Tests.ViewModels.MainViewModelTests.OpenScript_ShouldNotDuplicateIfAlreadyOpen" computerName="X" duration="00:00:00.0007415" startTime="2026-01-31T07:11:15.3240569+01:00" endTime="2026-01-31T07:11:15.3240572+01:00" testType="13cdc9d9-ddb5-4fa4-a97d-d965ccfc6d4b" outcome="Passed" testListId="8c84fa94-04c1-424b-9868-57a2d4851a1d" relativeResultsDirectory="c9128f40-0132-4c99-b926-09026db13d9f" />
  </Results>
  <TestDefinitions>
    <UnitTest name="MusicEngineEditor.Tests.Services.ProjectServiceTests.CreateScript_ShouldNotBeEntryPoint" storage="c:\users\water\riderprojects\musiceditor\musicengineeditor.tests\bin\release\net10.0-windows\musicengineeditor.tests.dll" id="713b2307-1ae5-d629-5714-45f50b385471">
      <Execution id="ab8aad7e-ea78-4364-adf3-6d8f2b0d919b" />
      <TestMethod codeBase="C:\Users\water\RiderProjects\MusicEditor\MusicEngineEditor.Tests\bin\Release\net10.0-windows\MusicEngineEditor.Tests.dll" adapterTypeName="executor://xunit/VsTestRunner2/netcoreapp" className="MusicEngineEditor.Tests.Services.ProjectServiceTests" name="CreateScript_ShouldNotBeEntryPoint" />
    </UnitTest>
    <UnitTest name="MusicEngineEditor.Tests.Services.SettingsServiceTests.SaveSettingsAsync_ShouldPersistPathSettings" storage="c:\users\water\riderprojects\musiceditor\musicengineeditor.tests\bin\release\net10.0-windows\musicengineeditor.tests.dll" id="d5bcda05-6071-8596-2dcd-6ea0a0506093">
      <Execution id="5867413c-04de-477f-b6fc-059b2b15084a" />
      <TestMethod codeBase="C:\Users\water\RiderProjects\MusicEditor\MusicEngineEditor.Tests\bin\Release\net10.0-windows\MusicEngineEditor.Tests.dll" adapterTypeName="executor://xunit/VsTestRunner2/netcoreapp" className="MusicEngineEditor.Tests.Services.SettingsServiceTests" name="SaveSettingsAsync_ShouldPersistPathSettings" />
    </UnitTest>
    <UnitTest name="MusicEngineEditor.Tests.Services.SettingsServiceTests.LoadSettingsAsync_ShouldSetSettingsProperty" storage="c:\users\water\riderprojects\musiceditor\musicengineeditor.tests\bin\release\net10.0-windows\musicengineeditor.tests.dll" id="8aaa7a23-b8f4-c3b8-22a9-8b3e0f49d606">
      <Execution id="c5f4734d-98fb-4c9a-8a86-fd4940546974" />
      <TestMethod codeBase="C:\Users\water\RiderProjects\MusicEditor\MusicEngineEditor.Tests\bin\Release\net10.0-windows\MusicEngineEditor.Tests.dll" adapterTypeName="executor://xunit/VsTestRunner2/netcoreapp" className="MusicEngineEditor.Tests.Services.SettingsServiceTests" name="LoadSettingsAsync_ShouldSetSettingsProperty" />
    </UnitTest>
    <UnitTest name="MusicEngineEditor.Tests.Services.ProjectServiceTests.SaveProjectAsync_ShouldClearIsDirtyFlag" storage="c:\users\water\riderprojects\musiceditor\musicengineeditor.tests\bin\release\net10.0-windows\musicengineeditor.tests.dll" id="cef21791-3ad4-b666-9d19-dc7b06549cb0">
      <Execution id="ebea08da-807c-4489-90fe-a162d0afcc5d" />
      <TestMethod codeBase="C:\Users\water\RiderProjects\MusicEditor\MusicEngineEditor.Tests\bin\Release\net10.0-windows\MusicEngineEditor.Tests.dll" adapterTypeName="executor://xunit/VsTestRunner2/netcoreapp" className="MusicEngineEditor.Tests.Services.ProjectServiceTests" name="SaveProjectAsync_ShouldClearIsDirtyFlag" />
    </UnitTest>
    <UnitTest name="MusicEngineEditor.Tests.Services.ProjectServiceTests.CloseProjectAsync_ShouldSetCurrentProjectToNull" storage="c:\users\water\riderprojects\musiceditor\musicengineeditor.tests\bin\release\net10.0-windows\musicengineeditor.tests.dll" id="ce23dc56-731d-04b5-a9b0-a0e0354677e2">
      <Execution id="4dda0020-f74a-4464-8f08-aa2c969530fe" />
      <TestMethod codeBase="C:\Users\water\RiderProjects\MusicEditor\MusicEngineEditor.Tests\bin\Release\net10.0-windows\MusicEngineEditor.Tests.dll" adapterTypeName="executor://xunit/VsTestRunner2/netcoreapp" className="MusicEngineEditor.Tests.Services.ProjectServiceTests" name="CloseProjectAsync_ShouldSetCurrentProjectToNull" />
    </UnitTest>
    <UnitTest name="MusicEngineEditor.Tests.Services.ProjectServiceTests.CreateProjectAsync_ShouldCreateDefaultMainScript" storage="c:\users\water\riderprojects\musiceditor\musicengineeditor.tests\bin\release\net10.0-windows\musicengineeditor.tests.dll" id="f10efdee-50bb-5fe8-4904-e3ec5b447d3d">
      <Execution id="410f604b-b334-4777-be46-216d899ecc2e" />
      <TestMethod codeBase="C:\Users\water\RiderProjects\MusicEditor\MusicEngineEditor.Tests\bin\Release\net10.0-windows\MusicEngineEditor.Tests.dll" adapterTypeName="executor://xunit/VsTestRunner2/netcoreapp" className="MusicEngineEditor.Tests.Services.ProjectServiceTests" name="CreateProjectAsync_ShouldCreateDefaultMainScript" />
    </UnitTest>
    <UnitTest name="MusicEngineEditor.Tests.Services.ProjectServiceTests.ProjectFile_ShouldBeHumanReadable" storage="c:\users\water\riderprojects\musiceditor\musicengineeditor.tests\bin\release\net10.0-windows\musicengineeditor.tests.dll" id="6689b8d3-f015-6cad-ed28-0469a4c7a8d7">
      <Execution id="e17280c8-8046-4d7e-b332-eef913d1cd1e" />
      <TestMethod codeBase="C:\Users\water\RiderProjects\MusicEditor\MusicEngineEditor.Tests\bin\Release\net10.0-windows\MusicEngineEditor.Tests.dll" adapterTypeName="executor://xunit/VsTestRunner2/netcoreapp" className="MusicEngineEditor.Tests.Services.ProjectServiceTests" name="ProjectFile_ShouldBeHumanReadable" />
    </UnitTest>
    <UnitTest name="MusicEngineEditor.Tests.Services.SettingsServiceTests.ResetToDefaults_ShouldSetDefaultAudioSettings" storage="c:\users\water\riderprojects\musiceditor\musicengineeditor.tests\bin\release\net10.0-windows\musicengineeditor.tests.dll" id="b6fcd2d3-0cb9-0e81-7f90-fc8276316ec5">
      <Execution id="ae347c2f-5d1c-4751-b4c4-e44d89378d77" />
      <TestMethod codeBase="C:\Users\water\RiderProjects\MusicEditor\MusicEngineEditor.Tests\bin\Release\net10.0-windows\MusicEngineEditor.Tests.dll" adapterTypeName="executor://xunit/VsTestRunner2/netcoreapp" className="MusicEngineEditor.Tests.Services.SettingsServiceTests" name="ResetToDefaults_ShouldSetDefaultAudioSettings" />
    </UnitTest>
    <UnitTest name="MusicEngineEditor.Tests.Services.ProjectServiceTests.CloseProjectAsync_ShouldRaiseProjectClosedEvent" storage="c:\users\water\riderprojects\musiceditor\musicengineeditor.tests\bin\release\net10.0-windows\musicengineeditor.tests.dll" id="340f6c5e-50c4-2001-fd71-b6d8776c180e">
      <Execution id="0b09ff5b-36b2-4212-9253-dd181ffb4495" />
      <TestMethod codeBase="C:\Users\water\RiderProjects\MusicEditor\MusicEngineEditor.Tests\bin\Release\net10.0-windows\MusicEngineEditor.Tests.dll" adapterTypeName="executor://xunit/VsTestRunner2/netcoreapp" className="MusicEngineEditor.Tests.Services.ProjectServiceTests" name="CloseProjectAsync_ShouldRaiseProjectClosedEvent" />
    </UnitTest>
    <UnitTest name="MusicEngineEditor.Tests.Services.ProjectServiceTests.ProjectFile_ShouldBeValidJson" storage="c:\users\water\riderprojects\musiceditor\musicengineeditor.tests\bin\release\net10.0-windows\musicengineeditor.tests.dll" id="693be13e-c78e-31b2-177f-119d8b92923b">
      <Execution id="111264c7-1839-4616-a084-71f6dcd11e71" />
      <TestMethod codeBase="C:\Users\water\RiderProjects\MusicEditor\MusicEngineEditor.Tests\bin\Release\net10.0-windows\MusicEngineEditor.Tests.dll" adapterTypeName="executor://xunit/VsTestRunner2/netcoreapp" className="MusicEngineEditor.Tests.Services.ProjectServiceTests" name="ProjectFile_ShouldBeValidJson" />
    </UnitTest>
    <UnitTest name="MusicEngineEditor.Tests.Services.ProjectServiceTests.CreateProjectAsync_ShouldSetCurrentProject" storage="c:\users\water\riderprojects\musiceditor\musicengineeditor.tests\bin\release\net10.0-windows\musicengineeditor.tests.dll" id="e834bb40-9695-e7c3-5c7c-4b51fe0e517e">
      <Execution id="9060141e-2d7d-47e6-8c97-1eae0dee28ba" />
      <TestMethod codeBase="C:\Users\water\RiderProjects\MusicEditor\MusicEngineEditor.Tests\bin\Release\net10.0-windows\MusicEngineEditor.Tests.dll" adapterTypeName="executor://xunit/VsTestRunner2/netcoreapp" className="MusicEngineEditor.Tests.Services.ProjectServiceTests" name="CreateProjectAsync_ShouldSetCurrentProject" />
    </UnitTest>
    <UnitTest name="MusicEngineEditor.Tests.ViewModels.MainViewModelTests.AddScriptCommand_ShouldExist" storage="c:\users\water\riderprojects\musiceditor\musicengineeditor.tests\bin\release\net10.0-windows\musicengineeditor.tests.dll" id="1f0e2e99-8e6b-1d26-4e3c-f4cedbf1344e">
      <Execution id="5c75cef3-87d0-45fc-8eef-894b6d3eb079" />
      <TestMethod codeBase="C:\Users\water\RiderProjects\MusicEditor\MusicEngineEditor.Tests\bin\Release\net10.0-windows\MusicEngineEditor.Tests.dll" adapterTypeName="executor://xunit/VsTestRunner2/netcoreapp" className="MusicEngineEditor.Tests.ViewModels.MainViewModelTests" name="AddScriptCommand_ShouldExist" />
    </UnitTest>
    <UnitTest name="MusicEngineEditor.Tests.Services.ProjectServiceTests.CreateProjectAsync_ShouldCreateProjectFile" storage="c:\users\water\riderprojects\musiceditor\musicengineeditor.tests\bin\release\net10.0-windows\musicengineeditor.tests.dll" id="5504fb4c-ab77-9a8c-4216-80a53f6290ba">
      <Execution id="c63c58bf-b7d9-47f8-9aba-254ad8251bf9" />
      <TestMethod codeBase="C:\Users\water\RiderProjects\MusicEditor\MusicEngineEditor.Tests\bin\Release\net10.0-windows\MusicEngineEditor.Tests.dll" adapterTypeName="executor://xunit/VsTestRunner2/netcoreapp" className="MusicEngineEditor.Tests.Services.ProjectServiceTests" name="CreateProjectAsync_ShouldCreateProjectFile" />
    </UnitTest>
    <UnitTest name="MusicEngineEditor.Tests.Audio.PatternSmokeTests.SinePattern_ShouldHitExpectedFrequenciesAndLevels" storage="c:\users\water\riderprojects\musiceditor\musicengineeditor.tests\bin\release\net10.0-windows\musicengineeditor.tests.dll" id="6059430e-d2e1-c5eb-2f50-3c63bc96810f">
      <Execution id="3ee95e27-f54b-4854-8889-9bfe5bcd4ec5" />
      <TestMethod codeBase="C:\Users\water\RiderProjects\MusicEditor\MusicEngineEditor.Tests\bin\Release\net10.0-windows\MusicEngineEditor.Tests.dll" adapterTypeName="executor://xunit/VsTestRunner2/netcoreapp" className="MusicEngineEditor.Tests.Audio.PatternSmokeTests" name="SinePattern_ShouldHitExpectedFrequenciesAndLevels" />
    </UnitTest>
    <UnitTest name="MusicEngineEditor.Tests.Services.SettingsServiceTests.DefaultSettings_HighlightCurrentLine_ShouldBeTrue" storage="c:\users\water\riderprojects\musiceditor\musicengineeditor.tests\bin\release\net10.0-windows\musicengineeditor.tests.dll" id="2bf22984-cd86-c64e-e0a7-823c73ec630b">
      <Execution id="227bb5e9-8ad8-4ff7-8f05-66f1216df916" />
      <TestMethod codeBase="C:\Users\water\RiderProjects\MusicEditor\MusicEngineEditor.Tests\bin\Release\net10.0-windows\MusicEngineEditor.Tests.dll" adapterTypeName="executor://xunit/VsTestRunner2/netcoreapp" className="MusicEngineEditor.Tests.Services.SettingsServiceTests" name="DefaultSettings_HighlightCurrentLine_ShouldBeTrue" />
    </UnitTest>
[...]
    <TestEntry testId="75db4f34-266f-51be-e948-34432982f9cd" executionId="bbacda9f-ccc4-4a26-9660-8faa16e2beb7" testListId="8c84fa94-04c1-424b-9868-57a2d4851a1d" />
    <TestEntry testId="c1525632-8ef6-9455-8421-52763e3d5af5" executionId="7a62b620-bc56-48d9-9312-6c6ba967086e" testListId="8c84fa94-04c1-424b-9868-57a2d4851a1d" />
    <TestEntry testId="5882caa3-5d10-f2a9-a99e-80a3d273a982" executionId="1589d98f-8832-4111-8f09-09ec48e2b522" testListId="8c84fa94-04c1-424b-9868-57a2d4851a1d" />
    <TestEntry testId="9649b404-62e0-a41d-24f0-eb5f4e9f1c48" executionId="018b763d-74f2-4584-a6a5-1272036b7e2a" testListId="8c84fa94-04c1-424b-9868-57a2d4851a1d" />
    <TestEntry testId="111a60ce-60fd-01c3-be90-4e5096918335" executionId="aebf48ff-0ef8-4693-8a82-00c79863ad80" testListId="8c84fa94-04c1-424b-9868-57a2d4851a1d" />
    <TestEntry testId="e834bb40-9695-e7c3-5c7c-4b51fe0e517e" executionId="9060141e-2d7d-47e6-8c97-1eae0dee28ba" testListId="8c84fa94-04c1-424b-9868-57a2d4851a1d" />
    <TestEntry testId="340f6c5e-50c4-2001-fd71-b6d8776c180e" executionId="0b09ff5b-36b2-4212-9253-dd181ffb4495" testListId="8c84fa94-04c1-424b-9868-57a2d4851a1d" />
    <TestEntry testId="3b794715-57f7-a1c4-ec5b-d58910db310c" executionId="ae41bfe5-8dbc-4212-8934-159357ca9f46" testListId="8c84fa94-04c1-424b-9868-57a2d4851a1d" />
    <TestEntry testId="d8562534-0242-d926-52e7-a65aac65f196" executionId="31e6cbc9-cd12-484a-af9e-18bf323da76a" testListId="8c84fa94-04c1-424b-9868-57a2d4851a1d" />
    <TestEntry testId="ce23dc56-731d-04b5-a9b0-a0e0354677e2" executionId="4dda0020-f74a-4464-8f08-aa2c969530fe" testListId="8c84fa94-04c1-424b-9868-57a2d4851a1d" />
    <TestEntry testId="c32111dd-99d8-2fdf-7f64-86f677d7f3c5" executionId="d527ac50-f25e-4f4f-b395-e8cd78d36001" testListId="8c84fa94-04c1-424b-9868-57a2d4851a1d" />
    <TestEntry testId="99cb813a-f0ea-4ab6-6763-69e8c44dfec5" executionId="c8173631-65ec-4f06-bd9c-b52b69e5320c" testListId="8c84fa94-04c1-424b-9868-57a2d4851a1d" />
    <TestEntry testId="4d8a3d5e-7005-a78a-9ae0-f2775624ea7b" executionId="65eada7f-3a51-4aa3-9628-cbffc237b5a7" testListId="8c84fa94-04c1-424b-9868-57a2d4851a1d" />
    <TestEntry testId="d5bcda05-6071-8596-2dcd-6ea0a0506093" executionId="5867413c-04de-477f-b6fc-059b2b15084a" testListId="8c84fa94-04c1-424b-9868-57a2d4851a1d" />
    <TestEntry testId="6a1169bb-0ff7-ce1b-7e87-691f15f2b483" executionId="bc2484cf-d2a6-4732-bcbe-2c91a0e74ef5" testListId="8c84fa94-04c1-424b-9868-57a2d4851a1d" />
    <TestEntry testId="b7ca90a2-938c-d8d7-3233-97c39123136e" executionId="2bca8b0d-24ae-4a49-bf35-6b9b975bb191" testListId="8c84fa94-04c1-424b-9868-57a2d4851a1d" />
    <TestEntry testId="ae04da10-e479-fadf-482e-77888ae7baa5" executionId="2141fb75-3e8c-4e54-9692-e7ddce8a8acf" testListId="8c84fa94-04c1-424b-9868-57a2d4851a1d" />
    <TestEntry testId="57b74437-d09d-ee54-18ba-52ed332a305f" executionId="377eb774-6404-4ce8-995c-977dc8e0e1b9" testListId="8c84fa94-04c1-424b-9868-57a2d4851a1d" />
    <TestEntry testId="896ad4bc-4828-2b46-3a2f-3990edf30caf" executionId="c186b56a-9f2d-44c4-a348-d515c92c359f" testListId="8c84fa94-04c1-424b-9868-57a2d4851a1d" />
    <TestEntry testId="b6fcd2d3-0cb9-0e81-7f90-fc8276316ec5" executionId="ae347c2f-5d1c-4751-b4c4-e44d89378d77" testListId="8c84fa94-04c1-424b-9868-57a2d4851a1d" />
    <TestEntry testId="5504fb4c-ab77-9a8c-4216-80a53f6290ba" executionId="c63c58bf-b7d9-47f8-9aba-254ad8251bf9" testListId="8c84fa94-04c1-424b-9868-57a2d4851a1d" />
    <TestEntry testId="cbc940d0-ad43-fa57-8b93-6dfadaf720c1" executionId="f6fec60e-8bf1-48ff-ba88-d012ccb78836" testListId="8c84fa94-04c1-424b-9868-57a2d4851a1d" />
    <TestEntry testId="898563f0-430c-1b88-27c3-6de7219c3db0" executionId="f12745c0-c93a-42b1-9e6a-2c54b05fe91f" testListId="8c84fa94-04c1-424b-9868-57a2d4851a1d" />
    <TestEntry testId="08478d6a-b6a4-fd72-40fe-d3100967cf0b" executionId="fd72706c-55d5-45f5-a0f1-cee251d5a956" testListId="8c84fa94-04c1-424b-9868-57a2d4851a1d" />
    <TestEntry testId="e43fec9f-6356-9a5e-8002-2eb90248b5dd" executionId="0483774f-a35c-483b-814a-676c12e96355" testListId="8c84fa94-04c1-424b-9868-57a2d4851a1d" />
    <TestEntry testId="dd449465-a161-d3e3-ebc6-54ebdec0c510" executionId="8426d8bf-52ea-4f6c-bdcc-eab4da664ecb" testListId="8c84fa94-04c1-424b-9868-57a2d4851a1d" />
    <TestEntry testId="4b74a049-daf6-069a-f631-e0f37ed82168" executionId="1ab92ed9-7883-4d70-bfce-ab9b6f69dbf5" testListId="8c84fa94-04c1-424b-9868-57a2d4851a1d" />
    <TestEntry testId="2bf22984-cd86-c64e-e0a7-823c73ec630b" executionId="227bb5e9-8ad8-4ff7-8f05-66f1216df916" testListId="8c84fa94-04c1-424b-9868-57a2d4851a1d" />
    <TestEntry testId="d2ed7105-59b1-bd22-0c92-903b4b06c99b" executionId="8bebe72e-f5fa-49b4-bd9a-539d8dabe2ad" testListId="8c84fa94-04c1-424b-9868-57a2d4851a1d" />
    <TestEntry testId="78f507e6-e50e-510e-35cd-d91130449c41" executionId="9589482a-b264-4160-a459-9f28f709148d" testListId="8c84fa94-04c1-424b-9868-57a2d4851a1d" />
    <TestEntry testId="9b0e062b-06b9-e958-30b6-07b1e322fcb7" executionId="00230c54-c636-49e8-8c07-0290ed48dcf9" testListId="8c84fa94-04c1-424b-9868-57a2d4851a1d" />
    <TestEntry testId="bab174dd-b86d-17a0-5752-e8501b9a6671" executionId="d78e61b7-e0db-4b2e-8c2a-68b41313f7e8" testListId="8c84fa94-04c1-424b-9868-57a2d4851a1d" />
    <TestEntry testId="291600ec-b647-78b3-255e-8c4e60266d1e" executionId="44ed42c4-61db-4a6e-b773-6e6c16d0f954" testListId="8c84fa94-04c1-424b-9868-57a2d4851a1d" />
    <TestEntry testId="6cbbc7eb-dbc4-d94a-0b56-eeb45a550073" executionId="d3093805-9fc4-4911-8438-695cd196f2db" testListId="8c84fa94-04c1-424b-9868-57a2d4851a1d" />
    <TestEntry testId="30669d21-ce87-611c-5167-fd0c8b5578ef" executionId="b7dd35b2-8abb-4d12-8066-25e67015dcb7" testListId="8c84fa94-04c1-424b-9868-57a2d4851a1d" />
    <TestEntry testId="fc2f2ce1-6b8d-f3c6-fe9a-96ba643cf5d6" executionId="845b196b-f3f7-44a6-addb-98c244a3f260" testListId="8c84fa94-04c1-424b-9868-57a2d4851a1d" />
    <TestEntry testId="6c463249-6a04-6d6b-33dc-aab527a35a83" executionId="a2cb6efc-f975-4038-b1fc-9d82ef284c3b" testListId="8c84fa94-04c1-424b-9868-57a2d4851a1d" />
    <TestEntry testId="c95d14a2-46f0-8bc3-88c9-a4ac49b5830d" executionId="1675c13c-b312-40a6-a5cd-838ad3c60c56" testListId="8c84fa94-04c1-424b-9868-57a2d4851a1d" />
    <TestEntry testId="a7d019c6-27e6-55f3-ee20-bf5a7d9bfebe" executionId="480aff93-3275-4eed-b6e1-b1437fb802fe" testListId="8c84fa94-04c1-424b-9868-57a2d4851a1d" />
    <TestEntry testId="b24722be-fcf4-ef64-85ac-f9de05d3e7e8" executionId="7888d0aa-f901-4131-a7c1-6a20fc0e281c" testListId="8c84fa94-04c1-424b-9868-57a2d4851a1d" />
    <TestEntry testId="a5fd22ff-3949-ac90-7d19-513ddbf5f1f5" executionId="ccb8aeb3-2991-44b0-b88a-2d34e200289a" testListId="8c84fa94-04c1-424b-9868-57a2d4851a1d" />
    <TestEntry testId="c9a47538-237d-c8be-48e0-67eaa7467bf0" executionId="e206a56f-9e30-48c9-93e0-3eaf605f6ac5" testListId="8c84fa94-04c1-424b-9868-57a2d4851a1d" />
    <TestEntry testId="4cf43125-c544-0a49-e8e5-b1f96921f4e1" executionId="14c7ecd1-1432-4e50-b27a-2fa9814fcc4c" testListId="8c84fa94-04c1-424b-9868-57a2d4851a1d" />
    <TestEntry testId="430f8769-6806-7d0d-7803-a9043760c738" executionId="da855aec-310d-40ba-a0a7-3748991cbc0b" testListId="8c84fa94-04c1-424b-9868-57a2d4851a1d" />
    <TestEntry testId="f408d0ec-962f-8a50-f7ad-bc341c1be18f" executionId="c1d8a905-3cca-4739-9811-f296ab0fb7a5" testListId="8c84fa94-04c1-424b-9868-57a2d4851a1d" />
    <TestEntry testId="7175eedd-8cbc-c6fa-19a3-e7239d5e4182" executionId="3ea813f5-90b8-4265-8c25-016ad9d5f531" testListId="8c84fa94-04c1-424b-9868-57a2d4851a1d" />
    <TestEntry testId="1eb55637-2821-289c-703c-d69d0507a1fa" executionId="3404ca85-47b6-4808-8f66-3fd146169fa1" testListId="8c84fa94-04c1-424b-9868-57a2d4851a1d" />
    <TestEntry testId="19602812-704a-88b7-723d-a1b720b08799" executionId="cf37ab35-fac7-4dcf-b213-42ae8eb9d0b9" testListId="8c84fa94-04c1-424b-9868-57a2d4851a1d" />
    <TestEntry testId="713b2307-1ae5-d629-5714-45f50b385471" executionId="ab8aad7e-ea78-4364-adf3-6d8f2b0d919b" testListId="8c84fa94-04c1-424b-9868-57a2d4851a1d" />
    <TestEntry testId="628d1d3d-f654-1801-038e-9ad31abffc81" executionId="faaa8390-93bd-4579-9300-e1118069e80c" testListId="8c84fa94-04c1-424b-9868-57a2d4851a1d" />
    <TestEntry testId="1f0e2e99-8e6b-1d26-4e3c-f4cedbf1344e" executionId="5c75cef3-87d0-45fc-8eef-894b6d3eb079" testListId="8c84fa94-04c1-424b-9868-57a2d4851a1d" />
    <TestEntry testId="00fb6660-4aae-fb53-5aaa-2c665963864a" executionId="38d9f4d2-1d88-47af-8434-80d0c2a093a1" testListId="8c84fa94-04c1-424b-9868-57a2d4851a1d" />
    <TestEntry testId="a849bf53-0dcb-df56-7efe-bcaf8d8a57c5" executionId="1fd049bf-dc92-4342-85f5-0fa2bdfee700" testListId="8c84fa94-04c1-424b-9868-57a2d4851a1d" />
    <TestEntry testId="71445691-ae91-c4cb-d7b7-a6838e04b13e" executionId="3e77262c-6b7a-4c1c-953d-7496e24f3f59" testListId="8c84fa94-04c1-424b-9868-57a2d4851a1d" />
    <TestEntry testId="e25e9e00-c334-2099-408c-97f9f275162f" executionId="784367c6-6971-4124-94f1-401dca5da35b" testListId="8c84fa94-04c1-424b-9868-57a2d4851a1d" />
    <TestEntry testId="0180b175-753c-a015-39d6-6acbf852d539" executionId="0490c782-e8e0-44d3-9a5b-75e38beda188" testListId="8c84fa94-04c1-424b-9868-57a2d4851a1d" />
    <TestEntry testId="55ce5cc0-dd9f-215b-9ff8-6815ad9aa4ca" executionId="efd7a061-4c4b-4228-8d56-7a89c5fce869" testListId="8c84fa94-04c1-424b-9868-57a2d4851a1d" />
    <TestEntry testId="41462247-d0f9-968b-1454-e710cb59095b" executionId="623a6914-e886-4908-b548-9b88dc2bfe0b" testListId="8c84fa94-04c1-424b-9868-57a2d4851a1d" />
    <TestEntry testId="0aceb781-f283-9f34-3ddd-3d6fded2e002" executionId="336a58f4-3257-43a9-9fe5-904f183e8c71" testListId="8c84fa94-04c1-424b-9868-57a2d4851a1d" />
    <TestEntry testId="26e78492-84e1-05d4-6b9f-86974a5d412e" executionId="b6a97792-676d-4530-881b-eae9ef37ac60" testListId="8c84fa94-04c1-424b-9868-57a2d4851a1d" />
    <TestEntry testId="f70e88d9-0ee6-bd95-8334-b123d961fd6d" executionId="ee74f7f3-0e57-4817-89bd-44262e44260f" testListId="8c84fa94-04c1-424b-9868-57a2d4851a1d" />
    <TestEntry testId="a71f647b-f227-3e13-2621-4c24e42322b7" executionId="cb07f66b-2285-482a-9e4e-396dc70d5cba" testListId="8c84fa94-04c1-424b-9868-57a2d4851a1d" />
    <TestEntry testId="67d1a282-c14d-ace3-c720-550cf6322f44" executionId="19e4abae-c2c4-4edd-adb1-3bdf2e2e2db0" testListId="8c84fa94-04c1-424b-9868-57a2d4851a1d" />
    <TestEntry testId="c249448e-7666-9670-53b0-b27094b4e0da" executionId="969a79ed-47e2-48a3-a6b2-c81be223e8fe" testListId="8c84fa94-04c1-424b-9868-57a2d4851a1d" />
    <TestEntry testId="155df247-f839-c95a-f915-57462166aeb5" executionId="c3eba6f9-2071-47b0-b40b-ef8b4cc7f497" testListId="8c84fa94-04c1-424b-9868-57a2d4851a1d" />
    <TestEntry testId="2f7e95ea-9708-407a-42dd-66917ef996d5" executionId="8a6cb6dd-be36-4876-af7f-3e6e1e4f9283" testListId="8c84fa94-04c1-424b-9868-57a2d4851a1d" />
    <TestEntry testId="47b4a137-8bc9-7c2a-5673-4b2e5481178a" executionId="064be3a5-8133-4bdb-9290-47a498f539e6" testListId="8c84fa94-04c1-424b-9868-57a2d4851a1d" />
    <TestEntry testId="826a87e2-54cb-8f66-2415-679b61b4af2d" executionId="a1c947b7-7140-46c3-bd56-b632b1e77d74" testListId="8c84fa94-04c1-424b-9868-57a2d4851a1d" />
    <TestEntry testId="f10efdee-50bb-5fe8-4904-e3ec5b447d3d" executionId="410f604b-b334-4777-be46-216d899ecc2e" testListId="8c84fa94-04c1-424b-9868-57a2d4851a1d" />
    <TestEntry testId="eada15cf-25d8-e3de-69d0-6d87e4185346" executionId="0be95373-5212-4ae6-9503-2de939701f9f" testListId="8c84fa94-04c1-424b-9868-57a2d4851a1d" />
    <TestEntry testId="cdf0984f-3cf3-20f5-da34-b64d69ae4745" executionId="39e4933f-6166-4d97-ab55-207b3fa7e0eb" testListId="8c84fa94-04c1-424b-9868-57a2d4851a1d" />
    <TestEntry testId="cfa52c77-4398-1e89-aced-c92f373e2573" executionId="e3d4c746-fae6-4189-9880-ff07b0ef4686" testListId="8c84fa94-04c1-424b-9868-57a2d4851a1d" />
    <TestEntry testId="b5b0e9a2-6f81-4cdb-f449-7bd7809894c1" executionId="44ced35a-0d62-4baf-ab09-30680591d2e4" testListId="8c84fa94-04c1-424b-9868-57a2d4851a1d" />
    <TestEntry testId="3c640002-b9d7-a025-a4b9-fc090fcedd16" executionId="5b4bf9de-8fc7-4fae-a43d-2dd18256a57c" testListId="8c84fa94-04c1-424b-9868-57a2d4851a1d" />
    <TestEntry testId="e7d7de9c-9504-2676-d8d9-60fc2060f57d" executionId="71991e16-3e70-4bc6-ae03-9ab803c858c8" testListId="8c84fa94-04c1-424b-9868-57a2d4851a1d" />
    <TestEntry testId="8b20ce74-44e5-356f-5dcd-0e592465aae0" executionId="8d423d31-53bc-4351-b35d-aa73ae4ad4ed" testListId="8c84fa94-04c1-424b-9868-57a2d4851a1d" />
    <TestEntry testId="8b6f358d-7f4c-dcfa-a4d6-f0db253c2e50" executionId="89cb12d2-e69e-4c1f-b0e5-5ba5d0188204" testListId="8c84fa94-04c1-424b-9868-57a2d4851a1d" />
    <TestEntry testId="6689b8d3-f015-6cad-ed28-0469a4c7a8d7" executionId="e17280c8-8046-4d7e-b332-eef913d1cd1e" testListId="8c84fa94-04c1-424b-9868-57a2d4851a1d" />
    <TestEntry testId="551528b2-7bfa-7d25-130d-60b68a251897" executionId="b3b8c0dc-93e8-45a4-b1ad-d9c8f6d49f84" testListId="8c84fa94-04c1-424b-9868-57a2d4851a1d" />
    <TestEntry testId="693be13e-c78e-31b2-177f-119d8b92923b" executionId="111264c7-1839-4616-a084-71f6dcd11e71" testListId="8c84fa94-04c1-424b-9868-57a2d4851a1d" />
    <TestEntry testId="db096851-4306-ba5c-2b07-1da439a87ba8" executionId="72c60be1-cb58-497d-a5f3-7129c1d86440" testListId="8c84fa94-04c1-424b-9868-57a2d4851a1d" />
    <TestEntry testId="b493ee48-aee6-b8c4-fb06-9bf07d339915" executionId="1c58648f-4468-4211-b7e4-257d4a16f07c" testListId="8c84fa94-04c1-424b-9868-57a2d4851a1d" />
    <TestEntry testId="a2cac393-ab17-86eb-a1f3-8d8b2487cd92" executionId="e8c2ae14-2971-4e83-a778-ac77defb55d9" testListId="8c84fa94-04c1-424b-9868-57a2d4851a1d" />
    <TestEntry testId="640035b9-d386-04e4-6868-6de9cef6e110" executionId="c8e4447c-defc-426b-88f7-2438a8b60bc5" testListId="8c84fa94-04c1-424b-9868-57a2d4851a1d" />
    <TestEntry testId="69e78617-449b-31c3-6d88-28937f38b08f" executionId="da0cd462-370c-4ea4-aa8c-62ee7d68db2d" testListId="8c84fa94-04c1-424b-9868-57a2d4851a1d" />
    <TestEntry testId="6c0e2a33-3c1f-3edc-4ea9-e02fb6b9095d" executionId="2ccad414-5950-4b74-98ea-9ca0f7ef1a29" testListId="8c84fa94-04c1-424b-9868-57a2d4851a1d" />
    <TestEntry testId="bc38c491-c577-9a2c-0eaa-bf48aebd34e1" executionId="8f211d71-7fcd-49bd-b6b2-d182818d8ae1" testListId="8c84fa94-04c1-424b-9868-57a2d4851a1d" />
    <TestEntry testId="03f9670c-9dce-a97b-0676-232191ca6648" executionId="7af5fc66-b298-4327-9d70-2255d7b7ecc2" testListId="8c84fa94-04c1-424b-9868-57a2d4851a1d" />
    <TestEntry testId="78b08126-b131-32ee-0ac3-e7ecb466bf66" executionId="01b339bf-e1dd-47cf-811d-37b5b4d2244c" testListId="8c84fa94-04c1-424b-9868-57a2d4851a1d" />
    <TestEntry testId="d43885cc-e611-1207-1e53-ce5838a967e3" executionId="9fa4121b-9d07-4e4b-a4d4-9ea19d3422dd" testListId="8c84fa94-04c1-424b-9868-57a2d4851a1d" />
    <TestEntry testId="e5ab0fd2-5dea-57e3-87d3-6fdd78ec5de8" executionId="aeb32a33-2e04-490f-b817-231df19749a9" testListId="8c84fa94-04c1-424b-9868-57a2d4851a1d" />
    <TestEntry testId="8a9d1229-39fd-434c-c260-d99472b9032c" executionId="f19cebe7-26d1-4338-84ae-2f6e64c6071e" testListId="8c84fa94-04c1-424b-9868-57a2d4851a1d" />
    <TestEntry testId="aa1d7141-1623-6a7c-8b5b-2f4515f19080" executionId="7bdc072b-f438-4f14-81d7-168bb992173c" testListId="8c84fa94-04c1-424b-9868-57a2d4851a1d" />
    <TestEntry testId="42ae0080-8397-1c9b-d8d3-de787d0fa883" executionId="5e28c953-a135-4bb8-b7e3-a6548cff5987" testListId="8c84fa94-04c1-424b-9868-57a2d4851a1d" />
    <TestEntry testId="00f1acc3-5900-6c56-7cc2-824f168b5c8b" executionId="1225764b-8440-4653-92e9-a45f2446be40" testListId="8c84fa94-04c1-424b-9868-57a2d4851a1d" />
    <TestEntry testId="6059430e-d2e1-c5eb-2f50-3c63bc96810f" executionId="3ee95e27-f54b-4854-8889-9bfe5bcd4ec5" testListId="8c84fa94-04c1-424b-9868-57a2d4851a1d" />
    <TestEntry testId="276ffb1a-e86f-1d1c-c55f-4cd335d5558e" executionId="138ec894-f4e9-4c9c-9459-39899c4defc9" testListId="8c84fa94-04c1-424b-9868-57a2d4851a1d" />
    <TestEntry testId="3fc9d292-620a-8779-191c-2f22c191ff41" executionId="e22aa4d5-0a9f-4c0d-8dc7-ab384c796e11" testListId="8c84fa94-04c1-424b-9868-57a2d4851a1d" />
    <TestEntry testId="2aab748a-8d7a-b944-6322-bb3db73f61d5" executionId="c8dc4df0-30ed-4a7b-962a-3e8921e8925b" testListId="8c84fa94-04c1-424b-9868-57a2d4851a1d" />
    <TestEntry testId="41dcff17-e569-036e-fe85-f97382a800df" executionId="80b4e790-2d46-4ee6-b820-af95cd953578" testListId="8c84fa94-04c1-424b-9868-57a2d4851a1d" />
    <TestEntry testId="59c64405-9a45-f7b9-c1d8-fbd1398eb9ef" executionId="49d9c0f7-c83d-4549-bf54-3d347226aba5" testListId="8c84fa94-04c1-424b-9868-57a2d4851a1d" />
    <TestEntry testId="e70cc913-0900-72d8-b17a-f1bd71c68b39" executionId="f9db65de-84de-4f45-9a69-33a9795344d2" testListId="8c84fa94-04c1-424b-9868-57a2d4851a1d" />
    <TestEntry testId="f00dba1e-0263-ad53-205b-9acfce25800a" executionId="33bec6d6-bfbb-49bf-b40a-a6cddda2e588" testListId="8c84fa94-04c1-424b-9868-57a2d4851a1d" />
    <TestEntry testId="fdaaedda-672a-b198-a8cc-3185554ac435" executionId="432814dd-1bab-4a28-b34b-6b4c768778e2" testListId="8c84fa94-04c1-424b-9868-57a2d4851a1d" />
    <TestEntry testId="53b3e436-fa92-4cb2-edaf-cc93e6c3b2b1" executionId="1d71cda6-96e4-4c2e-b446-480c569acf4c" testListId="8c84fa94-04c1-424b-9868-57a2d4851a1d" />
    <TestEntry testId="bce27689-6bf3-add4-6ee3-0276a1bf31e6" executionId="b3557324-4889-4977-8b60-8b7f5546ce32" testListId="8c84fa94-04c1-424b-9868-57a2d4851a1d" />
    <TestEntry testId="1ff999d6-0dbd-2602-c467-bd17eb243ed3" executionId="dcc4ab71-6efc-4dd7-922b-0bcd96872dc6" testListId="8c84fa94-04c1-424b-9868-57a2d4851a1d" />
    <TestEntry testId="c31ef46d-6984-ba93-c555-f0b24a023cee" executionId="9ad65fa6-2843-41c1-9cbf-7621c51196ed" testListId="8c84fa94-04c1-424b-9868-57a2d4851a1d" />
    <TestEntry testId="cef21791-3ad4-b666-9d19-dc7b06549cb0" executionId="ebea08da-807c-4489-90fe-a162d0afcc5d" testListId="8c84fa94-04c1-424b-9868-57a2d4851a1d" />
    <TestEntry testId="641aca1a-2abf-7981-a075-c62b2603b9a7" executionId="0d520bc1-4f20-4506-840d-a530dd44a071" testListId="8c84fa94-04c1-424b-9868-57a2d4851a1d" />
    <TestEntry testId="6fe84822-de56-270b-9774-fa247582ab1a" executionId="715aed49-269f-41a8-a341-884e2a3c9991" testListId="8c84fa94-04c1-424b-9868-57a2d4851a1d" />
    <TestEntry testId="e91d9f1a-ba83-eecf-603d-fae8f28220cb" executionId="7a4044ad-69f3-44be-92d6-60af1bb509cc" testListId="8c84fa94-04c1-424b-9868-57a2d4851a1d" />
    <TestEntry testId="64a53553-5093-4090-6617-c80919a0aece" executionId="05a7ff1f-2014-4260-9019-2f6b2845f31c" testListId="8c84fa94-04c1-424b-9868-57a2d4851a1d" />
    <TestEntry testId="38399936-2518-9904-e472-e0055551a125" executionId="8e8b54c3-5e44-4ba3-9856-8e2d2307dc28" testListId="8c84fa94-04c1-424b-9868-57a2d4851a1d" />
    <TestEntry testId="47e67ed8-a260-bd0c-85ba-46d82a75faaa" executionId="c9128f40-0132-4c99-b926-09026db13d9f" testListId="8c84fa94-04c1-424b-9868-57a2d4851a1d" />
  </TestEntries>
  <TestLists>
    <TestList name="Results Not in a List" id="8c84fa94-04c1-424b-9868-57a2d4851a1d" />
    <TestList name="All Loaded Results" id="19431567-8539-422a-85d7-44ee4e166bda" />
  </TestLists>
  <ResultSummary outcome="Completed">
    <Counters total="127" executed="127" passed="127" failed="0" error="0" timeout="0" aborted="0" inconclusive="0" passedButRunAborted="0" notRunnable="0" notExecuted="0" disconnected="0" warning="0" completed="0" inProgress="0" pending="0" />
    <Output>
      <StdOut>[xUnit.net 00:00:00.00] xUnit.net VSTest Adapter v2.5.7+8f2703126a (64-bit .NET 10.0.2)&#xD;
[xUnit.net 00:00:00.11]   Discovering: MusicEngineEditor.Tests&#xD;
[xUnit.net 00:00:00.18]   Discovered:  MusicEngineEditor.Tests&#xD;
[xUnit.net 00:00:00.18]   Starting:    MusicEngineEditor.Tests&#xD;
[xUnit.net 00:00:01.84]   Finished:    MusicEngineEditor.Tests&#xD;
</StdOut>
    </Output>
  </ResultSummary>
</TestRun>